=========================================================
Scheduler report file
Generated by stratus_hls 19.12-s100  (91710.131054)
On:          Sun May  2 00:55:03 2021
Project Dir: /home/m109/m109061613/EE6470/test/pipeline/stratus
Module:      ColorTransform
HLS Config:  DPA
=========================================================
Scheduler report for : gen_prev_trig_reg                                                                          
----------------------------------------                                                                                            
                                                                                                                  
Op                    SID(BB;Clocked)  Pipeline Stage  IS     SRCLOC                                              
--                    ---------------  --------------  --     ------                                              
                                                                                                                  
o_grey.m_req.gen_pre  6 (5:FALSE)      --              FALSE  ../ColorTransform.h,l:19,c:37                       
                                                                                                                  
o_grey.m_req.gen_pre  12 (11:FALSE)    --              FALSE  ../ColorTransform.h,l:19,c:37                       
                                                                                                                  
o_grey.m_req.gen_pre  12 (11:FALSE)    --              FALSE  ../ColorTransform.h,l:19,c:37                       
                                                                                                                  
                                                                                                                  
Scheduler report for : gen_active                                                                                 
---------------------------------                                                                                            
                                                                                                                  
Op                    SID(BB;Clocked)  Pipeline Stage  IS     SRCLOC                                              
--                    ---------------  --------------  --     ------                                              
                                                                                                                  
o_grey.m_req.gen_act  4 (3:FALSE)      --              FALSE  ../ColorTransform.h,l:19,c:37                       
                                                                                                                  
o_grey.m_req.gen_act  4 (3:FALSE)      --              FALSE  ../ColorTransform.h,l:19,c:37                       
                                                                                                                  
o_grey.m_req.gen_act  4 (3:FALSE)      --              FALSE  ../ColorTransform.h,l:19,c:37                       
                                                                                                                  
o_grey.m_req.gen_act  4 (3:FALSE)      --              FALSE  ../ColorTransform.h,l:19,c:37                       
                                                                                                                  
                                                                                                                  
Scheduler report for : gen_vld                                                                                    
------------------------------                                                                                            
                                                                                                                  
Op                    SID(BB;Clocked)  Pipeline Stage  IS     SRCLOC                                              
--                    ---------------  --------------  --     ------                                              
                                                                                                                  
o_grey.gen_vld        4 (3:FALSE)      --              FALSE  ../ColorTransform.h,l:19,c:37                       
                                                                                                                  
o_grey.gen_vld        4 (3:FALSE)      --              FALSE  ../ColorTransform.h,l:19,c:37                       
                                                                                                                  
o_grey.gen_vld        4 (3:FALSE)      --              FALSE  ../ColorTransform.h,l:19,c:37                       
                                                                                                                  
o_grey.gen_vld        4 (3:FALSE)      --              FALSE  ../ColorTransform.h,l:19,c:37                       
                                                                                                                  
                                                                                                                  
Scheduler report for : gen_next_trig_reg                                                                          
----------------------------------------                                                                                            
                                                                                                                  
Op                    SID(BB;Clocked)  Pipeline Stage  IS     SRCLOC                                              
--                    ---------------  --------------  --     ------                                              
                                                                                                                  
o_grey.m_req.gen_nex  3 (2:TRUE)       --              FALSE  ../ColorTransform.h,l:19,c:37                       
                                                                                                                  
o_grey.m_req.gen_nex  3 (2:TRUE)       --              FALSE  ../ColorTransform.h,l:19,c:37                       
                                                                                                                  
o_grey.m_req.gen_nex  3 (2:TRUE)       --              FALSE  ../ColorTransform.h,l:19,c:37                       
                                                                                                                  
                                                                                                                  
Scheduler report for : gen_unvalidated_req                                                                        
------------------------------------------                                                                                            
                                                                                                                  
Op                    SID(BB;Clocked)  Pipeline Stage  IS     SRCLOC                                              
--                    ---------------  --------------  --     ------                                              
                                                                                                                  
i_rgb.gen_unvalidate  8 (7:FALSE)      --              FALSE  ../ColorTransform.h,l:18,c:36                       
                                                                                                                  
i_rgb                 10 (9:FALSE)     --              FALSE  ../ColorTransform.h,l:18,c:36                       
                                                                                                                  
i_rgb.gen_unvalidate  11 (10:TRUE)     --              FALSE  ../ColorTransform.h,l:18,c:36                       
                                                                                                                  
i_rgb.gen_unvalidate  14 (13:FALSE)    --              FALSE  ../ColorTransform.h,l:18,c:36                       
                                                                                                                  
i_rgb.gen_unvalidate  14 (13:FALSE)    --              FALSE  ../ColorTransform.h,l:18,c:36                       
                                                                                                                  
i_rgb.gen_unvalidate  14 (13:FALSE)    --              FALSE  ../ColorTransform.h,l:18,c:36                       
                                                                                                                  
i_rgb.gen_unvalidate  14 (13:FALSE)    --              FALSE  ../ColorTransform.h,l:18,c:36                       
                                                                                                                  
                                                                                                                  
Scheduler report for : gen_do_stall_reg_full                                                                      
--------------------------------------------                                                                                            
                                                                                                                  
Op                    SID(BB;Clocked)  Pipeline Stage  IS     SRCLOC                                              
--                    ---------------  --------------  --     ------                                              
                                                                                                                  
i_rgb.gen_do_stall_r  6 (5:FALSE)      --              FALSE  ../ColorTransform.h,l:18,c:36                       
                                                                                                                  
i_rgb.gen_do_stall_r  12 (11:FALSE)    --              FALSE  ../ColorTransform.h,l:18,c:36                       
                                                                                                                  
i_rgb.gen_do_stall_r  12 (11:FALSE)    --              FALSE  ../ColorTransform.h,l:18,c:36                       
                                                                                                                  
i_rgb.gen_do_stall_r  12 (11:FALSE)    --              FALSE  ../ColorTransform.h,l:18,c:36                       
                                                                                                                  
i_rgb.gen_do_stall_r  12 (11:FALSE)    --              FALSE  ../ColorTransform.h,l:18,c:36                       
                                                                                                                  
                                                                                                                  
Scheduler report for : transform_rgb_to_grey                                                                      
--------------------------------------------                                                                                            
                                                                                                                  
Op                    SID(BB;Clocked)  Pipeline Stage  IS     SRCLOC                                              
--                    ---------------  --------------  --     ------                                              
                                                                                                                  
i_rgb.m_busy_req_0.r  3 (2:FALSE)      --              FALSE  @(f:../ColorTransform.h,l:18,c:36->f:/usr/cadtool/  
                                                                                                                  
i_rgb.m_stalling.res  3 (2:FALSE)      --              FALSE  @(f:../ColorTransform.h,l:18,c:36->f:/usr/cadtool/  
                                                                                                                  
o_grey.m_req.m_trig_  3 (2:FALSE)      --              FALSE  @(f:../ColorTransform.h,l:19,c:37->f:/usr/cadtool/  
                                                                                                                  
i_rgb.m_busy_req_0.g  6 (5:FALSE)      --              FALSE  @(f:../ColorTransform.h,l:18,c:36->f:/usr/cadtool/  
                                                                                                                  
i_rgb                 8 (7:TRUE)       --              FALSE  ../ColorTransform.h,l:18,c:36                       
                                                                                                                  
transform_rgb_to_gre  8 (7:TRUE)       --              FALSE  ../ColorTransform.cpp,l:20,c:22 mapped              
                                                                                                                  
i_rgb.m_busy_req_0.g  9 (8:FALSE)      --              FALSE  @(f:../ColorTransform.h,l:18,c:36->f:/usr/cadtool/  
                                                                                                                  
i_rgb.data.get::nb_g  11 (10:FALSE)    --              FALSE  @(f:../ColorTransform.h,l:18,c:36->f:/usr/cadtool/  
                                                                                                                  
f:../ColorTransform.  11 (10:FALSE)    --              FALSE  & c:58 & c:46 & c:42 & c:40 & c:28 & c:24 & c:22    
                                                                                                                  
f:../ColorTransform.  11 (10:FALSE)    --              FALSE  & c:65                                              
                                                                                                                  
o_grey.data.put::nb_  13 (12:FALSE)    --              FALSE  @(f:../ColorTransform.h,l:19,c:37->f:/usr/cadtool/  
                                                                                                                  
o_grey                13 (12:FALSE)    --              FALSE  ../ColorTransform.h,l:19,c:37                       
                                                                                                                  
o_grey.m_req.m_trig_  13 (12:FALSE)    --              FALSE  @(f:../ColorTransform.h,l:19,c:37->f:/usr/cadtool/  
                                                                                                                  
o_grey                15 (14:TRUE)     --              FALSE  ../ColorTransform.h,l:19,c:37                       
                                                                                                                  
transform_rgb_to_gre  15 (14:TRUE)     --              FALSE  ../ColorTransform.cpp,l:20,c:22 mapped              
                                                                                                                  
                                                                                                                  
Scheduler report for : gen_stalling                                                                               
-----------------------------------                                                                                            
                                                                                                                  
Op                    SID(BB;Clocked)  Pipeline Stage  IS     SRCLOC                                              
--                    ---------------  --------------  --     ------                                              
                                                                                                                  
o_grey.gen_stalling   5 (4:TRUE)       --              FALSE  ../ColorTransform.h,l:19,c:37                       
                                                                                                                  
o_grey.gen_stalling   6 (5:FALSE)      --              FALSE  ../ColorTransform.h,l:19,c:37                       
                                                                                                                  
o_grey.gen_stalling   6 (5:FALSE)      --              FALSE  ../ColorTransform.h,l:19,c:37                       
                                                                                                                  
o_grey.gen_stalling   6 (5:FALSE)      --              FALSE  ../ColorTransform.h,l:19,c:37                       
                                                                                                                  
                                                                                                                  
Scheduler report for : gen_unacked_req                                                                            
--------------------------------------                                                                                            
                                                                                                                  
Op                    SID(BB;Clocked)  Pipeline Stage  IS     SRCLOC                                              
--                    ---------------  --------------  --     ------                                              
                                                                                                                  
o_grey.gen_unacked_r  6 (5:FALSE)      --              FALSE  ../ColorTransform.h,l:19,c:37                       
                                                                                                                  
o_grey.gen_unacked_r  12 (11:FALSE)    --              FALSE  ../ColorTransform.h,l:19,c:37                       
                                                                                                                  
o_grey.gen_unacked_r  12 (11:FALSE)    --              FALSE  ../ColorTransform.h,l:19,c:37                       
                                                                                                                  
                                                                                                                  
Scheduler report for : gen_do_reg_vld                                                                             
-------------------------------------                                                                                            
                                                                                                                  
Op                    SID(BB;Clocked)  Pipeline Stage  IS     SRCLOC                                              
--                    ---------------  --------------  --     ------                                              
                                                                                                                  
i_rgb.gen_do_reg_vld  8 (7:FALSE)      --              FALSE  ../ColorTransform.h,l:18,c:36                       
                                                                                                                  
i_rgb                 10 (9:FALSE)     --              FALSE  ../ColorTransform.h,l:18,c:36                       
                                                                                                                  
i_rgb.gen_do_reg_vld  11 (10:TRUE)     --              FALSE  ../ColorTransform.h,l:18,c:36                       
                                                                                                                  
i_rgb.gen_do_reg_vld  14 (13:FALSE)    --              FALSE  ../ColorTransform.h,l:18,c:36                       
                                                                                                                  
i_rgb.gen_do_reg_vld  14 (13:FALSE)    --              FALSE  ../ColorTransform.h,l:18,c:36                       
                                                                                                                  
i_rgb.gen_do_reg_vld  14 (13:FALSE)    --              FALSE  ../ColorTransform.h,l:18,c:36                       
                                                                                                                  
i_rgb.gen_do_reg_vld  14 (13:FALSE)    --              FALSE  ../ColorTransform.h,l:18,c:36                       
                                                                                                                  
                                                                                                                  
Scheduler report for : gen_busy                                                                                   
-------------------------------                                                                                            
                                                                                                                  
Op                    SID(BB;Clocked)  Pipeline Stage  IS     SRCLOC                                              
--                    ---------------  --------------  --     ------                                              
                                                                                                                  
i_rgb.gen_busy::use_  7 (6:FALSE)      --              FALSE  ../ColorTransform.h,l:18,c:36                       
                                                                                                                  
i_rgb.gen_busy        7 (6:FALSE)      --              FALSE  ../ColorTransform.h,l:18,c:36                       
                                                                                                                  
i_rgb.gen_busy        7 (6:FALSE)      --              FALSE  ../ColorTransform.h,l:18,c:36                       
                                                                                                                  
i_rgb.gen_busy        7 (6:FALSE)      --              FALSE  ../ColorTransform.h,l:18,c:36                       
                                                                                                                  
i_rgb.gen_busy        7 (6:FALSE)      --              FALSE  ../ColorTransform.h,l:18,c:36                       
                                                                                                                  
i_rgb.gen_busy        7 (6:FALSE)      --              FALSE  ../ColorTransform.h,l:18,c:36                       
                                                                                                                  
i_rgb.gen_busy        7 (6:FALSE)      --              FALSE  ../ColorTransform.h,l:18,c:36                       
                                                                                                                  
i_rgb.gen_busy        8 (7:FALSE)      --              FALSE  ../ColorTransform.h,l:18,c:36                       
                                                                                                                  
i_rgb.gen_busy        8 (7:FALSE)      --              FALSE  ../ColorTransform.h,l:18,c:36                       
                                                                                                                  
i_rgb.gen_busy        8 (7:FALSE)      --              FALSE  ../ColorTransform.h,l:18,c:36                       
                                                                                                                  
i_rgb.gen_busy        8 (7:FALSE)      --              FALSE  ../ColorTransform.h,l:18,c:36                       
                                                                                                                  
                                                                                                                  
