=========================================================
Scheduler report file
Generated by stratus_hls 19.12-s100  (91710.131054)
On:          Wed May  5 00:12:40 2021
Project Dir: /home/m109/m109061613/EE6470/test/batch/stratus
Module:      SobelFilter
HLS Config:  BASIC
=========================================================
Scheduler report for : gen_prev_trig_reg_0                                                                        
------------------------------------------                                                                                            
                                                                                                                  
Op                    SID(BB;Clocked)  Pipeline Stage  IS     SRCLOC                                              
--                    ---------------  --------------  --     ------                                              
                                                                                                                  
o_result_r.m_req.gen  6 (5:FALSE)      --              FALSE  ../SobelFilter.h,l:22,c:36                          
                                                                                                                  
o_result_r.m_req.gen  12 (11:FALSE)    --              FALSE  ../SobelFilter.h,l:22,c:36                          
                                                                                                                  
o_result_r.m_req.gen  12 (11:FALSE)    --              FALSE  ../SobelFilter.h,l:22,c:36                          
                                                                                                                  
                                                                                                                  
Scheduler report for : gen_prev_trig_reg_1                                                                        
------------------------------------------                                                                                            
                                                                                                                  
Op                    SID(BB;Clocked)  Pipeline Stage  IS     SRCLOC                                              
--                    ---------------  --------------  --     ------                                              
                                                                                                                  
o_result_g.m_req.gen  6 (5:FALSE)      --              FALSE  ../SobelFilter.h,l:23,c:36                          
                                                                                                                  
o_result_g.m_req.gen  12 (11:FALSE)    --              FALSE  ../SobelFilter.h,l:23,c:36                          
                                                                                                                  
o_result_g.m_req.gen  12 (11:FALSE)    --              FALSE  ../SobelFilter.h,l:23,c:36                          
                                                                                                                  
                                                                                                                  
Scheduler report for : gen_prev_trig_reg_2                                                                        
------------------------------------------                                                                                            
                                                                                                                  
Op                    SID(BB;Clocked)  Pipeline Stage  IS     SRCLOC                                              
--                    ---------------  --------------  --     ------                                              
                                                                                                                  
o_result_b.m_req.gen  6 (5:FALSE)      --              FALSE  ../SobelFilter.h,l:24,c:36                          
                                                                                                                  
o_result_b.m_req.gen  12 (11:FALSE)    --              FALSE  ../SobelFilter.h,l:24,c:36                          
                                                                                                                  
o_result_b.m_req.gen  12 (11:FALSE)    --              FALSE  ../SobelFilter.h,l:24,c:36                          
                                                                                                                  
                                                                                                                  
Scheduler report for : gen_active_0                                                                               
-----------------------------------                                                                                            
                                                                                                                  
Op                    SID(BB;Clocked)  Pipeline Stage  IS     SRCLOC                                              
--                    ---------------  --------------  --     ------                                              
                                                                                                                  
o_result_r.m_req.gen  4 (3:FALSE)      --              FALSE  ../SobelFilter.h,l:22,c:36                          
                                                                                                                  
o_result_r.m_req.gen  4 (3:FALSE)      --              FALSE  ../SobelFilter.h,l:22,c:36                          
                                                                                                                  
o_result_r.m_req.gen  4 (3:FALSE)      --              FALSE  ../SobelFilter.h,l:22,c:36                          
                                                                                                                  
o_result_r.m_req.gen  4 (3:FALSE)      --              FALSE  ../SobelFilter.h,l:22,c:36                          
                                                                                                                  
                                                                                                                  
Scheduler report for : gen_vld_0                                                                                  
--------------------------------                                                                                            
                                                                                                                  
Op                    SID(BB;Clocked)  Pipeline Stage  IS     SRCLOC                                              
--                    ---------------  --------------  --     ------                                              
                                                                                                                  
o_result_r.gen_vld    4 (3:FALSE)      --              FALSE  ../SobelFilter.h,l:22,c:36                          
                                                                                                                  
o_result_r.gen_vld    4 (3:FALSE)      --              FALSE  ../SobelFilter.h,l:22,c:36                          
                                                                                                                  
o_result_r.gen_vld    4 (3:FALSE)      --              FALSE  ../SobelFilter.h,l:22,c:36                          
                                                                                                                  
o_result_r.gen_vld    4 (3:FALSE)      --              FALSE  ../SobelFilter.h,l:22,c:36                          
                                                                                                                  
                                                                                                                  
Scheduler report for : gen_next_trig_reg_0                                                                        
------------------------------------------                                                                                            
                                                                                                                  
Op                    SID(BB;Clocked)  Pipeline Stage  IS     SRCLOC                                              
--                    ---------------  --------------  --     ------                                              
                                                                                                                  
o_result_r.m_req.gen  3 (2:TRUE)       --              FALSE  ../SobelFilter.h,l:22,c:36                          
                                                                                                                  
o_result_r.m_req.gen  3 (2:TRUE)       --              FALSE  ../SobelFilter.h,l:22,c:36                          
                                                                                                                  
o_result_r.m_req.gen  3 (2:TRUE)       --              FALSE  ../SobelFilter.h,l:22,c:36                          
                                                                                                                  
                                                                                                                  
Scheduler report for : gen_active_1                                                                               
-----------------------------------                                                                                            
                                                                                                                  
Op                    SID(BB;Clocked)  Pipeline Stage  IS     SRCLOC                                              
--                    ---------------  --------------  --     ------                                              
                                                                                                                  
o_result_g.m_req.gen  4 (3:FALSE)      --              FALSE  ../SobelFilter.h,l:23,c:36                          
                                                                                                                  
o_result_g.m_req.gen  4 (3:FALSE)      --              FALSE  ../SobelFilter.h,l:23,c:36                          
                                                                                                                  
o_result_g.m_req.gen  4 (3:FALSE)      --              FALSE  ../SobelFilter.h,l:23,c:36                          
                                                                                                                  
o_result_g.m_req.gen  4 (3:FALSE)      --              FALSE  ../SobelFilter.h,l:23,c:36                          
                                                                                                                  
                                                                                                                  
Scheduler report for : gen_vld_1                                                                                  
--------------------------------                                                                                            
                                                                                                                  
Op                    SID(BB;Clocked)  Pipeline Stage  IS     SRCLOC                                              
--                    ---------------  --------------  --     ------                                              
                                                                                                                  
o_result_g.gen_vld    4 (3:FALSE)      --              FALSE  ../SobelFilter.h,l:23,c:36                          
                                                                                                                  
o_result_g.gen_vld    4 (3:FALSE)      --              FALSE  ../SobelFilter.h,l:23,c:36                          
                                                                                                                  
o_result_g.gen_vld    4 (3:FALSE)      --              FALSE  ../SobelFilter.h,l:23,c:36                          
                                                                                                                  
o_result_g.gen_vld    4 (3:FALSE)      --              FALSE  ../SobelFilter.h,l:23,c:36                          
                                                                                                                  
                                                                                                                  
Scheduler report for : gen_next_trig_reg_1                                                                        
------------------------------------------                                                                                            
                                                                                                                  
Op                    SID(BB;Clocked)  Pipeline Stage  IS     SRCLOC                                              
--                    ---------------  --------------  --     ------                                              
                                                                                                                  
o_result_g.m_req.gen  3 (2:TRUE)       --              FALSE  ../SobelFilter.h,l:23,c:36                          
                                                                                                                  
o_result_g.m_req.gen  3 (2:TRUE)       --              FALSE  ../SobelFilter.h,l:23,c:36                          
                                                                                                                  
o_result_g.m_req.gen  3 (2:TRUE)       --              FALSE  ../SobelFilter.h,l:23,c:36                          
                                                                                                                  
                                                                                                                  
Scheduler report for : gen_active_2                                                                               
-----------------------------------                                                                                            
                                                                                                                  
Op                    SID(BB;Clocked)  Pipeline Stage  IS     SRCLOC                                              
--                    ---------------  --------------  --     ------                                              
                                                                                                                  
o_result_b.m_req.gen  4 (3:FALSE)      --              FALSE  ../SobelFilter.h,l:24,c:36                          
                                                                                                                  
o_result_b.m_req.gen  4 (3:FALSE)      --              FALSE  ../SobelFilter.h,l:24,c:36                          
                                                                                                                  
o_result_b.m_req.gen  4 (3:FALSE)      --              FALSE  ../SobelFilter.h,l:24,c:36                          
                                                                                                                  
o_result_b.m_req.gen  4 (3:FALSE)      --              FALSE  ../SobelFilter.h,l:24,c:36                          
                                                                                                                  
                                                                                                                  
Scheduler report for : gen_vld_2                                                                                  
--------------------------------                                                                                            
                                                                                                                  
Op                    SID(BB;Clocked)  Pipeline Stage  IS     SRCLOC                                              
--                    ---------------  --------------  --     ------                                              
                                                                                                                  
o_result_b.gen_vld    4 (3:FALSE)      --              FALSE  ../SobelFilter.h,l:24,c:36                          
                                                                                                                  
o_result_b.gen_vld    4 (3:FALSE)      --              FALSE  ../SobelFilter.h,l:24,c:36                          
                                                                                                                  
o_result_b.gen_vld    4 (3:FALSE)      --              FALSE  ../SobelFilter.h,l:24,c:36                          
                                                                                                                  
o_result_b.gen_vld    4 (3:FALSE)      --              FALSE  ../SobelFilter.h,l:24,c:36                          
                                                                                                                  
                                                                                                                  
Scheduler report for : gen_next_trig_reg_2                                                                        
------------------------------------------                                                                                            
                                                                                                                  
Op                    SID(BB;Clocked)  Pipeline Stage  IS     SRCLOC                                              
--                    ---------------  --------------  --     ------                                              
                                                                                                                  
o_result_b.m_req.gen  3 (2:TRUE)       --              FALSE  ../SobelFilter.h,l:24,c:36                          
                                                                                                                  
o_result_b.m_req.gen  3 (2:TRUE)       --              FALSE  ../SobelFilter.h,l:24,c:36                          
                                                                                                                  
o_result_b.m_req.gen  3 (2:TRUE)       --              FALSE  ../SobelFilter.h,l:24,c:36                          
                                                                                                                  
                                                                                                                  
Scheduler report for : gen_unvalidated_req                                                                        
------------------------------------------                                                                                            
                                                                                                                  
Op                    SID(BB;Clocked)  Pipeline Stage  IS     SRCLOC                                              
--                    ---------------  --------------  --     ------                                              
                                                                                                                  
i_rgb.gen_unvalidate  8 (7:FALSE)      --              FALSE  ../SobelFilter.h,l:21,c:36                          
                                                                                                                  
i_rgb                 10 (9:FALSE)     --              FALSE  ../SobelFilter.h,l:21,c:36                          
                                                                                                                  
i_rgb.gen_unvalidate  11 (10:TRUE)     --              FALSE  ../SobelFilter.h,l:21,c:36                          
                                                                                                                  
i_rgb.gen_unvalidate  14 (13:FALSE)    --              FALSE  ../SobelFilter.h,l:21,c:36                          
                                                                                                                  
i_rgb.gen_unvalidate  14 (13:FALSE)    --              FALSE  ../SobelFilter.h,l:21,c:36                          
                                                                                                                  
i_rgb.gen_unvalidate  14 (13:FALSE)    --              FALSE  ../SobelFilter.h,l:21,c:36                          
                                                                                                                  
i_rgb.gen_unvalidate  14 (13:FALSE)    --              FALSE  ../SobelFilter.h,l:21,c:36                          
                                                                                                                  
                                                                                                                  
Scheduler report for : gen_do_stall_reg_full                                                                      
--------------------------------------------                                                                                            
                                                                                                                  
Op                    SID(BB;Clocked)  Pipeline Stage  IS     SRCLOC                                              
--                    ---------------  --------------  --     ------                                              
                                                                                                                  
i_rgb.gen_do_stall_r  6 (5:FALSE)      --              FALSE  ../SobelFilter.h,l:21,c:36                          
                                                                                                                  
i_rgb.gen_do_stall_r  12 (11:FALSE)    --              FALSE  ../SobelFilter.h,l:21,c:36                          
                                                                                                                  
i_rgb.gen_do_stall_r  12 (11:FALSE)    --              FALSE  ../SobelFilter.h,l:21,c:36                          
                                                                                                                  
i_rgb.gen_do_stall_r  12 (11:FALSE)    --              FALSE  ../SobelFilter.h,l:21,c:36                          
                                                                                                                  
i_rgb.gen_do_stall_r  12 (11:FALSE)    --              FALSE  ../SobelFilter.h,l:21,c:36                          
                                                                                                                  
                                                                                                                  
Scheduler report for : do_filter                                                                                  
--------------------------------                                                                                            
                                                                                                                  
Op                    SID(BB;Clocked)  Pipeline Stage  IS     SRCLOC                                              
--                    ---------------  --------------  --     ------                                              
                                                                                                                  
i_rgb.m_busy_req_0.r  9 (8:FALSE)      --              FALSE  @(f:../SobelFilter.h,l:21,c:36->f:/usr/cadtool/cad  
                                                                                                                  
i_rgb.m_stalling.res  9 (8:FALSE)      --              FALSE  @(f:../SobelFilter.h,l:21,c:36->f:/usr/cadtool/cad  
                                                                                                                  
o_result_r.m_req.m_t  9 (8:FALSE)      --              FALSE  @(f:../SobelFilter.h,l:22,c:36->f:/usr/cadtool/cad  
                                                                                                                  
o_result_g.m_req.m_t  9 (8:FALSE)      --              FALSE  @(f:../SobelFilter.h,l:23,c:36->f:/usr/cadtool/cad  
                                                                                                                  
o_result_b.m_req.m_t  9 (8:FALSE)      --              FALSE  @(f:../SobelFilter.h,l:24,c:36->f:/usr/cadtool/cad  
                                                                                                                  
y                     10 (9:TRUE)      --              FALSE  ../SobelFilter.cpp,l:76,c:9 -> l:92,c:7             
                                                                                                                  
y                     12 (11:FALSE)    --              FALSE  ../SobelFilter.cpp,l:76,c:9 -> l:92,c:21            
                                                                                                                  
from_tb_r             12 (11:FALSE)    --              FALSE  ../SobelFilter.cpp,l:73,c:13 -> l:92,c:2            
                                                                                                                  
from_tb_g             12 (11:FALSE)    --              FALSE  ../SobelFilter.cpp,l:74,c:13 -> l:92,c:2            
                                                                                                                  
from_tb_b             12 (11:FALSE)    --              FALSE  ../SobelFilter.cpp,l:75,c:13 -> l:92,c:2            
                                                                                                                  
x                     12 (11:FALSE)    --              FALSE  ../SobelFilter.cpp,l:76,c:6 -> l:94,c:8             
                                                                                                                  
                      12 (11:FALSE)    --              FALSE  f:../SobelFilter.cpp,l:92,c:22                      
                                                                                                                  
x                     13 (12:FALSE)    --              FALSE  ../SobelFilter.cpp,l:76,c:6 -> l:94,c:24            
                                                                                                                  
from_tb_r             13 (12:FALSE)    --              FALSE  ../SobelFilter.cpp,l:73,c:13 -> l:104,c:16          
                                                                                                                  
from_tb_g             13 (12:FALSE)    --              FALSE  ../SobelFilter.cpp,l:74,c:13 -> l:105,c:16          
                                                                                                                  
from_tb_b             13 (12:FALSE)    --              FALSE  ../SobelFilter.cpp,l:75,c:13 -> l:106,c:16          
                                                                                                                  
i_rgb.m_busy_req_0.g  14 (13:FALSE)    --              FALSE  @(f:../SobelFilter.h,l:21,c:36->f:/usr/cadtool/cad  
                                                                                                                  
i_rgb                 16 (15:TRUE)     --              FALSE  ../SobelFilter.h,l:21,c:36                          
                                                                                                                  
do_filter::get        16 (15:TRUE)     --              FALSE  ../SobelFilter.cpp,l:65,c:19 mapped                 
                                                                                                                  
                      16 (15:TRUE)     --              FALSE  f:../SobelFilter.cpp,l:94,c:25                      
                                                                                                                  
                      16 (15:TRUE)     --              FALSE  f:../SobelFilter.cpp,l:94,c:17                      
                                                                                                                  
i_rgb.m_busy_req_0.g  17 (16:FALSE)    --              FALSE  @(f:../SobelFilter.h,l:21,c:36->f:/usr/cadtool/cad  
                                                                                                                  
CynTemp_12            19 (18:FALSE)    --              FALSE  ../SobelFilter.cpp,l:106,c:16                       
                                                                                                                  
CynTemp_11            19 (18:FALSE)    --              FALSE  ../SobelFilter.cpp,l:105,c:16                       
                                                                                                                  
CynTemp_10            19 (18:FALSE)    --              FALSE  ../SobelFilter.cpp,l:104,c:16                       
                                                                                                                  
i_rgb.data.get::nb_g  19 (18:FALSE)    --              FALSE  @(f:../SobelFilter.h,l:21,c:36->f:/usr/cadtool/cad  
                                                                                                                  
from_tb_r             20 (19:TRUE)     --              FALSE  ../SobelFilter.cpp,l:73,c:13 -> l:104,c:16          
                                                                                                                  
from_tb_g             20 (19:TRUE)     --              FALSE  ../SobelFilter.cpp,l:74,c:13 -> l:105,c:16          
                                                                                                                  
from_tb_b             20 (19:TRUE)     --              FALSE  ../SobelFilter.cpp,l:75,c:13 -> l:106,c:16          
                                                                                                                  
                      22 (21:FALSE)    --              FALSE  f:../SobelFilter.cpp,l:92,c:16                      
                                                                                                                  
x                     25 (24:FALSE)    --              FALSE  ../SobelFilter.cpp,l:76,c:6 -> l:114,c:8            
                                                                                                                  
from_tb_r             25 (24:FALSE)    --              FALSE  ../SobelFilter.cpp,l:73,c:13 -> l:111,c:2           
                                                                                                                  
from_tb_g             25 (24:FALSE)    --              FALSE  ../SobelFilter.cpp,l:74,c:13 -> l:111,c:2           
                                                                                                                  
from_tb_b             25 (24:FALSE)    --              FALSE  ../SobelFilter.cpp,l:75,c:13 -> l:111,c:2           
                                                                                                                  
filter2               25 (24:FALSE)    --              FALSE  ../SobelFilter.cpp,l:56,c:11 -> l:111,c:2           
                                                                                                                  
from_tb_r             26 (25:FALSE)    --              FALSE  ../SobelFilter.cpp,l:73,c:13 -> l:125,c:16          
                                                                                                                  
from_tb_g             26 (25:FALSE)    --              FALSE  ../SobelFilter.cpp,l:74,c:13 -> l:126,c:16          
                                                                                                                  
from_tb_b             26 (25:FALSE)    --              FALSE  ../SobelFilter.cpp,l:75,c:13 -> l:127,c:16          
                                                                                                                  
x                     26 (25:FALSE)    --              FALSE  ../SobelFilter.cpp,l:76,c:6 -> l:114,c:24           
                                                                                                                  
i_rgb.m_busy_req_0.g  27 (26:FALSE)    --              FALSE  @(f:../SobelFilter.h,l:21,c:36->f:/usr/cadtool/cad  
                                                                                                                  
i_rgb                 29 (28:TRUE)     --              FALSE  ../SobelFilter.h,l:21,c:36                          
                                                                                                                  
do_filter::get        29 (28:TRUE)     --              FALSE  ../SobelFilter.cpp,l:65,c:19 mapped                 
                                                                                                                  
from_tb_r             29 (28:TRUE)     --              FALSE  ../SobelFilter.cpp,l:73,c:13 -> l:125,c:16          
                                                                                                                  
i_rgb.m_busy_req_0.g  30 (29:FALSE)    --              FALSE  @(f:../SobelFilter.h,l:21,c:36->f:/usr/cadtool/cad  
                                                                                                                  
i_rgb.data.get::nb_g  32 (31:FALSE)    --              FALSE  @(f:../SobelFilter.h,l:21,c:36->f:/usr/cadtool/cad  
                                                                                                                  
from_tb_g             33 (32:TRUE)     --              FALSE  ../SobelFilter.cpp,l:74,c:13 -> l:126,c:16          
                                                                                                                  
from_tb_r             33 (32:TRUE)     --              FALSE  ../SobelFilter.cpp,l:73,c:13 -> l:125,c:16          
                                                                                                                  
                      34 (32:TRUE)     --              FALSE  f:../SobelFilter.cpp,l:114,c:25                     
                                                                                                                  
from_tb_b             34 (32:TRUE)     --              FALSE  ../SobelFilter.cpp,l:75,c:13 -> l:127,c:16          
                                                                                                                  
from_tb_g             34 (32:TRUE)     --              FALSE  ../SobelFilter.cpp,l:74,c:13 -> l:126,c:16          
                                                                                                                  
                      35 (32:TRUE)     --              FALSE  f:../SobelFilter.cpp,l:114,c:17                     
                                                                                                                  
from_tb_b             35 (32:TRUE)     --              FALSE  ../SobelFilter.cpp,l:75,c:13 -> l:127,c:16          
                                                                                                                  
x                     35 (32:TRUE)     --              FALSE  ../SobelFilter.cpp,l:131,c:12 -> c:14               
                                                                                                                  
v                     38 (35:FALSE)    --              FALSE  ../SobelFilter.cpp,l:67,c:13 -> l:136,c:9           
                                                                                                                  
R                     38 (35:FALSE)    --              FALSE  ../SobelFilter.cpp,l:70,c:7 -> l:135,c:4            
                                                                                                                  
G                     38 (35:FALSE)    --              FALSE  ../SobelFilter.cpp,l:70,c:10 -> l:135,c:8           
                                                                                                                  
B                     38 (35:FALSE)    --              FALSE  ../SobelFilter.cpp,l:70,c:13 -> l:135,c:12          
                                                                                                                  
from_tb_r             38 (35:FALSE)    --              FALSE  ../SobelFilter.cpp,l:73,c:13 -> l:131,c:3           
                                                                                                                  
from_tb_g             38 (35:FALSE)    --              FALSE  ../SobelFilter.cpp,l:74,c:13 -> l:131,c:3           
                                                                                                                  
from_tb_b             38 (35:FALSE)    --              FALSE  ../SobelFilter.cpp,l:75,c:13 -> l:131,c:3           
                                                                                                                  
x                     38 (35:FALSE)    --              FALSE  ../SobelFilter.cpp,l:131,c:12 -> c:28               
                                                                                                                  
filter2               38 (35:FALSE)    --              FALSE  ../SobelFilter.cpp,l:56,c:11 -> l:131,c:3           
                                                                                                                  
                      38 (35:FALSE)    --              FALSE  f:../SobelFilter.cpp,l:131,c:29                     
                                                                                                                  
u                     39 (36:FALSE)    --              FALSE  ../SobelFilter.cpp,l:67,c:16 -> l:138,c:10          
                                                                                                                  
from_tb_r             39 (36:FALSE)    --              FALSE  ../SobelFilter.cpp,l:73,c:13 -> l:136,c:4           
                                                                                                                  
from_tb_g             39 (36:FALSE)    --              FALSE  ../SobelFilter.cpp,l:74,c:13 -> l:136,c:4           
                                                                                                                  
from_tb_b             39 (36:FALSE)    --              FALSE  ../SobelFilter.cpp,l:75,c:13 -> l:136,c:4           
                                                                                                                  
B                     39 (36:FALSE)    --              FALSE  ../SobelFilter.cpp,l:70,c:13 -> l:136,c:4           
                                                                                                                  
G                     39 (36:FALSE)    --              FALSE  ../SobelFilter.cpp,l:70,c:10 -> l:136,c:4           
                                                                                                                  
R                     39 (36:FALSE)    --              FALSE  ../SobelFilter.cpp,l:70,c:7 -> l:136,c:4            
                                                                                                                  
v                     39 (36:FALSE)    --              FALSE  ../SobelFilter.cpp,l:67,c:13 -> l:136,c:34          
                                                                                                                  
filter2               39 (36:FALSE)    --              FALSE  ../SobelFilter.cpp,l:56,c:11 -> l:136,c:4           
                                                                                                                  
from_tb_r             40 (37:FALSE)    --              FALSE  ../SobelFilter.cpp,l:73,c:13 -> l:142,c:26          
                                                                                                                  
from_tb_g             40 (37:FALSE)    --              FALSE  ../SobelFilter.cpp,l:74,c:13 -> l:142,c:52          
                                                                                                                  
from_tb_b             40 (37:FALSE)    --              FALSE  ../SobelFilter.cpp,l:75,c:13 -> l:142,c:78          
                                                                                                                  
B                     40 (37:FALSE)    --              FALSE  ../SobelFilter.cpp,l:70,c:13 -> l:144,c:7           
                                                                                                                  
G                     40 (37:FALSE)    --              FALSE  ../SobelFilter.cpp,l:70,c:10 -> l:143,c:7           
                                                                                                                  
R                     40 (37:FALSE)    --              FALSE  ../SobelFilter.cpp,l:70,c:7 -> l:142,c:7            
                                                                                                                  
u                     40 (37:FALSE)    --              FALSE  ../SobelFilter.cpp,l:67,c:16 -> l:138,c:34          
                                                                                                                  
filter2               40 (37:FALSE)    --              FALSE  ../SobelFilter.cpp,l:56,c:11 -> l:142,c:111         
                                                                                                                  
f:../SobelFilter.cpp  41 (37:TRUE)     --              FALSE  & l:143,c:28 & l:142,c:28                           
                                                                                                                  
f:../SobelFilter.cpp  42 (37:TRUE)     --              FALSE  & l:143,c:54 & l:142,c:54                           
                                                                                                                  
filter2               43 (37:TRUE)     --              FALSE  ../SobelFilter.cpp,l:56,c:11                        
                                                                                                                  
from_tb_r             43 (37:TRUE)     --              FALSE  ../SobelFilter.cpp,l:73,c:13                        
                                                                                                                  
from_tb_g             44 (37:TRUE)     --              FALSE  ../SobelFilter.cpp,l:74,c:13                        
                                                                                                                  
from_tb_r             44 (37:TRUE)     --              FALSE  ../SobelFilter.cpp,l:73,c:13                        
                                                                                                                  
                      44 (37:TRUE)     --              FALSE  f:../SobelFilter.cpp,l:142,c:32                     
                                                                                                                  
f:../SobelFilter.cpp  45 (37:TRUE)     --              FALSE  & l:143,c:80 & l:142,c:80                           
                                                                                                                  
from_tb_g             45 (37:TRUE)     --              FALSE  ../SobelFilter.cpp,l:74,c:13                        
                                                                                                                  
                      45 (37:TRUE)     --              FALSE  f:../SobelFilter.cpp,l:142,c:58                     
                                                                                                                  
                      46 (37:TRUE)     --              FALSE  f:../SobelFilter.cpp,l:136,c:35                     
                                                                                                                  
from_tb_b             46 (37:TRUE)     --              FALSE  ../SobelFilter.cpp,l:75,c:13                        
                                                                                                                  
                      46 (37:TRUE)     --              FALSE  f:../SobelFilter.cpp,l:143,c:32                     
                                                                                                                  
                      47 (37:TRUE)     --              FALSE  f:../SobelFilter.cpp,l:138,c:35                     
                                                                                                                  
from_tb_b             47 (37:TRUE)     --              FALSE  ../SobelFilter.cpp,l:75,c:13                        
                                                                                                                  
filter2               47 (37:TRUE)     --              FALSE  ../SobelFilter.cpp,l:56,c:11                        
                                                                                                                  
                      47 (37:TRUE)     --              FALSE  f:../SobelFilter.cpp,l:143,c:58                     
                                                                                                                  
                      48 (37:TRUE)     --              FALSE  f:../SobelFilter.cpp,l:142,c:84                     
                                                                                                                  
                      48 (37:TRUE)     --              FALSE  f:../SobelFilter.cpp,l:142,c:38                     
                                                                                                                  
filter2               48 (37:TRUE)     --              FALSE  ../SobelFilter.cpp,l:56,c:11                        
                                                                                                                  
                      49 (37:TRUE)     --              FALSE  f:../SobelFilter.cpp,l:142,c:64                     
                                                                                                                  
                      49 (37:TRUE)     --              FALSE  f:../SobelFilter.cpp,l:143,c:84                     
                                                                                                                  
                      49 (37:TRUE)     --              FALSE  f:../SobelFilter.cpp,l:142,c:91                     
                                                                                                                  
                      50 (37:TRUE)     --              FALSE  f:../SobelFilter.cpp,l:143,c:38                     
                                                                                                                  
                      50 (37:TRUE)     --              FALSE  f:../SobelFilter.cpp,l:144,c:32                     
                                                                                                                  
                      51 (37:TRUE)     --              FALSE  f:../SobelFilter.cpp,l:144,c:58                     
                                                                                                                  
                      51 (37:TRUE)     --              FALSE  f:../SobelFilter.cpp,l:143,c:64                     
                                                                                                                  
                      51 (37:TRUE)     --              FALSE  f:../SobelFilter.cpp,l:143,c:91                     
                                                                                                                  
                      52 (37:TRUE)     --              FALSE  f:../SobelFilter.cpp,l:144,c:84                     
                                                                                                                  
                      52 (37:TRUE)     --              FALSE  f:../SobelFilter.cpp,l:144,c:38                     
                                                                                                                  
                      53 (37:TRUE)     --              FALSE  f:../SobelFilter.cpp,l:144,c:64                     
                                                                                                                  
                      53 (37:TRUE)     --              FALSE  f:../SobelFilter.cpp,l:144,c:91                     
                                                                                                                  
                      54 (37:TRUE)     --              FALSE  f:../SobelFilter.cpp,l:142,c:99                     
                                                                                                                  
                      54 (37:TRUE)     --              FALSE  f:../SobelFilter.cpp,l:142,c:9                      
                                                                                                                  
                      55 (37:TRUE)     --              FALSE  f:../SobelFilter.cpp,l:143,c:99                     
                                                                                                                  
                      55 (37:TRUE)     --              FALSE  f:../SobelFilter.cpp,l:143,c:9                      
                                                                                                                  
                      56 (37:TRUE)     --              FALSE  f:../SobelFilter.cpp,l:144,c:99                     
                                                                                                                  
                      56 (37:TRUE)     --              FALSE  f:../SobelFilter.cpp,l:144,c:9                      
                                                                                                                  
                      57 (37:TRUE)     --              FALSE  f:../SobelFilter.cpp,l:138,c:19                     
                                                                                                                  
                      59 (39:FALSE)    --              FALSE  f:../SobelFilter.cpp,l:136,c:18                     
                                                                                                                  
                      64 (42:FALSE)    --              FALSE  f:../SobelFilter.cpp,l:149,c:23                     
                                                                                                                  
o_result_r.data.put:  64 (42:FALSE)    --              FALSE  @(f:../SobelFilter.h,l:22,c:36->f:/usr/cadtool/cad  
                                                                                                                  
o_result_r            64 (42:FALSE)    --              FALSE  ../SobelFilter.h,l:22,c:36                          
                                                                                                                  
o_result_r.m_req.m_t  64 (42:FALSE)    --              FALSE  @(f:../SobelFilter.h,l:22,c:36->f:/usr/cadtool/cad  
                                                                                                                  
o_result_r            66 (44:TRUE)     --              FALSE  ../SobelFilter.h,l:22,c:36                          
                                                                                                                  
do_filter::put        66 (44:TRUE)     --              FALSE  ../SobelFilter.cpp,l:65,c:19 mapped                 
                                                                                                                  
                      67 (45:FALSE)    --              FALSE  f:../SobelFilter.cpp,l:150,c:23                     
                                                                                                                  
o_result_g.data.put:  67 (45:FALSE)    --              FALSE  @(f:../SobelFilter.h,l:23,c:36->f:/usr/cadtool/cad  
                                                                                                                  
o_result_g            67 (45:FALSE)    --              FALSE  ../SobelFilter.h,l:23,c:36                          
                                                                                                                  
o_result_g.m_req.m_t  67 (45:FALSE)    --              FALSE  @(f:../SobelFilter.h,l:23,c:36->f:/usr/cadtool/cad  
                                                                                                                  
o_result_g            69 (47:TRUE)     --              FALSE  ../SobelFilter.h,l:23,c:36                          
                                                                                                                  
do_filter::put        69 (47:TRUE)     --              FALSE  ../SobelFilter.cpp,l:65,c:19 mapped                 
                                                                                                                  
                      70 (48:FALSE)    --              FALSE  f:../SobelFilter.cpp,l:151,c:23                     
                                                                                                                  
o_result_b.data.put:  70 (48:FALSE)    --              FALSE  @(f:../SobelFilter.h,l:24,c:36->f:/usr/cadtool/cad  
                                                                                                                  
o_result_b            70 (48:FALSE)    --              FALSE  ../SobelFilter.h,l:24,c:36                          
                                                                                                                  
o_result_b.m_req.m_t  70 (48:FALSE)    --              FALSE  @(f:../SobelFilter.h,l:24,c:36->f:/usr/cadtool/cad  
                                                                                                                  
o_result_b            72 (50:TRUE)     --              FALSE  ../SobelFilter.h,l:24,c:36                          
                                                                                                                  
do_filter::put        72 (50:TRUE)     --              FALSE  ../SobelFilter.cpp,l:65,c:19 mapped                 
                                                                                                                  
x                     74 (52:TRUE)     --              FALSE  ../SobelFilter.cpp,l:173,c:12 -> c:14               
                                                                                                                  
                      75 (53:FALSE)    --              FALSE  f:../SobelFilter.cpp,l:131,c:21                     
                                                                                                                  
from_tb_r             78 (56:FALSE)    --              FALSE  ../SobelFilter.cpp,l:73,c:13 -> l:181,c:19          
                                                                                                                  
from_tb_g             78 (56:FALSE)    --              FALSE  ../SobelFilter.cpp,l:74,c:13 -> l:179,c:34          
                                                                                                                  
from_tb_b             78 (56:FALSE)    --              FALSE  ../SobelFilter.cpp,l:75,c:13 -> l:180,c:34          
                                                                                                                  
x                     78 (56:FALSE)    --              FALSE  ../SobelFilter.cpp,l:173,c:12 -> c:28               
                                                                                                                  
from_tb_r             78 (56:FALSE)    --              FALSE  ../SobelFilter.cpp,l:73,c:13 -> l:175,c:34          
                                                                                                                  
from_tb_g             79 (56:TRUE)     --              FALSE  ../SobelFilter.cpp,l:74,c:13 -> l:176,c:34          
                                                                                                                  
from_tb_r             79 (56:TRUE)     --              FALSE  ../SobelFilter.cpp,l:73,c:13 -> l:175,c:34          
                                                                                                                  
from_tb_b             80 (56:TRUE)     --              FALSE  ../SobelFilter.cpp,l:75,c:13 -> l:177,c:34          
                                                                                                                  
from_tb_g             80 (56:TRUE)     --              FALSE  ../SobelFilter.cpp,l:74,c:13 -> l:176,c:34          
                                                                                                                  
from_tb_r             80 (56:TRUE)     --              FALSE  ../SobelFilter.cpp,l:73,c:13 -> l:175,c:16          
                                                                                                                  
from_tb_b             81 (56:TRUE)     --              FALSE  ../SobelFilter.cpp,l:75,c:13 -> l:177,c:34          
                                                                                                                  
from_tb_g             81 (56:TRUE)     --              FALSE  ../SobelFilter.cpp,l:74,c:13 -> l:176,c:16          
                                                                                                                  
from_tb_r             81 (56:TRUE)     --              FALSE  ../SobelFilter.cpp,l:73,c:13 -> l:178,c:34          
                                                                                                                  
from_tb_b             82 (56:TRUE)     --              FALSE  ../SobelFilter.cpp,l:75,c:13 -> l:177,c:16          
                                                                                                                  
from_tb_g             82 (56:TRUE)     --              FALSE  ../SobelFilter.cpp,l:74,c:13                        
                                                                                                                  
from_tb_r             82 (56:TRUE)     --              FALSE  ../SobelFilter.cpp,l:73,c:13 -> l:178,c:34          
                                                                                                                  
from_tb_b             83 (56:TRUE)     --              FALSE  ../SobelFilter.cpp,l:75,c:13                        
                                                                                                                  
from_tb_g             83 (56:TRUE)     --              FALSE  ../SobelFilter.cpp,l:74,c:13                        
                                                                                                                  
from_tb_r             84 (56:TRUE)     --              FALSE  ../SobelFilter.cpp,l:73,c:13 -> l:178,c:16          
                                                                                                                  
from_tb_b             84 (56:TRUE)     --              FALSE  ../SobelFilter.cpp,l:75,c:13                        
                                                                                                                  
from_tb_g             85 (56:TRUE)     --              FALSE  ../SobelFilter.cpp,l:74,c:13 -> l:179,c:16          
                                                                                                                  
from_tb_r             85 (56:TRUE)     --              FALSE  ../SobelFilter.cpp,l:73,c:13 -> l:178,c:16          
                                                                                                                  
from_tb_b             86 (56:TRUE)     --              FALSE  ../SobelFilter.cpp,l:75,c:13 -> l:180,c:16          
                                                                                                                  
from_tb_g             86 (56:TRUE)     --              FALSE  ../SobelFilter.cpp,l:74,c:13 -> l:179,c:16          
                                                                                                                  
from_tb_b             87 (56:TRUE)     --              FALSE  ../SobelFilter.cpp,l:75,c:13 -> l:180,c:16          
                                                                                                                  
from_tb_b             87 (56:TRUE)     --              FALSE  ../SobelFilter.cpp,l:75,c:13                        
                                                                                                                  
from_tb_r             88 (56:TRUE)     --              FALSE  ../SobelFilter.cpp,l:73,c:13 -> l:181,c:19          
                                                                                                                  
from_tb_b             88 (56:TRUE)     --              FALSE  ../SobelFilter.cpp,l:75,c:13                        
                                                                                                                  
from_tb_g             89 (56:TRUE)     --              FALSE  ../SobelFilter.cpp,l:74,c:13                        
                                                                                                                  
from_tb_r             89 (56:TRUE)     --              FALSE  ../SobelFilter.cpp,l:73,c:13 -> l:181,c:19          
                                                                                                                  
                      90 (56:TRUE)     --              FALSE  f:../SobelFilter.cpp,l:173,c:29                     
                                                                                                                  
from_tb_g             90 (56:TRUE)     --              FALSE  ../SobelFilter.cpp,l:74,c:13                        
                                                                                                                  
                      90 (56:TRUE)     --              FALSE  f:../SobelFilter.cpp,l:173,c:21                     
                                                                                                                  
                                                                                                                  
Scheduler report for : gen_stalling_0                                                                             
-------------------------------------                                                                                            
                                                                                                                  
Op                    SID(BB;Clocked)  Pipeline Stage  IS     SRCLOC                                              
--                    ---------------  --------------  --     ------                                              
                                                                                                                  
o_result_r.gen_stall  5 (4:TRUE)       --              FALSE  ../SobelFilter.h,l:22,c:36                          
                                                                                                                  
o_result_r.gen_stall  6 (5:FALSE)      --              FALSE  ../SobelFilter.h,l:22,c:36                          
                                                                                                                  
o_result_r.gen_stall  6 (5:FALSE)      --              FALSE  ../SobelFilter.h,l:22,c:36                          
                                                                                                                  
o_result_r.gen_stall  6 (5:FALSE)      --              FALSE  ../SobelFilter.h,l:22,c:36                          
                                                                                                                  
                                                                                                                  
Scheduler report for : gen_unacked_req_0                                                                          
----------------------------------------                                                                                            
                                                                                                                  
Op                    SID(BB;Clocked)  Pipeline Stage  IS     SRCLOC                                              
--                    ---------------  --------------  --     ------                                              
                                                                                                                  
o_result_r.gen_unack  6 (5:FALSE)      --              FALSE  ../SobelFilter.h,l:22,c:36                          
                                                                                                                  
o_result_r.gen_unack  12 (11:FALSE)    --              FALSE  ../SobelFilter.h,l:22,c:36                          
                                                                                                                  
o_result_r.gen_unack  12 (11:FALSE)    --              FALSE  ../SobelFilter.h,l:22,c:36                          
                                                                                                                  
                                                                                                                  
Scheduler report for : gen_stalling_1                                                                             
-------------------------------------                                                                                            
                                                                                                                  
Op                    SID(BB;Clocked)  Pipeline Stage  IS     SRCLOC                                              
--                    ---------------  --------------  --     ------                                              
                                                                                                                  
o_result_g.gen_stall  5 (4:TRUE)       --              FALSE  ../SobelFilter.h,l:23,c:36                          
                                                                                                                  
o_result_g.gen_stall  6 (5:FALSE)      --              FALSE  ../SobelFilter.h,l:23,c:36                          
                                                                                                                  
o_result_g.gen_stall  6 (5:FALSE)      --              FALSE  ../SobelFilter.h,l:23,c:36                          
                                                                                                                  
o_result_g.gen_stall  6 (5:FALSE)      --              FALSE  ../SobelFilter.h,l:23,c:36                          
                                                                                                                  
                                                                                                                  
Scheduler report for : gen_unacked_req_1                                                                          
----------------------------------------                                                                                            
                                                                                                                  
Op                    SID(BB;Clocked)  Pipeline Stage  IS     SRCLOC                                              
--                    ---------------  --------------  --     ------                                              
                                                                                                                  
o_result_g.gen_unack  6 (5:FALSE)      --              FALSE  ../SobelFilter.h,l:23,c:36                          
                                                                                                                  
o_result_g.gen_unack  12 (11:FALSE)    --              FALSE  ../SobelFilter.h,l:23,c:36                          
                                                                                                                  
o_result_g.gen_unack  12 (11:FALSE)    --              FALSE  ../SobelFilter.h,l:23,c:36                          
                                                                                                                  
                                                                                                                  
Scheduler report for : gen_stalling_2                                                                             
-------------------------------------                                                                                            
                                                                                                                  
Op                    SID(BB;Clocked)  Pipeline Stage  IS     SRCLOC                                              
--                    ---------------  --------------  --     ------                                              
                                                                                                                  
o_result_b.gen_stall  5 (4:TRUE)       --              FALSE  ../SobelFilter.h,l:24,c:36                          
                                                                                                                  
o_result_b.gen_stall  6 (5:FALSE)      --              FALSE  ../SobelFilter.h,l:24,c:36                          
                                                                                                                  
o_result_b.gen_stall  6 (5:FALSE)      --              FALSE  ../SobelFilter.h,l:24,c:36                          
                                                                                                                  
o_result_b.gen_stall  6 (5:FALSE)      --              FALSE  ../SobelFilter.h,l:24,c:36                          
                                                                                                                  
                                                                                                                  
Scheduler report for : gen_unacked_req_2                                                                          
----------------------------------------                                                                                            
                                                                                                                  
Op                    SID(BB;Clocked)  Pipeline Stage  IS     SRCLOC                                              
--                    ---------------  --------------  --     ------                                              
                                                                                                                  
o_result_b.gen_unack  6 (5:FALSE)      --              FALSE  ../SobelFilter.h,l:24,c:36                          
                                                                                                                  
o_result_b.gen_unack  12 (11:FALSE)    --              FALSE  ../SobelFilter.h,l:24,c:36                          
                                                                                                                  
o_result_b.gen_unack  12 (11:FALSE)    --              FALSE  ../SobelFilter.h,l:24,c:36                          
                                                                                                                  
                                                                                                                  
Scheduler report for : gen_do_reg_vld                                                                             
-------------------------------------                                                                                            
                                                                                                                  
Op                    SID(BB;Clocked)  Pipeline Stage  IS     SRCLOC                                              
--                    ---------------  --------------  --     ------                                              
                                                                                                                  
i_rgb.gen_do_reg_vld  8 (7:FALSE)      --              FALSE  ../SobelFilter.h,l:21,c:36                          
                                                                                                                  
i_rgb                 10 (9:FALSE)     --              FALSE  ../SobelFilter.h,l:21,c:36                          
                                                                                                                  
i_rgb.gen_do_reg_vld  11 (10:TRUE)     --              FALSE  ../SobelFilter.h,l:21,c:36                          
                                                                                                                  
i_rgb.gen_do_reg_vld  14 (13:FALSE)    --              FALSE  ../SobelFilter.h,l:21,c:36                          
                                                                                                                  
i_rgb.gen_do_reg_vld  14 (13:FALSE)    --              FALSE  ../SobelFilter.h,l:21,c:36                          
                                                                                                                  
i_rgb.gen_do_reg_vld  14 (13:FALSE)    --              FALSE  ../SobelFilter.h,l:21,c:36                          
                                                                                                                  
i_rgb.gen_do_reg_vld  14 (13:FALSE)    --              FALSE  ../SobelFilter.h,l:21,c:36                          
                                                                                                                  
                                                                                                                  
Scheduler report for : gen_busy                                                                                   
-------------------------------                                                                                            
                                                                                                                  
Op                    SID(BB;Clocked)  Pipeline Stage  IS     SRCLOC                                              
--                    ---------------  --------------  --     ------                                              
                                                                                                                  
i_rgb.gen_busy::use_  7 (6:FALSE)      --              FALSE  ../SobelFilter.h,l:21,c:36                          
                                                                                                                  
i_rgb.gen_busy        7 (6:FALSE)      --              FALSE  ../SobelFilter.h,l:21,c:36                          
                                                                                                                  
i_rgb.gen_busy        7 (6:FALSE)      --              FALSE  ../SobelFilter.h,l:21,c:36                          
                                                                                                                  
i_rgb.gen_busy        7 (6:FALSE)      --              FALSE  ../SobelFilter.h,l:21,c:36                          
                                                                                                                  
i_rgb.gen_busy        7 (6:FALSE)      --              FALSE  ../SobelFilter.h,l:21,c:36                          
                                                                                                                  
i_rgb.gen_busy        7 (6:FALSE)      --              FALSE  ../SobelFilter.h,l:21,c:36                          
                                                                                                                  
i_rgb.gen_busy        7 (6:FALSE)      --              FALSE  ../SobelFilter.h,l:21,c:36                          
                                                                                                                  
i_rgb.gen_busy        8 (7:FALSE)      --              FALSE  ../SobelFilter.h,l:21,c:36                          
                                                                                                                  
i_rgb.gen_busy        8 (7:FALSE)      --              FALSE  ../SobelFilter.h,l:21,c:36                          
                                                                                                                  
i_rgb.gen_busy        8 (7:FALSE)      --              FALSE  ../SobelFilter.h,l:21,c:36                          
                                                                                                                  
i_rgb.gen_busy        8 (7:FALSE)      --              FALSE  ../SobelFilter.h,l:21,c:36                          
                                                                                                                  
                                                                                                                  
