=========================================================
Scheduler report file
Generated by stratus_hls 19.12-s100  (91710.131054)
On:          Thu May  6 00:28:34 2021
Project Dir: /home/m109/m109061613/EE6470/test/batch_notime/stratus
Module:      SobelFilter
HLS Config:  DPA
=========================================================
Scheduler report for : gen_prev_trig_reg_0                                                                        
------------------------------------------                                                                                            
                                                                                                                  
Op                    SID(BB;Clocked)  Pipeline Stage  IS     SRCLOC                                              
--                    ---------------  --------------  --     ------                                              
                                                                                                                  
o_result_r.m_req.gen  6 (5:FALSE)      --              FALSE  ../SobelFilter.h,l:22,c:36                          
                                                                                                                  
o_result_r.m_req.gen  12 (11:FALSE)    --              FALSE  ../SobelFilter.h,l:22,c:36                          
                                                                                                                  
o_result_r.m_req.gen  12 (11:FALSE)    --              FALSE  ../SobelFilter.h,l:22,c:36                          
                                                                                                                  
                                                                                                                  
Scheduler report for : gen_prev_trig_reg_1                                                                        
------------------------------------------                                                                                            
                                                                                                                  
Op                    SID(BB;Clocked)  Pipeline Stage  IS     SRCLOC                                              
--                    ---------------  --------------  --     ------                                              
                                                                                                                  
o_result_g.m_req.gen  6 (5:FALSE)      --              FALSE  ../SobelFilter.h,l:23,c:36                          
                                                                                                                  
o_result_g.m_req.gen  12 (11:FALSE)    --              FALSE  ../SobelFilter.h,l:23,c:36                          
                                                                                                                  
o_result_g.m_req.gen  12 (11:FALSE)    --              FALSE  ../SobelFilter.h,l:23,c:36                          
                                                                                                                  
                                                                                                                  
Scheduler report for : gen_prev_trig_reg_2                                                                        
------------------------------------------                                                                                            
                                                                                                                  
Op                    SID(BB;Clocked)  Pipeline Stage  IS     SRCLOC                                              
--                    ---------------  --------------  --     ------                                              
                                                                                                                  
o_result_b.m_req.gen  6 (5:FALSE)      --              FALSE  ../SobelFilter.h,l:24,c:36                          
                                                                                                                  
o_result_b.m_req.gen  12 (11:FALSE)    --              FALSE  ../SobelFilter.h,l:24,c:36                          
                                                                                                                  
o_result_b.m_req.gen  12 (11:FALSE)    --              FALSE  ../SobelFilter.h,l:24,c:36                          
                                                                                                                  
                                                                                                                  
Scheduler report for : gen_active_0                                                                               
-----------------------------------                                                                                            
                                                                                                                  
Op                    SID(BB;Clocked)  Pipeline Stage  IS     SRCLOC                                              
--                    ---------------  --------------  --     ------                                              
                                                                                                                  
o_result_r.m_req.gen  4 (3:FALSE)      --              FALSE  ../SobelFilter.h,l:22,c:36                          
                                                                                                                  
o_result_r.m_req.gen  4 (3:FALSE)      --              FALSE  ../SobelFilter.h,l:22,c:36                          
                                                                                                                  
o_result_r.m_req.gen  4 (3:FALSE)      --              FALSE  ../SobelFilter.h,l:22,c:36                          
                                                                                                                  
o_result_r.m_req.gen  4 (3:FALSE)      --              FALSE  ../SobelFilter.h,l:22,c:36                          
                                                                                                                  
                                                                                                                  
Scheduler report for : gen_vld_0                                                                                  
--------------------------------                                                                                            
                                                                                                                  
Op                    SID(BB;Clocked)  Pipeline Stage  IS     SRCLOC                                              
--                    ---------------  --------------  --     ------                                              
                                                                                                                  
o_result_r.gen_vld    4 (3:FALSE)      --              FALSE  ../SobelFilter.h,l:22,c:36                          
                                                                                                                  
o_result_r.gen_vld    4 (3:FALSE)      --              FALSE  ../SobelFilter.h,l:22,c:36                          
                                                                                                                  
o_result_r.gen_vld    4 (3:FALSE)      --              FALSE  ../SobelFilter.h,l:22,c:36                          
                                                                                                                  
o_result_r.gen_vld    4 (3:FALSE)      --              FALSE  ../SobelFilter.h,l:22,c:36                          
                                                                                                                  
                                                                                                                  
Scheduler report for : gen_next_trig_reg_0                                                                        
------------------------------------------                                                                                            
                                                                                                                  
Op                    SID(BB;Clocked)  Pipeline Stage  IS     SRCLOC                                              
--                    ---------------  --------------  --     ------                                              
                                                                                                                  
o_result_r.m_req.gen  3 (2:TRUE)       --              FALSE  ../SobelFilter.h,l:22,c:36                          
                                                                                                                  
o_result_r.m_req.gen  3 (2:TRUE)       --              FALSE  ../SobelFilter.h,l:22,c:36                          
                                                                                                                  
o_result_r.m_req.gen  3 (2:TRUE)       --              FALSE  ../SobelFilter.h,l:22,c:36                          
                                                                                                                  
                                                                                                                  
Scheduler report for : gen_active_1                                                                               
-----------------------------------                                                                                            
                                                                                                                  
Op                    SID(BB;Clocked)  Pipeline Stage  IS     SRCLOC                                              
--                    ---------------  --------------  --     ------                                              
                                                                                                                  
o_result_g.m_req.gen  4 (3:FALSE)      --              FALSE  ../SobelFilter.h,l:23,c:36                          
                                                                                                                  
o_result_g.m_req.gen  4 (3:FALSE)      --              FALSE  ../SobelFilter.h,l:23,c:36                          
                                                                                                                  
o_result_g.m_req.gen  4 (3:FALSE)      --              FALSE  ../SobelFilter.h,l:23,c:36                          
                                                                                                                  
o_result_g.m_req.gen  4 (3:FALSE)      --              FALSE  ../SobelFilter.h,l:23,c:36                          
                                                                                                                  
                                                                                                                  
Scheduler report for : gen_vld_1                                                                                  
--------------------------------                                                                                            
                                                                                                                  
Op                    SID(BB;Clocked)  Pipeline Stage  IS     SRCLOC                                              
--                    ---------------  --------------  --     ------                                              
                                                                                                                  
o_result_g.gen_vld    4 (3:FALSE)      --              FALSE  ../SobelFilter.h,l:23,c:36                          
                                                                                                                  
o_result_g.gen_vld    4 (3:FALSE)      --              FALSE  ../SobelFilter.h,l:23,c:36                          
                                                                                                                  
o_result_g.gen_vld    4 (3:FALSE)      --              FALSE  ../SobelFilter.h,l:23,c:36                          
                                                                                                                  
o_result_g.gen_vld    4 (3:FALSE)      --              FALSE  ../SobelFilter.h,l:23,c:36                          
                                                                                                                  
                                                                                                                  
Scheduler report for : gen_next_trig_reg_1                                                                        
------------------------------------------                                                                                            
                                                                                                                  
Op                    SID(BB;Clocked)  Pipeline Stage  IS     SRCLOC                                              
--                    ---------------  --------------  --     ------                                              
                                                                                                                  
o_result_g.m_req.gen  3 (2:TRUE)       --              FALSE  ../SobelFilter.h,l:23,c:36                          
                                                                                                                  
o_result_g.m_req.gen  3 (2:TRUE)       --              FALSE  ../SobelFilter.h,l:23,c:36                          
                                                                                                                  
o_result_g.m_req.gen  3 (2:TRUE)       --              FALSE  ../SobelFilter.h,l:23,c:36                          
                                                                                                                  
                                                                                                                  
Scheduler report for : gen_active_2                                                                               
-----------------------------------                                                                                            
                                                                                                                  
Op                    SID(BB;Clocked)  Pipeline Stage  IS     SRCLOC                                              
--                    ---------------  --------------  --     ------                                              
                                                                                                                  
o_result_b.m_req.gen  4 (3:FALSE)      --              FALSE  ../SobelFilter.h,l:24,c:36                          
                                                                                                                  
o_result_b.m_req.gen  4 (3:FALSE)      --              FALSE  ../SobelFilter.h,l:24,c:36                          
                                                                                                                  
o_result_b.m_req.gen  4 (3:FALSE)      --              FALSE  ../SobelFilter.h,l:24,c:36                          
                                                                                                                  
o_result_b.m_req.gen  4 (3:FALSE)      --              FALSE  ../SobelFilter.h,l:24,c:36                          
                                                                                                                  
                                                                                                                  
Scheduler report for : gen_vld_2                                                                                  
--------------------------------                                                                                            
                                                                                                                  
Op                    SID(BB;Clocked)  Pipeline Stage  IS     SRCLOC                                              
--                    ---------------  --------------  --     ------                                              
                                                                                                                  
o_result_b.gen_vld    4 (3:FALSE)      --              FALSE  ../SobelFilter.h,l:24,c:36                          
                                                                                                                  
o_result_b.gen_vld    4 (3:FALSE)      --              FALSE  ../SobelFilter.h,l:24,c:36                          
                                                                                                                  
o_result_b.gen_vld    4 (3:FALSE)      --              FALSE  ../SobelFilter.h,l:24,c:36                          
                                                                                                                  
o_result_b.gen_vld    4 (3:FALSE)      --              FALSE  ../SobelFilter.h,l:24,c:36                          
                                                                                                                  
                                                                                                                  
Scheduler report for : gen_next_trig_reg_2                                                                        
------------------------------------------                                                                                            
                                                                                                                  
Op                    SID(BB;Clocked)  Pipeline Stage  IS     SRCLOC                                              
--                    ---------------  --------------  --     ------                                              
                                                                                                                  
o_result_b.m_req.gen  3 (2:TRUE)       --              FALSE  ../SobelFilter.h,l:24,c:36                          
                                                                                                                  
o_result_b.m_req.gen  3 (2:TRUE)       --              FALSE  ../SobelFilter.h,l:24,c:36                          
                                                                                                                  
o_result_b.m_req.gen  3 (2:TRUE)       --              FALSE  ../SobelFilter.h,l:24,c:36                          
                                                                                                                  
                                                                                                                  
Scheduler report for : gen_unvalidated_req                                                                        
------------------------------------------                                                                                            
                                                                                                                  
Op                    SID(BB;Clocked)  Pipeline Stage  IS     SRCLOC                                              
--                    ---------------  --------------  --     ------                                              
                                                                                                                  
i_rgb.gen_unvalidate  8 (7:FALSE)      --              FALSE  ../SobelFilter.h,l:21,c:36                          
                                                                                                                  
i_rgb                 10 (9:FALSE)     --              FALSE  ../SobelFilter.h,l:21,c:36                          
                                                                                                                  
i_rgb.gen_unvalidate  11 (10:TRUE)     --              FALSE  ../SobelFilter.h,l:21,c:36                          
                                                                                                                  
i_rgb.gen_unvalidate  14 (13:FALSE)    --              FALSE  ../SobelFilter.h,l:21,c:36                          
                                                                                                                  
i_rgb.gen_unvalidate  14 (13:FALSE)    --              FALSE  ../SobelFilter.h,l:21,c:36                          
                                                                                                                  
i_rgb.gen_unvalidate  14 (13:FALSE)    --              FALSE  ../SobelFilter.h,l:21,c:36                          
                                                                                                                  
i_rgb.gen_unvalidate  14 (13:FALSE)    --              FALSE  ../SobelFilter.h,l:21,c:36                          
                                                                                                                  
                                                                                                                  
Scheduler report for : gen_do_stall_reg_full                                                                      
--------------------------------------------                                                                                            
                                                                                                                  
Op                    SID(BB;Clocked)  Pipeline Stage  IS     SRCLOC                                              
--                    ---------------  --------------  --     ------                                              
                                                                                                                  
i_rgb.gen_do_stall_r  6 (5:FALSE)      --              FALSE  ../SobelFilter.h,l:21,c:36                          
                                                                                                                  
i_rgb.gen_do_stall_r  12 (11:FALSE)    --              FALSE  ../SobelFilter.h,l:21,c:36                          
                                                                                                                  
i_rgb.gen_do_stall_r  12 (11:FALSE)    --              FALSE  ../SobelFilter.h,l:21,c:36                          
                                                                                                                  
i_rgb.gen_do_stall_r  12 (11:FALSE)    --              FALSE  ../SobelFilter.h,l:21,c:36                          
                                                                                                                  
i_rgb.gen_do_stall_r  12 (11:FALSE)    --              FALSE  ../SobelFilter.h,l:21,c:36                          
                                                                                                                  
                                                                                                                  
Scheduler report for : do_filter                                                                                  
--------------------------------                                                                                            
                                                                                                                  
Op                    SID(BB;Clocked)  Pipeline Stage  IS     SRCLOC                                              
--                    ---------------  --------------  --     ------                                              
                                                                                                                  
i_rgb.m_busy_req_0.r  9 (8:FALSE)      --              FALSE  @(f:../SobelFilter.h,l:21,c:36->f:/usr/cadtool/cad  
                                                                                                                  
i_rgb.m_stalling.res  9 (8:FALSE)      --              FALSE  @(f:../SobelFilter.h,l:21,c:36->f:/usr/cadtool/cad  
                                                                                                                  
o_result_r.m_req.m_t  9 (8:FALSE)      --              FALSE  @(f:../SobelFilter.h,l:22,c:36->f:/usr/cadtool/cad  
                                                                                                                  
o_result_g.m_req.m_t  9 (8:FALSE)      --              FALSE  @(f:../SobelFilter.h,l:23,c:36->f:/usr/cadtool/cad  
                                                                                                                  
o_result_b.m_req.m_t  9 (8:FALSE)      --              FALSE  @(f:../SobelFilter.h,l:24,c:36->f:/usr/cadtool/cad  
                                                                                                                  
y                     10 (9:TRUE)      --              FALSE  ../SobelFilter.cpp,l:67,c:9 -> l:83,c:7             
                                                                                                                  
y                     12 (11:FALSE)    --              FALSE  ../SobelFilter.cpp,l:67,c:9 -> l:83,c:21            
                                                                                                                  
from_tb_r             12 (11:FALSE)    --              FALSE  ../SobelFilter.cpp,l:64,c:13 -> l:83,c:2            
                                                                                                                  
from_tb_g             12 (11:FALSE)    --              FALSE  ../SobelFilter.cpp,l:65,c:13 -> l:83,c:2            
                                                                                                                  
from_tb_b             12 (11:FALSE)    --              FALSE  ../SobelFilter.cpp,l:66,c:13 -> l:83,c:2            
                                                                                                                  
x                     12 (11:FALSE)    --              FALSE  ../SobelFilter.cpp,l:67,c:6 -> l:85,c:8             
                                                                                                                  
                      12 (11:FALSE)    --              FALSE  f:../SobelFilter.cpp,l:83,c:22                      
                                                                                                                  
x                     13 (12:FALSE)    --              FALSE  ../SobelFilter.cpp,l:67,c:6 -> l:85,c:24            
                                                                                                                  
from_tb_r             13 (12:FALSE)    --              FALSE  ../SobelFilter.cpp,l:64,c:13 -> l:95,c:16           
                                                                                                                  
from_tb_g             13 (12:FALSE)    --              FALSE  ../SobelFilter.cpp,l:65,c:13 -> l:96,c:16           
                                                                                                                  
from_tb_b             13 (12:FALSE)    --              FALSE  ../SobelFilter.cpp,l:66,c:13 -> l:97,c:16           
                                                                                                                  
i_rgb.m_busy_req_0.g  14 (13:FALSE)    --              FALSE  @(f:../SobelFilter.h,l:21,c:36->f:/usr/cadtool/cad  
                                                                                                                  
i_rgb                 16 (15:TRUE)     --              FALSE  ../SobelFilter.h,l:21,c:36                          
                                                                                                                  
do_filter::get        16 (15:TRUE)     --              FALSE  ../SobelFilter.cpp,l:56,c:19 mapped                 
                                                                                                                  
                      16 (15:TRUE)     --              FALSE  f:../SobelFilter.cpp,l:85,c:25                      
                                                                                                                  
f:../SobelFilter.cpp  16 (15:TRUE)     --              FALSE  & c:17                                              
                                                                                                                  
i_rgb.m_busy_req_0.g  17 (16:FALSE)    --              FALSE  @(f:../SobelFilter.h,l:21,c:36->f:/usr/cadtool/cad  
                                                                                                                  
CynTemp_15            19 (18:FALSE)    --              FALSE  ../SobelFilter.cpp,l:97,c:16                        
                                                                                                                  
CynTemp_14            19 (18:FALSE)    --              FALSE  ../SobelFilter.cpp,l:96,c:16                        
                                                                                                                  
CynTemp_13            19 (18:FALSE)    --              FALSE  ../SobelFilter.cpp,l:95,c:16                        
                                                                                                                  
i_rgb.data.get::nb_g  19 (18:FALSE)    --              FALSE  @(f:../SobelFilter.h,l:21,c:36->f:/usr/cadtool/cad  
                                                                                                                  
from_tb_r             20 (19:TRUE)     --              FALSE  ../SobelFilter.cpp,l:64,c:13 -> l:95,c:16           
                                                                                                                  
from_tb_g             20 (19:TRUE)     --              FALSE  ../SobelFilter.cpp,l:65,c:13 -> l:96,c:16           
                                                                                                                  
from_tb_b             20 (19:TRUE)     --              FALSE  ../SobelFilter.cpp,l:66,c:13 -> l:97,c:16           
                                                                                                                  
f:../SobelFilter.cpp  22 (21:FALSE)    --              FALSE  & c:16                                              
                                                                                                                  
x                     25 (24:FALSE)    --              FALSE  ../SobelFilter.cpp,l:67,c:6 -> l:105,c:8            
                                                                                                                  
from_tb_r             25 (24:FALSE)    --              FALSE  ../SobelFilter.cpp,l:64,c:13 -> l:102,c:2           
                                                                                                                  
from_tb_g             25 (24:FALSE)    --              FALSE  ../SobelFilter.cpp,l:65,c:13 -> l:102,c:2           
                                                                                                                  
from_tb_b             25 (24:FALSE)    --              FALSE  ../SobelFilter.cpp,l:66,c:13 -> l:102,c:2           
                                                                                                                  
filter2               25 (24:FALSE)    --              FALSE  ../SobelFilter.cpp,l:47,c:11 -> l:102,c:2           
                                                                                                                  
from_tb_r             26 (25:FALSE)    --              FALSE  ../SobelFilter.cpp,l:64,c:13 -> l:116,c:16          
                                                                                                                  
from_tb_g             26 (25:FALSE)    --              FALSE  ../SobelFilter.cpp,l:65,c:13 -> l:117,c:16          
                                                                                                                  
from_tb_b             26 (25:FALSE)    --              FALSE  ../SobelFilter.cpp,l:66,c:13 -> l:118,c:16          
                                                                                                                  
x                     26 (25:FALSE)    --              FALSE  ../SobelFilter.cpp,l:67,c:6 -> l:105,c:24           
                                                                                                                  
i_rgb.m_busy_req_0.g  27 (26:FALSE)    --              FALSE  @(f:../SobelFilter.h,l:21,c:36->f:/usr/cadtool/cad  
                                                                                                                  
i_rgb                 29 (28:TRUE)     --              FALSE  ../SobelFilter.h,l:21,c:36                          
                                                                                                                  
do_filter::get        29 (28:TRUE)     --              FALSE  ../SobelFilter.cpp,l:56,c:19 mapped                 
                                                                                                                  
from_tb_r             29 (28:TRUE)     --              FALSE  ../SobelFilter.cpp,l:64,c:13 -> l:116,c:16          
                                                                                                                  
from_tb_g             29 (28:TRUE)     --              FALSE  ../SobelFilter.cpp,l:65,c:13 -> l:117,c:16          
                                                                                                                  
from_tb_b             29 (28:TRUE)     --              FALSE  ../SobelFilter.cpp,l:66,c:13 -> l:118,c:16          
                                                                                                                  
i_rgb.m_busy_req_0.g  30 (29:FALSE)    --              FALSE  @(f:../SobelFilter.h,l:21,c:36->f:/usr/cadtool/cad  
                                                                                                                  
                      32 (31:FALSE)    --              FALSE  f:../SobelFilter.cpp,l:105,c:25                     
                                                                                                                  
i_rgb.data.get::nb_g  32 (31:FALSE)    --              FALSE  @(f:../SobelFilter.h,l:21,c:36->f:/usr/cadtool/cad  
                                                                                                                  
f:../SobelFilter.cpp  33 (32:TRUE)     --              FALSE  & c:17                                              
                                                                                                                  
from_tb_r             33 (32:TRUE)     --              FALSE  ../SobelFilter.cpp,l:64,c:13 -> l:116,c:16          
                                                                                                                  
from_tb_g             33 (32:TRUE)     --              FALSE  ../SobelFilter.cpp,l:65,c:13 -> l:117,c:16          
                                                                                                                  
from_tb_b             33 (32:TRUE)     --              FALSE  ../SobelFilter.cpp,l:66,c:13 -> l:118,c:16          
                                                                                                                  
x                     33 (32:TRUE)     --              FALSE  ../SobelFilter.cpp,l:122,c:12 -> c:14               
                                                                                                                  
v                     36 (35:FALSE)    --              FALSE  ../SobelFilter.cpp,l:58,c:13 -> l:125,c:9           
                                                                                                                  
R                     36 (35:FALSE)    --              FALSE  ../SobelFilter.cpp,l:61,c:7 -> l:124,c:4            
                                                                                                                  
G                     36 (35:FALSE)    --              FALSE  ../SobelFilter.cpp,l:61,c:10 -> l:124,c:8           
                                                                                                                  
B                     36 (35:FALSE)    --              FALSE  ../SobelFilter.cpp,l:61,c:13 -> l:124,c:12          
                                                                                                                  
from_tb_r             36 (35:FALSE)    --              FALSE  ../SobelFilter.cpp,l:64,c:13 -> l:122,c:3           
                                                                                                                  
from_tb_g             36 (35:FALSE)    --              FALSE  ../SobelFilter.cpp,l:65,c:13 -> l:122,c:3           
                                                                                                                  
from_tb_b             36 (35:FALSE)    --              FALSE  ../SobelFilter.cpp,l:66,c:13 -> l:122,c:3           
                                                                                                                  
x                     36 (35:FALSE)    --              FALSE  ../SobelFilter.cpp,l:122,c:12 -> c:28               
                                                                                                                  
filter2               36 (35:FALSE)    --              FALSE  ../SobelFilter.cpp,l:47,c:11 -> l:122,c:3           
                                                                                                                  
u                     37 (36:FALSE)    --              FALSE  ../SobelFilter.cpp,l:58,c:16 -> l:127,c:10          
                                                                                                                  
from_tb_r             37 (36:FALSE)    --              FALSE  ../SobelFilter.cpp,l:64,c:13 -> l:125,c:4           
                                                                                                                  
from_tb_g             37 (36:FALSE)    --              FALSE  ../SobelFilter.cpp,l:65,c:13 -> l:125,c:4           
                                                                                                                  
from_tb_b             37 (36:FALSE)    --              FALSE  ../SobelFilter.cpp,l:66,c:13 -> l:125,c:4           
                                                                                                                  
B                     37 (36:FALSE)    --              FALSE  ../SobelFilter.cpp,l:61,c:13 -> l:125,c:4           
                                                                                                                  
G                     37 (36:FALSE)    --              FALSE  ../SobelFilter.cpp,l:61,c:10 -> l:125,c:4           
                                                                                                                  
R                     37 (36:FALSE)    --              FALSE  ../SobelFilter.cpp,l:61,c:7 -> l:125,c:4            
                                                                                                                  
v                     37 (36:FALSE)    --              FALSE  ../SobelFilter.cpp,l:58,c:13 -> l:125,c:34          
                                                                                                                  
filter2               37 (36:FALSE)    --              FALSE  ../SobelFilter.cpp,l:47,c:11 -> l:125,c:4           
                                                                                                                  
from_tb_r             38 (37:FALSE)    --              FALSE  ../SobelFilter.cpp,l:64,c:13 -> l:131,c:26          
                                                                                                                  
from_tb_g             38 (37:FALSE)    --              FALSE  ../SobelFilter.cpp,l:65,c:13 -> l:131,c:52          
                                                                                                                  
from_tb_b             38 (37:FALSE)    --              FALSE  ../SobelFilter.cpp,l:66,c:13 -> l:131,c:78          
                                                                                                                  
B                     38 (37:FALSE)    --              FALSE  ../SobelFilter.cpp,l:61,c:13 -> l:133,c:7           
                                                                                                                  
G                     38 (37:FALSE)    --              FALSE  ../SobelFilter.cpp,l:61,c:10 -> l:132,c:7           
                                                                                                                  
R                     38 (37:FALSE)    --              FALSE  ../SobelFilter.cpp,l:61,c:7 -> l:131,c:7            
                                                                                                                  
u                     38 (37:FALSE)    --              FALSE  ../SobelFilter.cpp,l:58,c:16 -> l:127,c:34          
                                                                                                                  
filter2               38 (37:FALSE)    --              FALSE  ../SobelFilter.cpp,l:47,c:11 -> l:131,c:111         
                                                                                                                  
from_tb_r             38 (37:FALSE)    --              FALSE  ../SobelFilter.cpp,l:64,c:13                        
                                                                                                                  
filter2               38 (37:FALSE)    --              FALSE  ../SobelFilter.cpp,l:47,c:11                        
                                                                                                                  
from_tb_g             39 (37:TRUE)     --              FALSE  ../SobelFilter.cpp,l:65,c:13                        
                                                                                                                  
from_tb_r             39 (37:TRUE)     --              FALSE  ../SobelFilter.cpp,l:64,c:13                        
                                                                                                                  
filter2               39 (37:TRUE)     --              FALSE  ../SobelFilter.cpp,l:47,c:11                        
                                                                                                                  
                      40 (37:TRUE)     --              FALSE  f:../SobelFilter.cpp,l:122,c:29                     
                                                                                                                  
                      40 (37:TRUE)     --              FALSE  f:../SobelFilter.cpp,l:125,c:35                     
                                                                                                                  
                      40 (37:TRUE)     --              FALSE  f:../SobelFilter.cpp,l:127,c:35                     
                                                                                                                  
from_tb_b             40 (37:TRUE)     --              FALSE  ../SobelFilter.cpp,l:66,c:13                        
                                                                                                                  
from_tb_g             40 (37:TRUE)     --              FALSE  ../SobelFilter.cpp,l:65,c:13                        
                                                                                                                  
from_tb_b             41 (37:TRUE)     --              FALSE  ../SobelFilter.cpp,l:66,c:13                        
                                                                                                                  
f:../SobelFilter.cpp  41 (37:TRUE)     --              FALSE  & c:84 & c:64 & c:60 & c:58 & c:38 & c:34 & c:32    
                                                                                                                  
f:../SobelFilter.cpp  41 (37:TRUE)     --              FALSE  & c:91                                              
                                                                                                                  
f:../SobelFilter.cpp  41 (37:TRUE)     --              FALSE  & c:9                                               
                                                                                                                  
f:../SobelFilter.cpp  42 (37:TRUE)     --              FALSE  & c:84 & c:64 & c:60 & c:58 & c:38 & c:34 & c:32    
                                                                                                                  
f:../SobelFilter.cpp  42 (37:TRUE)     --              FALSE  & c:91                                              
                                                                                                                  
f:../SobelFilter.cpp  42 (37:TRUE)     --              FALSE  & c:9                                               
                                                                                                                  
f:../SobelFilter.cpp  43 (37:TRUE)     --              FALSE  & c:19                                              
                                                                                                                  
f:../SobelFilter.cpp  43 (37:TRUE)     --              FALSE  & c:84 & c:64 & c:60 & c:58 & c:38 & c:34 & c:32    
                                                                                                                  
f:../SobelFilter.cpp  43 (37:TRUE)     --              FALSE  & c:91                                              
                                                                                                                  
f:../SobelFilter.cpp  43 (37:TRUE)     --              FALSE  & c:9                                               
                                                                                                                  
f:../SobelFilter.cpp  45 (39:FALSE)    --              FALSE  & c:18                                              
                                                                                                                  
f:../SobelFilter.cpp  50 (42:FALSE)    --              FALSE  & l:54,c:18                                         
                                                                                                                  
o_result_r.data.put:  50 (42:FALSE)    --              FALSE  @(f:../SobelFilter.h,l:22,c:36->f:/usr/cadtool/cad  
                                                                                                                  
o_result_r            50 (42:FALSE)    --              FALSE  ../SobelFilter.h,l:22,c:36                          
                                                                                                                  
o_result_r.m_req.m_t  50 (42:FALSE)    --              FALSE  @(f:../SobelFilter.h,l:22,c:36->f:/usr/cadtool/cad  
                                                                                                                  
o_result_r            52 (44:TRUE)     --              FALSE  ../SobelFilter.h,l:22,c:36                          
                                                                                                                  
do_filter::put        52 (44:TRUE)     --              FALSE  ../SobelFilter.cpp,l:56,c:19 mapped                 
                                                                                                                  
f:../SobelFilter.cpp  53 (45:FALSE)    --              FALSE  & l:54,c:18                                         
                                                                                                                  
o_result_g.data.put:  53 (45:FALSE)    --              FALSE  @(f:../SobelFilter.h,l:23,c:36->f:/usr/cadtool/cad  
                                                                                                                  
o_result_g            53 (45:FALSE)    --              FALSE  ../SobelFilter.h,l:23,c:36                          
                                                                                                                  
o_result_g.m_req.m_t  53 (45:FALSE)    --              FALSE  @(f:../SobelFilter.h,l:23,c:36->f:/usr/cadtool/cad  
                                                                                                                  
o_result_g            55 (47:TRUE)     --              FALSE  ../SobelFilter.h,l:23,c:36                          
                                                                                                                  
do_filter::put        55 (47:TRUE)     --              FALSE  ../SobelFilter.cpp,l:56,c:19 mapped                 
                                                                                                                  
f:../SobelFilter.cpp  56 (48:FALSE)    --              FALSE  & l:54,c:18                                         
                                                                                                                  
o_result_b.data.put:  56 (48:FALSE)    --              FALSE  @(f:../SobelFilter.h,l:24,c:36->f:/usr/cadtool/cad  
                                                                                                                  
o_result_b            56 (48:FALSE)    --              FALSE  ../SobelFilter.h,l:24,c:36                          
                                                                                                                  
o_result_b.m_req.m_t  56 (48:FALSE)    --              FALSE  @(f:../SobelFilter.h,l:24,c:36->f:/usr/cadtool/cad  
                                                                                                                  
o_result_b            58 (50:TRUE)     --              FALSE  ../SobelFilter.h,l:24,c:36                          
                                                                                                                  
do_filter::put        58 (50:TRUE)     --              FALSE  ../SobelFilter.cpp,l:56,c:19 mapped                 
                                                                                                                  
x                     60 (52:TRUE)     --              FALSE  ../SobelFilter.cpp,l:159,c:12 -> c:14               
                                                                                                                  
f:../SobelFilter.cpp  61 (53:FALSE)    --              FALSE  & c:21                                              
                                                                                                                  
from_tb_r             64 (56:FALSE)    --              FALSE  ../SobelFilter.cpp,l:64,c:13 -> l:170,c:19          
                                                                                                                  
from_tb_g             64 (56:FALSE)    --              FALSE  ../SobelFilter.cpp,l:65,c:13 -> l:168,c:34          
                                                                                                                  
from_tb_b             64 (56:FALSE)    --              FALSE  ../SobelFilter.cpp,l:66,c:13 -> l:169,c:34          
                                                                                                                  
x                     64 (56:FALSE)    --              FALSE  ../SobelFilter.cpp,l:159,c:12 -> c:28               
                                                                                                                  
from_tb_r             64 (56:FALSE)    --              FALSE  ../SobelFilter.cpp,l:64,c:13 -> l:161,c:34          
                                                                                                                  
from_tb_g             64 (56:FALSE)    --              FALSE  ../SobelFilter.cpp,l:65,c:13 -> l:162,c:34          
                                                                                                                  
from_tb_b             64 (56:FALSE)    --              FALSE  ../SobelFilter.cpp,l:66,c:13 -> l:163,c:34          
                                                                                                                  
from_tb_r             65 (56:TRUE)     --              FALSE  ../SobelFilter.cpp,l:64,c:13 -> l:161,c:34          
                                                                                                                  
from_tb_g             65 (56:TRUE)     --              FALSE  ../SobelFilter.cpp,l:65,c:13 -> l:162,c:34          
                                                                                                                  
from_tb_b             65 (56:TRUE)     --              FALSE  ../SobelFilter.cpp,l:66,c:13 -> l:163,c:34          
                                                                                                                  
from_tb_r             66 (56:TRUE)     --              FALSE  ../SobelFilter.cpp,l:64,c:13 -> l:164,c:34          
                                                                                                                  
from_tb_g             66 (56:TRUE)     --              FALSE  ../SobelFilter.cpp,l:65,c:13 -> l:165,c:34          
                                                                                                                  
from_tb_b             66 (56:TRUE)     --              FALSE  ../SobelFilter.cpp,l:66,c:13 -> l:166,c:34          
                                                                                                                  
from_tb_r             66 (56:TRUE)     --              FALSE  ../SobelFilter.cpp,l:64,c:13 -> l:161,c:16          
                                                                                                                  
from_tb_g             66 (56:TRUE)     --              FALSE  ../SobelFilter.cpp,l:65,c:13 -> l:162,c:16          
                                                                                                                  
from_tb_b             66 (56:TRUE)     --              FALSE  ../SobelFilter.cpp,l:66,c:13 -> l:163,c:16          
                                                                                                                  
from_tb_r             67 (56:TRUE)     --              FALSE  ../SobelFilter.cpp,l:64,c:13 -> l:164,c:16          
                                                                                                                  
from_tb_g             67 (56:TRUE)     --              FALSE  ../SobelFilter.cpp,l:65,c:13 -> l:165,c:16          
                                                                                                                  
from_tb_b             67 (56:TRUE)     --              FALSE  ../SobelFilter.cpp,l:66,c:13 -> l:166,c:16          
                                                                                                                  
from_tb_r             67 (56:TRUE)     --              FALSE  ../SobelFilter.cpp,l:64,c:13 -> l:164,c:34          
                                                                                                                  
from_tb_g             67 (56:TRUE)     --              FALSE  ../SobelFilter.cpp,l:65,c:13 -> l:165,c:34          
                                                                                                                  
from_tb_b             67 (56:TRUE)     --              FALSE  ../SobelFilter.cpp,l:66,c:13 -> l:166,c:34          
                                                                                                                  
from_tb_r             68 (56:TRUE)     --              FALSE  ../SobelFilter.cpp,l:64,c:13 -> l:167,c:34          
                                                                                                                  
from_tb_g             68 (56:TRUE)     --              FALSE  ../SobelFilter.cpp,l:65,c:13                        
                                                                                                                  
from_tb_b             68 (56:TRUE)     --              FALSE  ../SobelFilter.cpp,l:66,c:13                        
                                                                                                                  
from_tb_r             68 (56:TRUE)     --              FALSE  ../SobelFilter.cpp,l:64,c:13 -> l:164,c:16          
                                                                                                                  
from_tb_g             68 (56:TRUE)     --              FALSE  ../SobelFilter.cpp,l:65,c:13 -> l:165,c:16          
                                                                                                                  
from_tb_b             68 (56:TRUE)     --              FALSE  ../SobelFilter.cpp,l:66,c:13 -> l:166,c:16          
                                                                                                                  
from_tb_r             69 (56:TRUE)     --              FALSE  ../SobelFilter.cpp,l:64,c:13 -> l:167,c:16          
                                                                                                                  
from_tb_g             69 (56:TRUE)     --              FALSE  ../SobelFilter.cpp,l:65,c:13 -> l:168,c:16          
                                                                                                                  
from_tb_b             69 (56:TRUE)     --              FALSE  ../SobelFilter.cpp,l:66,c:13 -> l:169,c:16          
                                                                                                                  
from_tb_r             69 (56:TRUE)     --              FALSE  ../SobelFilter.cpp,l:64,c:13 -> l:167,c:34          
                                                                                                                  
from_tb_g             69 (56:TRUE)     --              FALSE  ../SobelFilter.cpp,l:65,c:13                        
                                                                                                                  
from_tb_b             69 (56:TRUE)     --              FALSE  ../SobelFilter.cpp,l:66,c:13                        
                                                                                                                  
                      70 (56:TRUE)     --              FALSE  f:../SobelFilter.cpp,l:159,c:29                     
                                                                                                                  
from_tb_b             70 (56:TRUE)     --              FALSE  ../SobelFilter.cpp,l:66,c:13                        
                                                                                                                  
from_tb_r             70 (56:TRUE)     --              FALSE  ../SobelFilter.cpp,l:64,c:13 -> l:170,c:19          
                                                                                                                  
from_tb_g             70 (56:TRUE)     --              FALSE  ../SobelFilter.cpp,l:65,c:13                        
                                                                                                                  
from_tb_r             70 (56:TRUE)     --              FALSE  ../SobelFilter.cpp,l:64,c:13 -> l:167,c:16          
                                                                                                                  
from_tb_g             70 (56:TRUE)     --              FALSE  ../SobelFilter.cpp,l:65,c:13 -> l:168,c:16          
                                                                                                                  
from_tb_b             70 (56:TRUE)     --              FALSE  ../SobelFilter.cpp,l:66,c:13 -> l:169,c:16          
                                                                                                                  
f:../SobelFilter.cpp  71 (56:TRUE)     --              FALSE  & c:21                                              
                                                                                                                  
from_tb_b             71 (56:TRUE)     --              FALSE  ../SobelFilter.cpp,l:66,c:13                        
                                                                                                                  
from_tb_r             71 (56:TRUE)     --              FALSE  ../SobelFilter.cpp,l:64,c:13 -> l:170,c:19          
                                                                                                                  
from_tb_g             71 (56:TRUE)     --              FALSE  ../SobelFilter.cpp,l:65,c:13                        
                                                                                                                  
                                                                                                                  
Scheduler report for : gen_stalling_0                                                                             
-------------------------------------                                                                                            
                                                                                                                  
Op                    SID(BB;Clocked)  Pipeline Stage  IS     SRCLOC                                              
--                    ---------------  --------------  --     ------                                              
                                                                                                                  
o_result_r.gen_stall  5 (4:TRUE)       --              FALSE  ../SobelFilter.h,l:22,c:36                          
                                                                                                                  
o_result_r.gen_stall  6 (5:FALSE)      --              FALSE  ../SobelFilter.h,l:22,c:36                          
                                                                                                                  
o_result_r.gen_stall  6 (5:FALSE)      --              FALSE  ../SobelFilter.h,l:22,c:36                          
                                                                                                                  
o_result_r.gen_stall  6 (5:FALSE)      --              FALSE  ../SobelFilter.h,l:22,c:36                          
                                                                                                                  
                                                                                                                  
Scheduler report for : gen_unacked_req_0                                                                          
----------------------------------------                                                                                            
                                                                                                                  
Op                    SID(BB;Clocked)  Pipeline Stage  IS     SRCLOC                                              
--                    ---------------  --------------  --     ------                                              
                                                                                                                  
o_result_r.gen_unack  6 (5:FALSE)      --              FALSE  ../SobelFilter.h,l:22,c:36                          
                                                                                                                  
o_result_r.gen_unack  12 (11:FALSE)    --              FALSE  ../SobelFilter.h,l:22,c:36                          
                                                                                                                  
o_result_r.gen_unack  12 (11:FALSE)    --              FALSE  ../SobelFilter.h,l:22,c:36                          
                                                                                                                  
                                                                                                                  
Scheduler report for : gen_stalling_1                                                                             
-------------------------------------                                                                                            
                                                                                                                  
Op                    SID(BB;Clocked)  Pipeline Stage  IS     SRCLOC                                              
--                    ---------------  --------------  --     ------                                              
                                                                                                                  
o_result_g.gen_stall  5 (4:TRUE)       --              FALSE  ../SobelFilter.h,l:23,c:36                          
                                                                                                                  
o_result_g.gen_stall  6 (5:FALSE)      --              FALSE  ../SobelFilter.h,l:23,c:36                          
                                                                                                                  
o_result_g.gen_stall  6 (5:FALSE)      --              FALSE  ../SobelFilter.h,l:23,c:36                          
                                                                                                                  
o_result_g.gen_stall  6 (5:FALSE)      --              FALSE  ../SobelFilter.h,l:23,c:36                          
                                                                                                                  
                                                                                                                  
Scheduler report for : gen_unacked_req_1                                                                          
----------------------------------------                                                                                            
                                                                                                                  
Op                    SID(BB;Clocked)  Pipeline Stage  IS     SRCLOC                                              
--                    ---------------  --------------  --     ------                                              
                                                                                                                  
o_result_g.gen_unack  6 (5:FALSE)      --              FALSE  ../SobelFilter.h,l:23,c:36                          
                                                                                                                  
o_result_g.gen_unack  12 (11:FALSE)    --              FALSE  ../SobelFilter.h,l:23,c:36                          
                                                                                                                  
o_result_g.gen_unack  12 (11:FALSE)    --              FALSE  ../SobelFilter.h,l:23,c:36                          
                                                                                                                  
                                                                                                                  
Scheduler report for : gen_stalling_2                                                                             
-------------------------------------                                                                                            
                                                                                                                  
Op                    SID(BB;Clocked)  Pipeline Stage  IS     SRCLOC                                              
--                    ---------------  --------------  --     ------                                              
                                                                                                                  
o_result_b.gen_stall  5 (4:TRUE)       --              FALSE  ../SobelFilter.h,l:24,c:36                          
                                                                                                                  
o_result_b.gen_stall  6 (5:FALSE)      --              FALSE  ../SobelFilter.h,l:24,c:36                          
                                                                                                                  
o_result_b.gen_stall  6 (5:FALSE)      --              FALSE  ../SobelFilter.h,l:24,c:36                          
                                                                                                                  
o_result_b.gen_stall  6 (5:FALSE)      --              FALSE  ../SobelFilter.h,l:24,c:36                          
                                                                                                                  
                                                                                                                  
Scheduler report for : gen_unacked_req_2                                                                          
----------------------------------------                                                                                            
                                                                                                                  
Op                    SID(BB;Clocked)  Pipeline Stage  IS     SRCLOC                                              
--                    ---------------  --------------  --     ------                                              
                                                                                                                  
o_result_b.gen_unack  6 (5:FALSE)      --              FALSE  ../SobelFilter.h,l:24,c:36                          
                                                                                                                  
o_result_b.gen_unack  12 (11:FALSE)    --              FALSE  ../SobelFilter.h,l:24,c:36                          
                                                                                                                  
o_result_b.gen_unack  12 (11:FALSE)    --              FALSE  ../SobelFilter.h,l:24,c:36                          
                                                                                                                  
                                                                                                                  
Scheduler report for : gen_do_reg_vld                                                                             
-------------------------------------                                                                                            
                                                                                                                  
Op                    SID(BB;Clocked)  Pipeline Stage  IS     SRCLOC                                              
--                    ---------------  --------------  --     ------                                              
                                                                                                                  
i_rgb.gen_do_reg_vld  8 (7:FALSE)      --              FALSE  ../SobelFilter.h,l:21,c:36                          
                                                                                                                  
i_rgb                 10 (9:FALSE)     --              FALSE  ../SobelFilter.h,l:21,c:36                          
                                                                                                                  
i_rgb.gen_do_reg_vld  11 (10:TRUE)     --              FALSE  ../SobelFilter.h,l:21,c:36                          
                                                                                                                  
i_rgb.gen_do_reg_vld  14 (13:FALSE)    --              FALSE  ../SobelFilter.h,l:21,c:36                          
                                                                                                                  
i_rgb.gen_do_reg_vld  14 (13:FALSE)    --              FALSE  ../SobelFilter.h,l:21,c:36                          
                                                                                                                  
i_rgb.gen_do_reg_vld  14 (13:FALSE)    --              FALSE  ../SobelFilter.h,l:21,c:36                          
                                                                                                                  
i_rgb.gen_do_reg_vld  14 (13:FALSE)    --              FALSE  ../SobelFilter.h,l:21,c:36                          
                                                                                                                  
                                                                                                                  
Scheduler report for : gen_busy                                                                                   
-------------------------------                                                                                            
                                                                                                                  
Op                    SID(BB;Clocked)  Pipeline Stage  IS     SRCLOC                                              
--                    ---------------  --------------  --     ------                                              
                                                                                                                  
i_rgb.gen_busy::use_  7 (6:FALSE)      --              FALSE  ../SobelFilter.h,l:21,c:36                          
                                                                                                                  
i_rgb.gen_busy        7 (6:FALSE)      --              FALSE  ../SobelFilter.h,l:21,c:36                          
                                                                                                                  
i_rgb.gen_busy        7 (6:FALSE)      --              FALSE  ../SobelFilter.h,l:21,c:36                          
                                                                                                                  
i_rgb.gen_busy        7 (6:FALSE)      --              FALSE  ../SobelFilter.h,l:21,c:36                          
                                                                                                                  
i_rgb.gen_busy        7 (6:FALSE)      --              FALSE  ../SobelFilter.h,l:21,c:36                          
                                                                                                                  
i_rgb.gen_busy        7 (6:FALSE)      --              FALSE  ../SobelFilter.h,l:21,c:36                          
                                                                                                                  
i_rgb.gen_busy        7 (6:FALSE)      --              FALSE  ../SobelFilter.h,l:21,c:36                          
                                                                                                                  
i_rgb.gen_busy        8 (7:FALSE)      --              FALSE  ../SobelFilter.h,l:21,c:36                          
                                                                                                                  
i_rgb.gen_busy        8 (7:FALSE)      --              FALSE  ../SobelFilter.h,l:21,c:36                          
                                                                                                                  
i_rgb.gen_busy        8 (7:FALSE)      --              FALSE  ../SobelFilter.h,l:21,c:36                          
                                                                                                                  
i_rgb.gen_busy        8 (7:FALSE)      --              FALSE  ../SobelFilter.h,l:21,c:36                          
                                                                                                                  
                                                                                                                  
