=========================================================
Scheduler report file
Generated by stratus_hls 19.12-s100  (91710.131054)
On:          Sun May  2 00:39:17 2021
Project Dir: /home/m109/m109061613/EE6470/test/pipeline/stratus
Module:      ImageGradient
HLS Config:  BASIC
=========================================================
Scheduler report for : gen_prev_trig_reg                                                                          
----------------------------------------                                                                                            
                                                                                                                  
Op                    SID(BB;Clocked)  Pipeline Stage  IS     SRCLOC                                              
--                    ---------------  --------------  --     ------                                              
                                                                                                                  
o_result.m_req.gen_p  6 (5:FALSE)      --              FALSE  ../ImageGradient.h,l:23,c:37                        
                                                                                                                  
o_result.m_req.gen_p  12 (11:FALSE)    --              FALSE  ../ImageGradient.h,l:23,c:37                        
                                                                                                                  
o_result.m_req.gen_p  12 (11:FALSE)    --              FALSE  ../ImageGradient.h,l:23,c:37                        
                                                                                                                  
                                                                                                                  
Scheduler report for : gen_active                                                                                 
---------------------------------                                                                                            
                                                                                                                  
Op                    SID(BB;Clocked)  Pipeline Stage  IS     SRCLOC                                              
--                    ---------------  --------------  --     ------                                              
                                                                                                                  
o_result.m_req.gen_a  4 (3:FALSE)      --              FALSE  ../ImageGradient.h,l:23,c:37                        
                                                                                                                  
o_result.m_req.gen_a  4 (3:FALSE)      --              FALSE  ../ImageGradient.h,l:23,c:37                        
                                                                                                                  
o_result.m_req.gen_a  4 (3:FALSE)      --              FALSE  ../ImageGradient.h,l:23,c:37                        
                                                                                                                  
o_result.m_req.gen_a  4 (3:FALSE)      --              FALSE  ../ImageGradient.h,l:23,c:37                        
                                                                                                                  
                                                                                                                  
Scheduler report for : gen_vld                                                                                    
------------------------------                                                                                            
                                                                                                                  
Op                    SID(BB;Clocked)  Pipeline Stage  IS     SRCLOC                                              
--                    ---------------  --------------  --     ------                                              
                                                                                                                  
o_result.gen_vld      4 (3:FALSE)      --              FALSE  ../ImageGradient.h,l:23,c:37                        
                                                                                                                  
o_result.gen_vld      4 (3:FALSE)      --              FALSE  ../ImageGradient.h,l:23,c:37                        
                                                                                                                  
o_result.gen_vld      4 (3:FALSE)      --              FALSE  ../ImageGradient.h,l:23,c:37                        
                                                                                                                  
o_result.gen_vld      4 (3:FALSE)      --              FALSE  ../ImageGradient.h,l:23,c:37                        
                                                                                                                  
                                                                                                                  
Scheduler report for : gen_next_trig_reg                                                                          
----------------------------------------                                                                                            
                                                                                                                  
Op                    SID(BB;Clocked)  Pipeline Stage  IS     SRCLOC                                              
--                    ---------------  --------------  --     ------                                              
                                                                                                                  
o_result.m_req.gen_n  3 (2:TRUE)       --              FALSE  ../ImageGradient.h,l:23,c:37                        
                                                                                                                  
o_result.m_req.gen_n  3 (2:TRUE)       --              FALSE  ../ImageGradient.h,l:23,c:37                        
                                                                                                                  
o_result.m_req.gen_n  3 (2:TRUE)       --              FALSE  ../ImageGradient.h,l:23,c:37                        
                                                                                                                  
                                                                                                                  
Scheduler report for : gen_unvalidated_req                                                                        
------------------------------------------                                                                                            
                                                                                                                  
Op                    SID(BB;Clocked)  Pipeline Stage  IS     SRCLOC                                              
--                    ---------------  --------------  --     ------                                              
                                                                                                                  
i_grey.gen_unvalidat  8 (7:FALSE)      --              FALSE  ../ImageGradient.h,l:22,c:36                        
                                                                                                                  
i_grey                10 (9:FALSE)     --              FALSE  ../ImageGradient.h,l:22,c:36                        
                                                                                                                  
i_grey.gen_unvalidat  11 (10:TRUE)     --              FALSE  ../ImageGradient.h,l:22,c:36                        
                                                                                                                  
i_grey.gen_unvalidat  14 (13:FALSE)    --              FALSE  ../ImageGradient.h,l:22,c:36                        
                                                                                                                  
i_grey.gen_unvalidat  14 (13:FALSE)    --              FALSE  ../ImageGradient.h,l:22,c:36                        
                                                                                                                  
i_grey.gen_unvalidat  14 (13:FALSE)    --              FALSE  ../ImageGradient.h,l:22,c:36                        
                                                                                                                  
i_grey.gen_unvalidat  14 (13:FALSE)    --              FALSE  ../ImageGradient.h,l:22,c:36                        
                                                                                                                  
                                                                                                                  
Scheduler report for : gen_do_stall_reg_full                                                                      
--------------------------------------------                                                                                            
                                                                                                                  
Op                    SID(BB;Clocked)  Pipeline Stage  IS     SRCLOC                                              
--                    ---------------  --------------  --     ------                                              
                                                                                                                  
i_grey.gen_do_stall_  6 (5:FALSE)      --              FALSE  ../ImageGradient.h,l:22,c:36                        
                                                                                                                  
i_grey.gen_do_stall_  12 (11:FALSE)    --              FALSE  ../ImageGradient.h,l:22,c:36                        
                                                                                                                  
i_grey.gen_do_stall_  12 (11:FALSE)    --              FALSE  ../ImageGradient.h,l:22,c:36                        
                                                                                                                  
i_grey.gen_do_stall_  12 (11:FALSE)    --              FALSE  ../ImageGradient.h,l:22,c:36                        
                                                                                                                  
i_grey.gen_do_stall_  12 (11:FALSE)    --              FALSE  ../ImageGradient.h,l:22,c:36                        
                                                                                                                  
                                                                                                                  
Scheduler report for : do_filter                                                                                  
--------------------------------                                                                                            
                                                                                                                  
Op                    SID(BB;Clocked)  Pipeline Stage  IS     SRCLOC                                              
--                    ---------------  --------------  --     ------                                              
                                                                                                                  
i_grey.m_busy_req_0.  3 (2:FALSE)      --              FALSE  @(f:../ImageGradient.h,l:22,c:36->f:/usr/cadtool/c  
                                                                                                                  
i_grey.m_stalling.re  3 (2:FALSE)      --              FALSE  @(f:../ImageGradient.h,l:22,c:36->f:/usr/cadtool/c  
                                                                                                                  
o_result.m_req.m_tri  3 (2:FALSE)      --              FALSE  @(f:../ImageGradient.h,l:23,c:37->f:/usr/cadtool/c  
                                                                                                                  
filter2               5 (4:FALSE)      --              FALSE  ../ImageGradient.cpp,l:19,c:11 -> l:41,c:2          
                                                                                                                  
v                     5 (4:FALSE)      --              FALSE  ../ImageGradient.cpp,l:30,c:13 -> l:43,c:8          
                                                                                                                  
B                     5 (4:FALSE)      --              FALSE  ../ImageGradient.cpp,l:32,c:20 -> l:42,c:13         
                                                                                                                  
G                     5 (4:FALSE)      --              FALSE  ../ImageGradient.cpp,l:32,c:17 -> l:42,c:9          
                                                                                                                  
R                     5 (4:FALSE)      --              FALSE  ../ImageGradient.cpp,l:32,c:14 -> l:42,c:5          
                                                                                                                  
B                     6 (5:FALSE)      --              FALSE  ../ImageGradient.cpp,l:32,c:20 -> l:43,c:3          
                                                                                                                  
G                     6 (5:FALSE)      --              FALSE  ../ImageGradient.cpp,l:32,c:17 -> l:43,c:3          
                                                                                                                  
R                     6 (5:FALSE)      --              FALSE  ../ImageGradient.cpp,l:32,c:14 -> l:43,c:3          
                                                                                                                  
v                     6 (5:FALSE)      --              FALSE  ../ImageGradient.cpp,l:30,c:13 -> l:43,c:35         
                                                                                                                  
filter2               6 (5:FALSE)      --              FALSE  ../ImageGradient.cpp,l:19,c:11 -> l:43,c:3          
                                                                                                                  
u                     6 (5:FALSE)      --              FALSE  ../ImageGradient.cpp,l:30,c:16 -> l:45,c:9          
                                                                                                                  
filter2               6 (5:FALSE)      --              FALSE  ../ImageGradient.cpp,l:19,c:11                      
                                                                                                                  
                      6 (5:FALSE)      --              FALSE  f:../ImageGradient.cpp,l:43,c:33                    
                                                                                                                  
B                     7 (6:FALSE)      --              FALSE  ../ImageGradient.cpp,l:32,c:20 -> l:57,c:6          
                                                                                                                  
G                     7 (6:FALSE)      --              FALSE  ../ImageGradient.cpp,l:32,c:17 -> l:56,c:6          
                                                                                                                  
R                     7 (6:FALSE)      --              FALSE  ../ImageGradient.cpp,l:32,c:14 -> l:55,c:6          
                                                                                                                  
u                     7 (6:FALSE)      --              FALSE  ../ImageGradient.cpp,l:30,c:16 -> l:45,c:35         
                                                                                                                  
filter2               7 (6:FALSE)      --              FALSE  ../ImageGradient.cpp,l:19,c:11 -> l:55,c:41         
                                                                                                                  
i_grey.m_busy_req_0.  8 (7:FALSE)      --              FALSE  @(f:../ImageGradient.h,l:22,c:36->f:/usr/cadtool/c  
                                                                                                                  
i_grey                10 (9:TRUE)      --              FALSE  ../ImageGradient.h,l:22,c:36                        
                                                                                                                  
do_filter::get        10 (9:TRUE)      --              FALSE  ../ImageGradient.cpp,l:28,c:21 mapped               
                                                                                                                  
filter2               10 (9:TRUE)      --              FALSE  ../ImageGradient.cpp,l:19,c:11                      
                                                                                                                  
i_grey.m_busy_req_0.  11 (10:FALSE)    --              FALSE  @(f:../ImageGradient.h,l:22,c:36->f:/usr/cadtool/c  
                                                                                                                  
                      13 (12:FALSE)    --              FALSE  f:../ImageGradient.cpp,l:45,c:33                    
                                                                                                                  
i_grey.data.get::nb_  13 (12:FALSE)    --              FALSE  @(f:../ImageGradient.h,l:22,c:36->f:/usr/cadtool/c  
                                                                                                                  
filter2               14 (13:TRUE)     --              FALSE  ../ImageGradient.cpp,l:19,c:11                      
                                                                                                                  
                      14 (13:TRUE)     --              FALSE  f:../ImageGradient.cpp,l:55,c:29                    
                                                                                                                  
operator+=            14 (13:TRUE)     --              FALSE  ../ImageGradient.cpp,l:55,c:8                       
                                                                                                                  
                      15 (13:TRUE)     --              FALSE  f:../ImageGradient.cpp,l:56,c:29                    
                                                                                                                  
operator+=            15 (13:TRUE)     --              FALSE  ../ImageGradient.cpp,l:56,c:8                       
                                                                                                                  
                      16 (13:TRUE)     --              FALSE  f:../ImageGradient.cpp,l:57,c:29                    
                                                                                                                  
operator+=            16 (13:TRUE)     --              FALSE  ../ImageGradient.cpp,l:57,c:8                       
                                                                                                                  
                      17 (13:TRUE)     --              FALSE  f:../ImageGradient.cpp,l:45,c:18                    
                                                                                                                  
                      19 (15:FALSE)    --              FALSE  f:../ImageGradient.cpp,l:43,c:17                    
                                                                                                                  
                      22 (17:TRUE)     --              FALSE  f:../ImageGradient.cpp,l:60,c:39                    
                                                                                                                  
                      24 (18:FALSE)    --              FALSE  f:../ImageGradient.cpp,l:61,c:40                    
                                                                                                                  
                      24 (18:FALSE)    --              FALSE  f:../ImageGradient.cpp,l:62,c:41                    
                                                                                                                  
result                24 (18:FALSE)    --              FALSE  ../ImageGradient.cpp,l:31,c:14 -> l:62,c:3          
                                                                                                                  
o_result.data.put::n  24 (18:FALSE)    --              FALSE  @(f:../ImageGradient.h,l:23,c:37->f:/usr/cadtool/c  
                                                                                                                  
o_result              24 (18:FALSE)    --              FALSE  ../ImageGradient.h,l:23,c:37                        
                                                                                                                  
o_result.m_req.m_tri  24 (18:FALSE)    --              FALSE  @(f:../ImageGradient.h,l:23,c:37->f:/usr/cadtool/c  
                                                                                                                  
o_result              26 (20:TRUE)     --              FALSE  ../ImageGradient.h,l:23,c:37                        
                                                                                                                  
do_filter::put        26 (20:TRUE)     --              FALSE  ../ImageGradient.cpp,l:28,c:21 mapped               
                                                                                                                  
                                                                                                                  
Scheduler report for : gen_stalling                                                                               
-----------------------------------                                                                                            
                                                                                                                  
Op                    SID(BB;Clocked)  Pipeline Stage  IS     SRCLOC                                              
--                    ---------------  --------------  --     ------                                              
                                                                                                                  
o_result.gen_stallin  5 (4:TRUE)       --              FALSE  ../ImageGradient.h,l:23,c:37                        
                                                                                                                  
o_result.gen_stallin  6 (5:FALSE)      --              FALSE  ../ImageGradient.h,l:23,c:37                        
                                                                                                                  
o_result.gen_stallin  6 (5:FALSE)      --              FALSE  ../ImageGradient.h,l:23,c:37                        
                                                                                                                  
o_result.gen_stallin  6 (5:FALSE)      --              FALSE  ../ImageGradient.h,l:23,c:37                        
                                                                                                                  
                                                                                                                  
Scheduler report for : gen_unacked_req                                                                            
--------------------------------------                                                                                            
                                                                                                                  
Op                    SID(BB;Clocked)  Pipeline Stage  IS     SRCLOC                                              
--                    ---------------  --------------  --     ------                                              
                                                                                                                  
o_result.gen_unacked  6 (5:FALSE)      --              FALSE  ../ImageGradient.h,l:23,c:37                        
                                                                                                                  
o_result.gen_unacked  12 (11:FALSE)    --              FALSE  ../ImageGradient.h,l:23,c:37                        
                                                                                                                  
o_result.gen_unacked  12 (11:FALSE)    --              FALSE  ../ImageGradient.h,l:23,c:37                        
                                                                                                                  
                                                                                                                  
Scheduler report for : gen_do_reg_vld                                                                             
-------------------------------------                                                                                            
                                                                                                                  
Op                    SID(BB;Clocked)  Pipeline Stage  IS     SRCLOC                                              
--                    ---------------  --------------  --     ------                                              
                                                                                                                  
i_grey.gen_do_reg_vl  8 (7:FALSE)      --              FALSE  ../ImageGradient.h,l:22,c:36                        
                                                                                                                  
i_grey                10 (9:FALSE)     --              FALSE  ../ImageGradient.h,l:22,c:36                        
                                                                                                                  
i_grey.gen_do_reg_vl  11 (10:TRUE)     --              FALSE  ../ImageGradient.h,l:22,c:36                        
                                                                                                                  
i_grey.gen_do_reg_vl  14 (13:FALSE)    --              FALSE  ../ImageGradient.h,l:22,c:36                        
                                                                                                                  
i_grey.gen_do_reg_vl  14 (13:FALSE)    --              FALSE  ../ImageGradient.h,l:22,c:36                        
                                                                                                                  
i_grey.gen_do_reg_vl  14 (13:FALSE)    --              FALSE  ../ImageGradient.h,l:22,c:36                        
                                                                                                                  
i_grey.gen_do_reg_vl  14 (13:FALSE)    --              FALSE  ../ImageGradient.h,l:22,c:36                        
                                                                                                                  
                                                                                                                  
Scheduler report for : gen_busy                                                                                   
-------------------------------                                                                                            
                                                                                                                  
Op                    SID(BB;Clocked)  Pipeline Stage  IS     SRCLOC                                              
--                    ---------------  --------------  --     ------                                              
                                                                                                                  
i_grey.gen_busy::use  7 (6:FALSE)      --              FALSE  ../ImageGradient.h,l:22,c:36                        
                                                                                                                  
i_grey.gen_busy       7 (6:FALSE)      --              FALSE  ../ImageGradient.h,l:22,c:36                        
                                                                                                                  
i_grey.gen_busy       7 (6:FALSE)      --              FALSE  ../ImageGradient.h,l:22,c:36                        
                                                                                                                  
i_grey.gen_busy       7 (6:FALSE)      --              FALSE  ../ImageGradient.h,l:22,c:36                        
                                                                                                                  
i_grey.gen_busy       7 (6:FALSE)      --              FALSE  ../ImageGradient.h,l:22,c:36                        
                                                                                                                  
i_grey.gen_busy       7 (6:FALSE)      --              FALSE  ../ImageGradient.h,l:22,c:36                        
                                                                                                                  
i_grey.gen_busy       7 (6:FALSE)      --              FALSE  ../ImageGradient.h,l:22,c:36                        
                                                                                                                  
i_grey.gen_busy       8 (7:FALSE)      --              FALSE  ../ImageGradient.h,l:22,c:36                        
                                                                                                                  
i_grey.gen_busy       8 (7:FALSE)      --              FALSE  ../ImageGradient.h,l:22,c:36                        
                                                                                                                  
i_grey.gen_busy       8 (7:FALSE)      --              FALSE  ../ImageGradient.h,l:22,c:36                        
                                                                                                                  
i_grey.gen_busy       8 (7:FALSE)      --              FALSE  ../ImageGradient.h,l:22,c:36                        
                                                                                                                  
                                                                                                                  
