=========================================================
Scheduler report file
Generated by stratus_hls 19.12-s100  (91710.131054)
On:          Thu May  6 00:44:09 2021
Project Dir: /home/m109/m109061613/EE6470/test/batch_notime/stratus
Module:      SobelFilter
HLS Config:  BASIC
=========================================================
Scheduler report for : gen_prev_trig_reg_0                                                                        
------------------------------------------                                                                                            
                                                                                                                  
Op                    SID(BB;Clocked)  Pipeline Stage  IS     SRCLOC                                              
--                    ---------------  --------------  --     ------                                              
                                                                                                                  
o_result_r.m_req.gen  6 (5:FALSE)      --              FALSE  ../SobelFilter.h,l:22,c:36                          
                                                                                                                  
o_result_r.m_req.gen  12 (11:FALSE)    --              FALSE  ../SobelFilter.h,l:22,c:36                          
                                                                                                                  
o_result_r.m_req.gen  12 (11:FALSE)    --              FALSE  ../SobelFilter.h,l:22,c:36                          
                                                                                                                  
                                                                                                                  
Scheduler report for : gen_prev_trig_reg_1                                                                        
------------------------------------------                                                                                            
                                                                                                                  
Op                    SID(BB;Clocked)  Pipeline Stage  IS     SRCLOC                                              
--                    ---------------  --------------  --     ------                                              
                                                                                                                  
o_result_g.m_req.gen  6 (5:FALSE)      --              FALSE  ../SobelFilter.h,l:23,c:36                          
                                                                                                                  
o_result_g.m_req.gen  12 (11:FALSE)    --              FALSE  ../SobelFilter.h,l:23,c:36                          
                                                                                                                  
o_result_g.m_req.gen  12 (11:FALSE)    --              FALSE  ../SobelFilter.h,l:23,c:36                          
                                                                                                                  
                                                                                                                  
Scheduler report for : gen_prev_trig_reg_2                                                                        
------------------------------------------                                                                                            
                                                                                                                  
Op                    SID(BB;Clocked)  Pipeline Stage  IS     SRCLOC                                              
--                    ---------------  --------------  --     ------                                              
                                                                                                                  
o_result_b.m_req.gen  6 (5:FALSE)      --              FALSE  ../SobelFilter.h,l:24,c:36                          
                                                                                                                  
o_result_b.m_req.gen  12 (11:FALSE)    --              FALSE  ../SobelFilter.h,l:24,c:36                          
                                                                                                                  
o_result_b.m_req.gen  12 (11:FALSE)    --              FALSE  ../SobelFilter.h,l:24,c:36                          
                                                                                                                  
                                                                                                                  
Scheduler report for : gen_active_0                                                                               
-----------------------------------                                                                                            
                                                                                                                  
Op                    SID(BB;Clocked)  Pipeline Stage  IS     SRCLOC                                              
--                    ---------------  --------------  --     ------                                              
                                                                                                                  
o_result_r.m_req.gen  4 (3:FALSE)      --              FALSE  ../SobelFilter.h,l:22,c:36                          
                                                                                                                  
o_result_r.m_req.gen  4 (3:FALSE)      --              FALSE  ../SobelFilter.h,l:22,c:36                          
                                                                                                                  
o_result_r.m_req.gen  4 (3:FALSE)      --              FALSE  ../SobelFilter.h,l:22,c:36                          
                                                                                                                  
o_result_r.m_req.gen  4 (3:FALSE)      --              FALSE  ../SobelFilter.h,l:22,c:36                          
                                                                                                                  
                                                                                                                  
Scheduler report for : gen_vld_0                                                                                  
--------------------------------                                                                                            
                                                                                                                  
Op                    SID(BB;Clocked)  Pipeline Stage  IS     SRCLOC                                              
--                    ---------------  --------------  --     ------                                              
                                                                                                                  
o_result_r.gen_vld    4 (3:FALSE)      --              FALSE  ../SobelFilter.h,l:22,c:36                          
                                                                                                                  
o_result_r.gen_vld    4 (3:FALSE)      --              FALSE  ../SobelFilter.h,l:22,c:36                          
                                                                                                                  
o_result_r.gen_vld    4 (3:FALSE)      --              FALSE  ../SobelFilter.h,l:22,c:36                          
                                                                                                                  
o_result_r.gen_vld    4 (3:FALSE)      --              FALSE  ../SobelFilter.h,l:22,c:36                          
                                                                                                                  
                                                                                                                  
Scheduler report for : gen_next_trig_reg_0                                                                        
------------------------------------------                                                                                            
                                                                                                                  
Op                    SID(BB;Clocked)  Pipeline Stage  IS     SRCLOC                                              
--                    ---------------  --------------  --     ------                                              
                                                                                                                  
o_result_r.m_req.gen  3 (2:TRUE)       --              FALSE  ../SobelFilter.h,l:22,c:36                          
                                                                                                                  
o_result_r.m_req.gen  3 (2:TRUE)       --              FALSE  ../SobelFilter.h,l:22,c:36                          
                                                                                                                  
o_result_r.m_req.gen  3 (2:TRUE)       --              FALSE  ../SobelFilter.h,l:22,c:36                          
                                                                                                                  
                                                                                                                  
Scheduler report for : gen_active_1                                                                               
-----------------------------------                                                                                            
                                                                                                                  
Op                    SID(BB;Clocked)  Pipeline Stage  IS     SRCLOC                                              
--                    ---------------  --------------  --     ------                                              
                                                                                                                  
o_result_g.m_req.gen  4 (3:FALSE)      --              FALSE  ../SobelFilter.h,l:23,c:36                          
                                                                                                                  
o_result_g.m_req.gen  4 (3:FALSE)      --              FALSE  ../SobelFilter.h,l:23,c:36                          
                                                                                                                  
o_result_g.m_req.gen  4 (3:FALSE)      --              FALSE  ../SobelFilter.h,l:23,c:36                          
                                                                                                                  
o_result_g.m_req.gen  4 (3:FALSE)      --              FALSE  ../SobelFilter.h,l:23,c:36                          
                                                                                                                  
                                                                                                                  
Scheduler report for : gen_vld_1                                                                                  
--------------------------------                                                                                            
                                                                                                                  
Op                    SID(BB;Clocked)  Pipeline Stage  IS     SRCLOC                                              
--                    ---------------  --------------  --     ------                                              
                                                                                                                  
o_result_g.gen_vld    4 (3:FALSE)      --              FALSE  ../SobelFilter.h,l:23,c:36                          
                                                                                                                  
o_result_g.gen_vld    4 (3:FALSE)      --              FALSE  ../SobelFilter.h,l:23,c:36                          
                                                                                                                  
o_result_g.gen_vld    4 (3:FALSE)      --              FALSE  ../SobelFilter.h,l:23,c:36                          
                                                                                                                  
o_result_g.gen_vld    4 (3:FALSE)      --              FALSE  ../SobelFilter.h,l:23,c:36                          
                                                                                                                  
                                                                                                                  
Scheduler report for : gen_next_trig_reg_1                                                                        
------------------------------------------                                                                                            
                                                                                                                  
Op                    SID(BB;Clocked)  Pipeline Stage  IS     SRCLOC                                              
--                    ---------------  --------------  --     ------                                              
                                                                                                                  
o_result_g.m_req.gen  3 (2:TRUE)       --              FALSE  ../SobelFilter.h,l:23,c:36                          
                                                                                                                  
o_result_g.m_req.gen  3 (2:TRUE)       --              FALSE  ../SobelFilter.h,l:23,c:36                          
                                                                                                                  
o_result_g.m_req.gen  3 (2:TRUE)       --              FALSE  ../SobelFilter.h,l:23,c:36                          
                                                                                                                  
                                                                                                                  
Scheduler report for : gen_active_2                                                                               
-----------------------------------                                                                                            
                                                                                                                  
Op                    SID(BB;Clocked)  Pipeline Stage  IS     SRCLOC                                              
--                    ---------------  --------------  --     ------                                              
                                                                                                                  
o_result_b.m_req.gen  4 (3:FALSE)      --              FALSE  ../SobelFilter.h,l:24,c:36                          
                                                                                                                  
o_result_b.m_req.gen  4 (3:FALSE)      --              FALSE  ../SobelFilter.h,l:24,c:36                          
                                                                                                                  
o_result_b.m_req.gen  4 (3:FALSE)      --              FALSE  ../SobelFilter.h,l:24,c:36                          
                                                                                                                  
o_result_b.m_req.gen  4 (3:FALSE)      --              FALSE  ../SobelFilter.h,l:24,c:36                          
                                                                                                                  
                                                                                                                  
Scheduler report for : gen_vld_2                                                                                  
--------------------------------                                                                                            
                                                                                                                  
Op                    SID(BB;Clocked)  Pipeline Stage  IS     SRCLOC                                              
--                    ---------------  --------------  --     ------                                              
                                                                                                                  
o_result_b.gen_vld    4 (3:FALSE)      --              FALSE  ../SobelFilter.h,l:24,c:36                          
                                                                                                                  
o_result_b.gen_vld    4 (3:FALSE)      --              FALSE  ../SobelFilter.h,l:24,c:36                          
                                                                                                                  
o_result_b.gen_vld    4 (3:FALSE)      --              FALSE  ../SobelFilter.h,l:24,c:36                          
                                                                                                                  
o_result_b.gen_vld    4 (3:FALSE)      --              FALSE  ../SobelFilter.h,l:24,c:36                          
                                                                                                                  
                                                                                                                  
Scheduler report for : gen_next_trig_reg_2                                                                        
------------------------------------------                                                                                            
                                                                                                                  
Op                    SID(BB;Clocked)  Pipeline Stage  IS     SRCLOC                                              
--                    ---------------  --------------  --     ------                                              
                                                                                                                  
o_result_b.m_req.gen  3 (2:TRUE)       --              FALSE  ../SobelFilter.h,l:24,c:36                          
                                                                                                                  
o_result_b.m_req.gen  3 (2:TRUE)       --              FALSE  ../SobelFilter.h,l:24,c:36                          
                                                                                                                  
o_result_b.m_req.gen  3 (2:TRUE)       --              FALSE  ../SobelFilter.h,l:24,c:36                          
                                                                                                                  
                                                                                                                  
Scheduler report for : gen_unvalidated_req                                                                        
------------------------------------------                                                                                            
                                                                                                                  
Op                    SID(BB;Clocked)  Pipeline Stage  IS     SRCLOC                                              
--                    ---------------  --------------  --     ------                                              
                                                                                                                  
i_rgb.gen_unvalidate  8 (7:FALSE)      --              FALSE  ../SobelFilter.h,l:21,c:36                          
                                                                                                                  
i_rgb                 10 (9:FALSE)     --              FALSE  ../SobelFilter.h,l:21,c:36                          
                                                                                                                  
i_rgb.gen_unvalidate  11 (10:TRUE)     --              FALSE  ../SobelFilter.h,l:21,c:36                          
                                                                                                                  
i_rgb.gen_unvalidate  14 (13:FALSE)    --              FALSE  ../SobelFilter.h,l:21,c:36                          
                                                                                                                  
i_rgb.gen_unvalidate  14 (13:FALSE)    --              FALSE  ../SobelFilter.h,l:21,c:36                          
                                                                                                                  
i_rgb.gen_unvalidate  14 (13:FALSE)    --              FALSE  ../SobelFilter.h,l:21,c:36                          
                                                                                                                  
i_rgb.gen_unvalidate  14 (13:FALSE)    --              FALSE  ../SobelFilter.h,l:21,c:36                          
                                                                                                                  
                                                                                                                  
Scheduler report for : gen_do_stall_reg_full                                                                      
--------------------------------------------                                                                                            
                                                                                                                  
Op                    SID(BB;Clocked)  Pipeline Stage  IS     SRCLOC                                              
--                    ---------------  --------------  --     ------                                              
                                                                                                                  
i_rgb.gen_do_stall_r  6 (5:FALSE)      --              FALSE  ../SobelFilter.h,l:21,c:36                          
                                                                                                                  
i_rgb.gen_do_stall_r  12 (11:FALSE)    --              FALSE  ../SobelFilter.h,l:21,c:36                          
                                                                                                                  
i_rgb.gen_do_stall_r  12 (11:FALSE)    --              FALSE  ../SobelFilter.h,l:21,c:36                          
                                                                                                                  
i_rgb.gen_do_stall_r  12 (11:FALSE)    --              FALSE  ../SobelFilter.h,l:21,c:36                          
                                                                                                                  
i_rgb.gen_do_stall_r  12 (11:FALSE)    --              FALSE  ../SobelFilter.h,l:21,c:36                          
                                                                                                                  
                                                                                                                  
Scheduler report for : do_filter                                                                                  
--------------------------------                                                                                            
                                                                                                                  
Op                    SID(BB;Clocked)  Pipeline Stage  IS     SRCLOC                                              
--                    ---------------  --------------  --     ------                                              
                                                                                                                  
i_rgb.m_busy_req_0.r  9 (8:FALSE)      --              FALSE  @(f:../SobelFilter.h,l:21,c:36->f:/usr/cadtool/cad  
                                                                                                                  
i_rgb.m_stalling.res  9 (8:FALSE)      --              FALSE  @(f:../SobelFilter.h,l:21,c:36->f:/usr/cadtool/cad  
                                                                                                                  
o_result_r.m_req.m_t  9 (8:FALSE)      --              FALSE  @(f:../SobelFilter.h,l:22,c:36->f:/usr/cadtool/cad  
                                                                                                                  
o_result_g.m_req.m_t  9 (8:FALSE)      --              FALSE  @(f:../SobelFilter.h,l:23,c:36->f:/usr/cadtool/cad  
                                                                                                                  
o_result_b.m_req.m_t  9 (8:FALSE)      --              FALSE  @(f:../SobelFilter.h,l:24,c:36->f:/usr/cadtool/cad  
                                                                                                                  
y                     10 (9:TRUE)      --              FALSE  ../SobelFilter.cpp,l:67,c:9 -> l:83,c:7             
                                                                                                                  
y                     12 (11:FALSE)    --              FALSE  ../SobelFilter.cpp,l:67,c:9 -> l:83,c:21            
                                                                                                                  
from_tb_r             12 (11:FALSE)    --              FALSE  ../SobelFilter.cpp,l:64,c:13 -> l:83,c:2            
                                                                                                                  
from_tb_g             12 (11:FALSE)    --              FALSE  ../SobelFilter.cpp,l:65,c:13 -> l:83,c:2            
                                                                                                                  
from_tb_b             12 (11:FALSE)    --              FALSE  ../SobelFilter.cpp,l:66,c:13 -> l:83,c:2            
                                                                                                                  
x                     12 (11:FALSE)    --              FALSE  ../SobelFilter.cpp,l:67,c:6 -> l:85,c:8             
                                                                                                                  
x                     13 (12:FALSE)    --              FALSE  ../SobelFilter.cpp,l:67,c:6 -> l:85,c:24            
                                                                                                                  
from_tb_r             13 (12:FALSE)    --              FALSE  ../SobelFilter.cpp,l:64,c:13 -> l:95,c:16           
                                                                                                                  
from_tb_g             13 (12:FALSE)    --              FALSE  ../SobelFilter.cpp,l:65,c:13 -> l:96,c:16           
                                                                                                                  
from_tb_b             13 (12:FALSE)    --              FALSE  ../SobelFilter.cpp,l:66,c:13 -> l:97,c:16           
                                                                                                                  
i_rgb.m_busy_req_0.g  14 (13:FALSE)    --              FALSE  @(f:../SobelFilter.h,l:21,c:36->f:/usr/cadtool/cad  
                                                                                                                  
i_rgb                 16 (15:TRUE)     --              FALSE  ../SobelFilter.h,l:21,c:36                          
                                                                                                                  
do_filter::get        16 (15:TRUE)     --              FALSE  ../SobelFilter.cpp,l:56,c:19 mapped                 
                                                                                                                  
i_rgb.m_busy_req_0.g  17 (16:FALSE)    --              FALSE  @(f:../SobelFilter.h,l:21,c:36->f:/usr/cadtool/cad  
                                                                                                                  
CynTemp_15            19 (18:FALSE)    --              FALSE  ../SobelFilter.cpp,l:97,c:16                        
                                                                                                                  
CynTemp_14            19 (18:FALSE)    --              FALSE  ../SobelFilter.cpp,l:96,c:16                        
                                                                                                                  
CynTemp_13            19 (18:FALSE)    --              FALSE  ../SobelFilter.cpp,l:95,c:16                        
                                                                                                                  
                      19 (18:FALSE)    --              FALSE  f:../SobelFilter.cpp,l:83,c:22                      
                                                                                                                  
                      19 (18:FALSE)    --              FALSE  f:../SobelFilter.cpp,l:85,c:25                      
                                                                                                                  
                      19 (18:FALSE)    --              FALSE  f:../SobelFilter.cpp,l:85,c:17                      
                                                                                                                  
i_rgb.data.get::nb_g  19 (18:FALSE)    --              FALSE  @(f:../SobelFilter.h,l:21,c:36->f:/usr/cadtool/cad  
                                                                                                                  
from_tb_r             20 (19:TRUE)     --              FALSE  ../SobelFilter.cpp,l:64,c:13 -> l:95,c:16           
                                                                                                                  
from_tb_g             20 (19:TRUE)     --              FALSE  ../SobelFilter.cpp,l:65,c:13 -> l:96,c:16           
                                                                                                                  
from_tb_b             20 (19:TRUE)     --              FALSE  ../SobelFilter.cpp,l:66,c:13 -> l:97,c:16           
                                                                                                                  
                      22 (21:FALSE)    --              FALSE  f:../SobelFilter.cpp,l:83,c:16                      
                                                                                                                  
x                     25 (24:FALSE)    --              FALSE  ../SobelFilter.cpp,l:67,c:6 -> l:105,c:8            
                                                                                                                  
from_tb_r             25 (24:FALSE)    --              FALSE  ../SobelFilter.cpp,l:64,c:13 -> l:102,c:2           
                                                                                                                  
from_tb_g             25 (24:FALSE)    --              FALSE  ../SobelFilter.cpp,l:65,c:13 -> l:102,c:2           
                                                                                                                  
from_tb_b             25 (24:FALSE)    --              FALSE  ../SobelFilter.cpp,l:66,c:13 -> l:102,c:2           
                                                                                                                  
filter2               25 (24:FALSE)    --              FALSE  ../SobelFilter.cpp,l:47,c:11 -> l:102,c:2           
                                                                                                                  
from_tb_r             26 (25:FALSE)    --              FALSE  ../SobelFilter.cpp,l:64,c:13 -> l:116,c:16          
                                                                                                                  
from_tb_g             26 (25:FALSE)    --              FALSE  ../SobelFilter.cpp,l:65,c:13 -> l:117,c:16          
                                                                                                                  
from_tb_b             26 (25:FALSE)    --              FALSE  ../SobelFilter.cpp,l:66,c:13 -> l:118,c:16          
                                                                                                                  
x                     26 (25:FALSE)    --              FALSE  ../SobelFilter.cpp,l:67,c:6 -> l:105,c:24           
                                                                                                                  
from_tb_r             26 (25:FALSE)    --              FALSE  ../SobelFilter.cpp,l:64,c:13 -> l:116,c:16          
                                                                                                                  
i_rgb.m_busy_req_0.g  27 (26:FALSE)    --              FALSE  @(f:../SobelFilter.h,l:21,c:36->f:/usr/cadtool/cad  
                                                                                                                  
i_rgb                 29 (28:TRUE)     --              FALSE  ../SobelFilter.h,l:21,c:36                          
                                                                                                                  
do_filter::get        29 (28:TRUE)     --              FALSE  ../SobelFilter.cpp,l:56,c:19 mapped                 
                                                                                                                  
from_tb_g             29 (28:TRUE)     --              FALSE  ../SobelFilter.cpp,l:65,c:13 -> l:117,c:16          
                                                                                                                  
from_tb_b             29 (28:TRUE)     --              FALSE  ../SobelFilter.cpp,l:66,c:13 -> l:118,c:16          
                                                                                                                  
i_rgb.m_busy_req_0.g  30 (29:FALSE)    --              FALSE  @(f:../SobelFilter.h,l:21,c:36->f:/usr/cadtool/cad  
                                                                                                                  
                      32 (31:FALSE)    --              FALSE  f:../SobelFilter.cpp,l:105,c:25                     
                                                                                                                  
i_rgb.data.get::nb_g  32 (31:FALSE)    --              FALSE  @(f:../SobelFilter.h,l:21,c:36->f:/usr/cadtool/cad  
                                                                                                                  
                      33 (32:TRUE)     --              FALSE  f:../SobelFilter.cpp,l:105,c:17                     
                                                                                                                  
from_tb_r             33 (32:TRUE)     --              FALSE  ../SobelFilter.cpp,l:64,c:13 -> l:116,c:16          
                                                                                                                  
from_tb_g             33 (32:TRUE)     --              FALSE  ../SobelFilter.cpp,l:65,c:13 -> l:117,c:16          
                                                                                                                  
from_tb_b             33 (32:TRUE)     --              FALSE  ../SobelFilter.cpp,l:66,c:13 -> l:118,c:16          
                                                                                                                  
x                     33 (32:TRUE)     --              FALSE  ../SobelFilter.cpp,l:122,c:12 -> c:14               
                                                                                                                  
v                     36 (35:FALSE)    --              FALSE  ../SobelFilter.cpp,l:58,c:13 -> l:125,c:9           
                                                                                                                  
R                     36 (35:FALSE)    --              FALSE  ../SobelFilter.cpp,l:61,c:7 -> l:124,c:4            
                                                                                                                  
G                     36 (35:FALSE)    --              FALSE  ../SobelFilter.cpp,l:61,c:10 -> l:124,c:8           
                                                                                                                  
B                     36 (35:FALSE)    --              FALSE  ../SobelFilter.cpp,l:61,c:13 -> l:124,c:12          
                                                                                                                  
from_tb_r             36 (35:FALSE)    --              FALSE  ../SobelFilter.cpp,l:64,c:13 -> l:122,c:3           
                                                                                                                  
from_tb_g             36 (35:FALSE)    --              FALSE  ../SobelFilter.cpp,l:65,c:13 -> l:122,c:3           
                                                                                                                  
from_tb_b             36 (35:FALSE)    --              FALSE  ../SobelFilter.cpp,l:66,c:13 -> l:122,c:3           
                                                                                                                  
x                     36 (35:FALSE)    --              FALSE  ../SobelFilter.cpp,l:122,c:12 -> c:28               
                                                                                                                  
filter2               36 (35:FALSE)    --              FALSE  ../SobelFilter.cpp,l:47,c:11 -> l:122,c:3           
                                                                                                                  
                      36 (35:FALSE)    --              FALSE  f:../SobelFilter.cpp,l:122,c:29                     
                                                                                                                  
u                     37 (36:FALSE)    --              FALSE  ../SobelFilter.cpp,l:58,c:16 -> l:127,c:10          
                                                                                                                  
from_tb_r             37 (36:FALSE)    --              FALSE  ../SobelFilter.cpp,l:64,c:13 -> l:125,c:4           
                                                                                                                  
from_tb_g             37 (36:FALSE)    --              FALSE  ../SobelFilter.cpp,l:65,c:13 -> l:125,c:4           
                                                                                                                  
from_tb_b             37 (36:FALSE)    --              FALSE  ../SobelFilter.cpp,l:66,c:13 -> l:125,c:4           
                                                                                                                  
B                     37 (36:FALSE)    --              FALSE  ../SobelFilter.cpp,l:61,c:13 -> l:125,c:4           
                                                                                                                  
G                     37 (36:FALSE)    --              FALSE  ../SobelFilter.cpp,l:61,c:10 -> l:125,c:4           
                                                                                                                  
R                     37 (36:FALSE)    --              FALSE  ../SobelFilter.cpp,l:61,c:7 -> l:125,c:4            
                                                                                                                  
v                     37 (36:FALSE)    --              FALSE  ../SobelFilter.cpp,l:58,c:13 -> l:125,c:34          
                                                                                                                  
filter2               37 (36:FALSE)    --              FALSE  ../SobelFilter.cpp,l:47,c:11 -> l:125,c:4           
                                                                                                                  
                      37 (36:FALSE)    --              FALSE  f:../SobelFilter.cpp,l:125,c:35                     
                                                                                                                  
from_tb_r             38 (37:FALSE)    --              FALSE  ../SobelFilter.cpp,l:64,c:13 -> l:132,c:26          
                                                                                                                  
from_tb_g             38 (37:FALSE)    --              FALSE  ../SobelFilter.cpp,l:65,c:13 -> l:132,c:52          
                                                                                                                  
from_tb_b             38 (37:FALSE)    --              FALSE  ../SobelFilter.cpp,l:66,c:13 -> l:132,c:78          
                                                                                                                  
B                     38 (37:FALSE)    --              FALSE  ../SobelFilter.cpp,l:61,c:13 -> l:134,c:7           
                                                                                                                  
G                     38 (37:FALSE)    --              FALSE  ../SobelFilter.cpp,l:61,c:10 -> l:133,c:7           
                                                                                                                  
R                     38 (37:FALSE)    --              FALSE  ../SobelFilter.cpp,l:61,c:7 -> l:132,c:7            
                                                                                                                  
u                     38 (37:FALSE)    --              FALSE  ../SobelFilter.cpp,l:58,c:16 -> l:127,c:34          
                                                                                                                  
filter2               38 (37:FALSE)    --              FALSE  ../SobelFilter.cpp,l:47,c:11 -> l:132,c:111         
                                                                                                                  
f:../SobelFilter.cpp  38 (37:FALSE)    --              FALSE  & l:133,c:28 & l:132,c:28                           
                                                                                                                  
f:../SobelFilter.cpp  38 (37:FALSE)    --              FALSE  & l:133,c:54 & l:132,c:54                           
                                                                                                                  
f:../SobelFilter.cpp  38 (37:FALSE)    --              FALSE  & l:133,c:80 & l:132,c:80                           
                                                                                                                  
                      38 (37:FALSE)    --              FALSE  f:../SobelFilter.cpp,l:127,c:35                     
                                                                                                                  
from_tb_r             38 (37:FALSE)    --              FALSE  ../SobelFilter.cpp,l:64,c:13                        
                                                                                                                  
from_tb_g             38 (37:FALSE)    --              FALSE  ../SobelFilter.cpp,l:65,c:13                        
                                                                                                                  
from_tb_b             38 (37:FALSE)    --              FALSE  ../SobelFilter.cpp,l:66,c:13                        
                                                                                                                  
filter2               38 (37:FALSE)    --              FALSE  ../SobelFilter.cpp,l:47,c:11                        
                                                                                                                  
filter2               38 (37:FALSE)    --              FALSE  ../SobelFilter.cpp,l:47,c:11                        
                                                                                                                  
                      39 (37:TRUE)     --              FALSE  f:../SobelFilter.cpp,l:127,c:19                     
                                                                                                                  
from_tb_r             39 (37:TRUE)     --              FALSE  ../SobelFilter.cpp,l:64,c:13                        
                                                                                                                  
from_tb_g             39 (37:TRUE)     --              FALSE  ../SobelFilter.cpp,l:65,c:13                        
                                                                                                                  
from_tb_b             39 (37:TRUE)     --              FALSE  ../SobelFilter.cpp,l:66,c:13                        
                                                                                                                  
                      39 (37:TRUE)     --              FALSE  f:../SobelFilter.cpp,l:132,c:32                     
                                                                                                                  
                      39 (37:TRUE)     --              FALSE  f:../SobelFilter.cpp,l:132,c:58                     
                                                                                                                  
                      39 (37:TRUE)     --              FALSE  f:../SobelFilter.cpp,l:132,c:84                     
                                                                                                                  
                      39 (37:TRUE)     --              FALSE  f:../SobelFilter.cpp,l:132,c:38                     
                                                                                                                  
                      39 (37:TRUE)     --              FALSE  f:../SobelFilter.cpp,l:133,c:32                     
                                                                                                                  
                      39 (37:TRUE)     --              FALSE  f:../SobelFilter.cpp,l:133,c:58                     
                                                                                                                  
                      39 (37:TRUE)     --              FALSE  f:../SobelFilter.cpp,l:132,c:64                     
                                                                                                                  
                      39 (37:TRUE)     --              FALSE  f:../SobelFilter.cpp,l:133,c:84                     
                                                                                                                  
                      39 (37:TRUE)     --              FALSE  f:../SobelFilter.cpp,l:133,c:38                     
                                                                                                                  
                      39 (37:TRUE)     --              FALSE  f:../SobelFilter.cpp,l:134,c:32                     
                                                                                                                  
                      39 (37:TRUE)     --              FALSE  f:../SobelFilter.cpp,l:134,c:58                     
                                                                                                                  
filter2               39 (37:TRUE)     --              FALSE  ../SobelFilter.cpp,l:47,c:11                        
                                                                                                                  
                      39 (37:TRUE)     --              FALSE  f:../SobelFilter.cpp,l:132,c:91                     
                                                                                                                  
                      39 (37:TRUE)     --              FALSE  f:../SobelFilter.cpp,l:133,c:64                     
                                                                                                                  
                      39 (37:TRUE)     --              FALSE  f:../SobelFilter.cpp,l:134,c:84                     
                                                                                                                  
                      39 (37:TRUE)     --              FALSE  f:../SobelFilter.cpp,l:134,c:38                     
                                                                                                                  
                      39 (37:TRUE)     --              FALSE  f:../SobelFilter.cpp,l:132,c:99                     
                                                                                                                  
                      39 (37:TRUE)     --              FALSE  f:../SobelFilter.cpp,l:133,c:91                     
                                                                                                                  
                      39 (37:TRUE)     --              FALSE  f:../SobelFilter.cpp,l:134,c:64                     
                                                                                                                  
                      39 (37:TRUE)     --              FALSE  f:../SobelFilter.cpp,l:132,c:9                      
                                                                                                                  
                      39 (37:TRUE)     --              FALSE  f:../SobelFilter.cpp,l:133,c:99                     
                                                                                                                  
                      39 (37:TRUE)     --              FALSE  f:../SobelFilter.cpp,l:134,c:91                     
                                                                                                                  
                      39 (37:TRUE)     --              FALSE  f:../SobelFilter.cpp,l:133,c:9                      
                                                                                                                  
                      39 (37:TRUE)     --              FALSE  f:../SobelFilter.cpp,l:134,c:99                     
                                                                                                                  
                      39 (37:TRUE)     --              FALSE  f:../SobelFilter.cpp,l:134,c:9                      
                                                                                                                  
                      41 (39:FALSE)    --              FALSE  f:../SobelFilter.cpp,l:125,c:18                     
                                                                                                                  
                      41 (39:FALSE)    --              FALSE  f:../SobelFilter.cpp,l:139,c:23                     
                                                                                                                  
o_result_r.data.put:  44 (42:FALSE)    --              FALSE  @(f:../SobelFilter.h,l:22,c:36->f:/usr/cadtool/cad  
                                                                                                                  
o_result_r            44 (42:FALSE)    --              FALSE  ../SobelFilter.h,l:22,c:36                          
                                                                                                                  
o_result_r.m_req.m_t  44 (42:FALSE)    --              FALSE  @(f:../SobelFilter.h,l:22,c:36->f:/usr/cadtool/cad  
                                                                                                                  
o_result_r            46 (44:TRUE)     --              FALSE  ../SobelFilter.h,l:22,c:36                          
                                                                                                                  
do_filter::put        46 (44:TRUE)     --              FALSE  ../SobelFilter.cpp,l:56,c:19 mapped                 
                                                                                                                  
                      47 (45:FALSE)    --              FALSE  f:../SobelFilter.cpp,l:140,c:23                     
                                                                                                                  
o_result_g.data.put:  47 (45:FALSE)    --              FALSE  @(f:../SobelFilter.h,l:23,c:36->f:/usr/cadtool/cad  
                                                                                                                  
o_result_g            47 (45:FALSE)    --              FALSE  ../SobelFilter.h,l:23,c:36                          
                                                                                                                  
o_result_g.m_req.m_t  47 (45:FALSE)    --              FALSE  @(f:../SobelFilter.h,l:23,c:36->f:/usr/cadtool/cad  
                                                                                                                  
o_result_g            49 (47:TRUE)     --              FALSE  ../SobelFilter.h,l:23,c:36                          
                                                                                                                  
do_filter::put        49 (47:TRUE)     --              FALSE  ../SobelFilter.cpp,l:56,c:19 mapped                 
                                                                                                                  
                      50 (48:FALSE)    --              FALSE  f:../SobelFilter.cpp,l:141,c:23                     
                                                                                                                  
o_result_b.data.put:  50 (48:FALSE)    --              FALSE  @(f:../SobelFilter.h,l:24,c:36->f:/usr/cadtool/cad  
                                                                                                                  
o_result_b            50 (48:FALSE)    --              FALSE  ../SobelFilter.h,l:24,c:36                          
                                                                                                                  
o_result_b.m_req.m_t  50 (48:FALSE)    --              FALSE  @(f:../SobelFilter.h,l:24,c:36->f:/usr/cadtool/cad  
                                                                                                                  
o_result_b            52 (50:TRUE)     --              FALSE  ../SobelFilter.h,l:24,c:36                          
                                                                                                                  
do_filter::put        52 (50:TRUE)     --              FALSE  ../SobelFilter.cpp,l:56,c:19 mapped                 
                                                                                                                  
x                     54 (52:TRUE)     --              FALSE  ../SobelFilter.cpp,l:160,c:12 -> c:14               
                                                                                                                  
                      55 (53:FALSE)    --              FALSE  f:../SobelFilter.cpp,l:122,c:21                     
                                                                                                                  
from_tb_r             58 (56:FALSE)    --              FALSE  ../SobelFilter.cpp,l:64,c:13 -> l:171,c:19          
                                                                                                                  
from_tb_g             58 (56:FALSE)    --              FALSE  ../SobelFilter.cpp,l:65,c:13 -> l:169,c:34          
                                                                                                                  
from_tb_b             58 (56:FALSE)    --              FALSE  ../SobelFilter.cpp,l:66,c:13 -> l:170,c:34          
                                                                                                                  
x                     58 (56:FALSE)    --              FALSE  ../SobelFilter.cpp,l:160,c:12 -> c:28               
                                                                                                                  
from_tb_r             58 (56:FALSE)    --              FALSE  ../SobelFilter.cpp,l:64,c:13 -> l:162,c:34          
                                                                                                                  
from_tb_g             58 (56:FALSE)    --              FALSE  ../SobelFilter.cpp,l:65,c:13 -> l:163,c:34          
                                                                                                                  
from_tb_b             58 (56:FALSE)    --              FALSE  ../SobelFilter.cpp,l:66,c:13 -> l:164,c:34          
                                                                                                                  
from_tb_r             59 (56:TRUE)     --              FALSE  ../SobelFilter.cpp,l:64,c:13 -> l:165,c:34          
                                                                                                                  
from_tb_r             59 (56:TRUE)     --              FALSE  ../SobelFilter.cpp,l:64,c:13 -> l:162,c:34          
                                                                                                                  
from_tb_g             59 (56:TRUE)     --              FALSE  ../SobelFilter.cpp,l:65,c:13 -> l:163,c:34          
                                                                                                                  
from_tb_b             59 (56:TRUE)     --              FALSE  ../SobelFilter.cpp,l:66,c:13 -> l:164,c:34          
                                                                                                                  
from_tb_r             59 (56:TRUE)     --              FALSE  ../SobelFilter.cpp,l:64,c:13 -> l:165,c:16          
                                                                                                                  
from_tb_g             60 (56:TRUE)     --              FALSE  ../SobelFilter.cpp,l:65,c:13 -> l:166,c:34          
                                                                                                                  
from_tb_b             60 (56:TRUE)     --              FALSE  ../SobelFilter.cpp,l:66,c:13 -> l:167,c:34          
                                                                                                                  
from_tb_r             60 (56:TRUE)     --              FALSE  ../SobelFilter.cpp,l:64,c:13 -> l:162,c:16          
                                                                                                                  
from_tb_g             60 (56:TRUE)     --              FALSE  ../SobelFilter.cpp,l:65,c:13 -> l:163,c:16          
                                                                                                                  
from_tb_b             60 (56:TRUE)     --              FALSE  ../SobelFilter.cpp,l:66,c:13 -> l:164,c:16          
                                                                                                                  
from_tb_g             61 (56:TRUE)     --              FALSE  ../SobelFilter.cpp,l:65,c:13 -> l:166,c:16          
                                                                                                                  
from_tb_b             61 (56:TRUE)     --              FALSE  ../SobelFilter.cpp,l:66,c:13 -> l:167,c:16          
                                                                                                                  
from_tb_g             61 (56:TRUE)     --              FALSE  ../SobelFilter.cpp,l:65,c:13                        
                                                                                                                  
from_tb_r             61 (56:TRUE)     --              FALSE  ../SobelFilter.cpp,l:64,c:13 -> l:165,c:34          
                                                                                                                  
from_tb_g             61 (56:TRUE)     --              FALSE  ../SobelFilter.cpp,l:65,c:13 -> l:166,c:34          
                                                                                                                  
from_tb_b             61 (56:TRUE)     --              FALSE  ../SobelFilter.cpp,l:66,c:13 -> l:167,c:34          
                                                                                                                  
from_tb_g             61 (56:TRUE)     --              FALSE  ../SobelFilter.cpp,l:65,c:13 -> l:169,c:16          
                                                                                                                  
from_tb_r             62 (56:TRUE)     --              FALSE  ../SobelFilter.cpp,l:64,c:13 -> l:168,c:34          
                                                                                                                  
from_tb_b             62 (56:TRUE)     --              FALSE  ../SobelFilter.cpp,l:66,c:13                        
                                                                                                                  
from_tb_r             62 (56:TRUE)     --              FALSE  ../SobelFilter.cpp,l:64,c:13 -> l:165,c:16          
                                                                                                                  
from_tb_g             62 (56:TRUE)     --              FALSE  ../SobelFilter.cpp,l:65,c:13 -> l:166,c:16          
                                                                                                                  
from_tb_b             62 (56:TRUE)     --              FALSE  ../SobelFilter.cpp,l:66,c:13 -> l:167,c:16          
                                                                                                                  
from_tb_r             63 (56:TRUE)     --              FALSE  ../SobelFilter.cpp,l:64,c:13 -> l:168,c:16          
                                                                                                                  
from_tb_b             63 (56:TRUE)     --              FALSE  ../SobelFilter.cpp,l:66,c:13 -> l:170,c:16          
                                                                                                                  
from_tb_r             63 (56:TRUE)     --              FALSE  ../SobelFilter.cpp,l:64,c:13 -> l:168,c:34          
                                                                                                                  
from_tb_g             63 (56:TRUE)     --              FALSE  ../SobelFilter.cpp,l:65,c:13                        
                                                                                                                  
from_tb_b             63 (56:TRUE)     --              FALSE  ../SobelFilter.cpp,l:66,c:13                        
                                                                                                                  
                      64 (56:TRUE)     --              FALSE  f:../SobelFilter.cpp,l:160,c:29                     
                                                                                                                  
from_tb_b             64 (56:TRUE)     --              FALSE  ../SobelFilter.cpp,l:66,c:13                        
                                                                                                                  
from_tb_r             64 (56:TRUE)     --              FALSE  ../SobelFilter.cpp,l:64,c:13 -> l:171,c:19          
                                                                                                                  
from_tb_g             64 (56:TRUE)     --              FALSE  ../SobelFilter.cpp,l:65,c:13                        
                                                                                                                  
from_tb_r             64 (56:TRUE)     --              FALSE  ../SobelFilter.cpp,l:64,c:13 -> l:168,c:16          
                                                                                                                  
from_tb_g             64 (56:TRUE)     --              FALSE  ../SobelFilter.cpp,l:65,c:13 -> l:169,c:16          
                                                                                                                  
from_tb_b             64 (56:TRUE)     --              FALSE  ../SobelFilter.cpp,l:66,c:13 -> l:170,c:16          
                                                                                                                  
                      65 (56:TRUE)     --              FALSE  f:../SobelFilter.cpp,l:160,c:21                     
                                                                                                                  
from_tb_b             65 (56:TRUE)     --              FALSE  ../SobelFilter.cpp,l:66,c:13                        
                                                                                                                  
from_tb_r             65 (56:TRUE)     --              FALSE  ../SobelFilter.cpp,l:64,c:13 -> l:171,c:19          
                                                                                                                  
from_tb_g             65 (56:TRUE)     --              FALSE  ../SobelFilter.cpp,l:65,c:13                        
                                                                                                                  
                                                                                                                  
Scheduler report for : gen_stalling_0                                                                             
-------------------------------------                                                                                            
                                                                                                                  
Op                    SID(BB;Clocked)  Pipeline Stage  IS     SRCLOC                                              
--                    ---------------  --------------  --     ------                                              
                                                                                                                  
o_result_r.gen_stall  5 (4:TRUE)       --              FALSE  ../SobelFilter.h,l:22,c:36                          
                                                                                                                  
o_result_r.gen_stall  6 (5:FALSE)      --              FALSE  ../SobelFilter.h,l:22,c:36                          
                                                                                                                  
o_result_r.gen_stall  6 (5:FALSE)      --              FALSE  ../SobelFilter.h,l:22,c:36                          
                                                                                                                  
o_result_r.gen_stall  6 (5:FALSE)      --              FALSE  ../SobelFilter.h,l:22,c:36                          
                                                                                                                  
                                                                                                                  
Scheduler report for : gen_unacked_req_0                                                                          
----------------------------------------                                                                                            
                                                                                                                  
Op                    SID(BB;Clocked)  Pipeline Stage  IS     SRCLOC                                              
--                    ---------------  --------------  --     ------                                              
                                                                                                                  
o_result_r.gen_unack  6 (5:FALSE)      --              FALSE  ../SobelFilter.h,l:22,c:36                          
                                                                                                                  
o_result_r.gen_unack  12 (11:FALSE)    --              FALSE  ../SobelFilter.h,l:22,c:36                          
                                                                                                                  
o_result_r.gen_unack  12 (11:FALSE)    --              FALSE  ../SobelFilter.h,l:22,c:36                          
                                                                                                                  
                                                                                                                  
Scheduler report for : gen_stalling_1                                                                             
-------------------------------------                                                                                            
                                                                                                                  
Op                    SID(BB;Clocked)  Pipeline Stage  IS     SRCLOC                                              
--                    ---------------  --------------  --     ------                                              
                                                                                                                  
o_result_g.gen_stall  5 (4:TRUE)       --              FALSE  ../SobelFilter.h,l:23,c:36                          
                                                                                                                  
o_result_g.gen_stall  6 (5:FALSE)      --              FALSE  ../SobelFilter.h,l:23,c:36                          
                                                                                                                  
o_result_g.gen_stall  6 (5:FALSE)      --              FALSE  ../SobelFilter.h,l:23,c:36                          
                                                                                                                  
o_result_g.gen_stall  6 (5:FALSE)      --              FALSE  ../SobelFilter.h,l:23,c:36                          
                                                                                                                  
                                                                                                                  
Scheduler report for : gen_unacked_req_1                                                                          
----------------------------------------                                                                                            
                                                                                                                  
Op                    SID(BB;Clocked)  Pipeline Stage  IS     SRCLOC                                              
--                    ---------------  --------------  --     ------                                              
                                                                                                                  
o_result_g.gen_unack  6 (5:FALSE)      --              FALSE  ../SobelFilter.h,l:23,c:36                          
                                                                                                                  
o_result_g.gen_unack  12 (11:FALSE)    --              FALSE  ../SobelFilter.h,l:23,c:36                          
                                                                                                                  
o_result_g.gen_unack  12 (11:FALSE)    --              FALSE  ../SobelFilter.h,l:23,c:36                          
                                                                                                                  
                                                                                                                  
Scheduler report for : gen_stalling_2                                                                             
-------------------------------------                                                                                            
                                                                                                                  
Op                    SID(BB;Clocked)  Pipeline Stage  IS     SRCLOC                                              
--                    ---------------  --------------  --     ------                                              
                                                                                                                  
o_result_b.gen_stall  5 (4:TRUE)       --              FALSE  ../SobelFilter.h,l:24,c:36                          
                                                                                                                  
o_result_b.gen_stall  6 (5:FALSE)      --              FALSE  ../SobelFilter.h,l:24,c:36                          
                                                                                                                  
o_result_b.gen_stall  6 (5:FALSE)      --              FALSE  ../SobelFilter.h,l:24,c:36                          
                                                                                                                  
o_result_b.gen_stall  6 (5:FALSE)      --              FALSE  ../SobelFilter.h,l:24,c:36                          
                                                                                                                  
                                                                                                                  
Scheduler report for : gen_unacked_req_2                                                                          
----------------------------------------                                                                                            
                                                                                                                  
Op                    SID(BB;Clocked)  Pipeline Stage  IS     SRCLOC                                              
--                    ---------------  --------------  --     ------                                              
                                                                                                                  
o_result_b.gen_unack  6 (5:FALSE)      --              FALSE  ../SobelFilter.h,l:24,c:36                          
                                                                                                                  
o_result_b.gen_unack  12 (11:FALSE)    --              FALSE  ../SobelFilter.h,l:24,c:36                          
                                                                                                                  
o_result_b.gen_unack  12 (11:FALSE)    --              FALSE  ../SobelFilter.h,l:24,c:36                          
                                                                                                                  
                                                                                                                  
Scheduler report for : gen_do_reg_vld                                                                             
-------------------------------------                                                                                            
                                                                                                                  
Op                    SID(BB;Clocked)  Pipeline Stage  IS     SRCLOC                                              
--                    ---------------  --------------  --     ------                                              
                                                                                                                  
i_rgb.gen_do_reg_vld  8 (7:FALSE)      --              FALSE  ../SobelFilter.h,l:21,c:36                          
                                                                                                                  
i_rgb                 10 (9:FALSE)     --              FALSE  ../SobelFilter.h,l:21,c:36                          
                                                                                                                  
i_rgb.gen_do_reg_vld  11 (10:TRUE)     --              FALSE  ../SobelFilter.h,l:21,c:36                          
                                                                                                                  
i_rgb.gen_do_reg_vld  14 (13:FALSE)    --              FALSE  ../SobelFilter.h,l:21,c:36                          
                                                                                                                  
i_rgb.gen_do_reg_vld  14 (13:FALSE)    --              FALSE  ../SobelFilter.h,l:21,c:36                          
                                                                                                                  
i_rgb.gen_do_reg_vld  14 (13:FALSE)    --              FALSE  ../SobelFilter.h,l:21,c:36                          
                                                                                                                  
i_rgb.gen_do_reg_vld  14 (13:FALSE)    --              FALSE  ../SobelFilter.h,l:21,c:36                          
                                                                                                                  
                                                                                                                  
Scheduler report for : gen_busy                                                                                   
-------------------------------                                                                                            
                                                                                                                  
Op                    SID(BB;Clocked)  Pipeline Stage  IS     SRCLOC                                              
--                    ---------------  --------------  --     ------                                              
                                                                                                                  
i_rgb.gen_busy::use_  7 (6:FALSE)      --              FALSE  ../SobelFilter.h,l:21,c:36                          
                                                                                                                  
i_rgb.gen_busy        7 (6:FALSE)      --              FALSE  ../SobelFilter.h,l:21,c:36                          
                                                                                                                  
i_rgb.gen_busy        7 (6:FALSE)      --              FALSE  ../SobelFilter.h,l:21,c:36                          
                                                                                                                  
i_rgb.gen_busy        7 (6:FALSE)      --              FALSE  ../SobelFilter.h,l:21,c:36                          
                                                                                                                  
i_rgb.gen_busy        7 (6:FALSE)      --              FALSE  ../SobelFilter.h,l:21,c:36                          
                                                                                                                  
i_rgb.gen_busy        7 (6:FALSE)      --              FALSE  ../SobelFilter.h,l:21,c:36                          
                                                                                                                  
i_rgb.gen_busy        7 (6:FALSE)      --              FALSE  ../SobelFilter.h,l:21,c:36                          
                                                                                                                  
i_rgb.gen_busy        8 (7:FALSE)      --              FALSE  ../SobelFilter.h,l:21,c:36                          
                                                                                                                  
i_rgb.gen_busy        8 (7:FALSE)      --              FALSE  ../SobelFilter.h,l:21,c:36                          
                                                                                                                  
i_rgb.gen_busy        8 (7:FALSE)      --              FALSE  ../SobelFilter.h,l:21,c:36                          
                                                                                                                  
i_rgb.gen_busy        8 (7:FALSE)      --              FALSE  ../SobelFilter.h,l:21,c:36                          
                                                                                                                  
                                                                                                                  
