=========================================================
Scheduler report file
Generated by stratus_hls 19.12-s100  (91710.131054)
On:          Sat May  1 15:52:32 2021
Project Dir: /home/m109/m109061613/EE6470/test/spilt/stratus
Module:      SobelFilter
HLS Config:  BASIC
=========================================================
Scheduler report for : gen_prev_trig_reg_0                                                                        
------------------------------------------                                                                                            
                                                                                                                  
Op                    SID(BB;Clocked)  Pipeline Stage  IS     SRCLOC                                              
--                    ---------------  --------------  --     ------                                              
                                                                                                                  
o_result_r.m_req.gen  6 (5:FALSE)      --              FALSE  ../SobelFilter.h,l:27,c:36                          
                                                                                                                  
o_result_r.m_req.gen  12 (11:FALSE)    --              FALSE  ../SobelFilter.h,l:27,c:36                          
                                                                                                                  
o_result_r.m_req.gen  12 (11:FALSE)    --              FALSE  ../SobelFilter.h,l:27,c:36                          
                                                                                                                  
                                                                                                                  
Scheduler report for : gen_prev_trig_reg_1                                                                        
------------------------------------------                                                                                            
                                                                                                                  
Op                    SID(BB;Clocked)  Pipeline Stage  IS     SRCLOC                                              
--                    ---------------  --------------  --     ------                                              
                                                                                                                  
o_result_g.m_req.gen  6 (5:FALSE)      --              FALSE  ../SobelFilter.h,l:28,c:36                          
                                                                                                                  
o_result_g.m_req.gen  12 (11:FALSE)    --              FALSE  ../SobelFilter.h,l:28,c:36                          
                                                                                                                  
o_result_g.m_req.gen  12 (11:FALSE)    --              FALSE  ../SobelFilter.h,l:28,c:36                          
                                                                                                                  
                                                                                                                  
Scheduler report for : gen_prev_trig_reg_2                                                                        
------------------------------------------                                                                                            
                                                                                                                  
Op                    SID(BB;Clocked)  Pipeline Stage  IS     SRCLOC                                              
--                    ---------------  --------------  --     ------                                              
                                                                                                                  
o_result_b.m_req.gen  6 (5:FALSE)      --              FALSE  ../SobelFilter.h,l:29,c:36                          
                                                                                                                  
o_result_b.m_req.gen  12 (11:FALSE)    --              FALSE  ../SobelFilter.h,l:29,c:36                          
                                                                                                                  
o_result_b.m_req.gen  12 (11:FALSE)    --              FALSE  ../SobelFilter.h,l:29,c:36                          
                                                                                                                  
                                                                                                                  
Scheduler report for : gen_active_0                                                                               
-----------------------------------                                                                                            
                                                                                                                  
Op                    SID(BB;Clocked)  Pipeline Stage  IS     SRCLOC                                              
--                    ---------------  --------------  --     ------                                              
                                                                                                                  
o_result_r.m_req.gen  4 (3:FALSE)      --              FALSE  ../SobelFilter.h,l:27,c:36                          
                                                                                                                  
o_result_r.m_req.gen  4 (3:FALSE)      --              FALSE  ../SobelFilter.h,l:27,c:36                          
                                                                                                                  
o_result_r.m_req.gen  4 (3:FALSE)      --              FALSE  ../SobelFilter.h,l:27,c:36                          
                                                                                                                  
o_result_r.m_req.gen  4 (3:FALSE)      --              FALSE  ../SobelFilter.h,l:27,c:36                          
                                                                                                                  
                                                                                                                  
Scheduler report for : gen_vld_0                                                                                  
--------------------------------                                                                                            
                                                                                                                  
Op                    SID(BB;Clocked)  Pipeline Stage  IS     SRCLOC                                              
--                    ---------------  --------------  --     ------                                              
                                                                                                                  
o_result_r.gen_vld    4 (3:FALSE)      --              FALSE  ../SobelFilter.h,l:27,c:36                          
                                                                                                                  
o_result_r.gen_vld    4 (3:FALSE)      --              FALSE  ../SobelFilter.h,l:27,c:36                          
                                                                                                                  
o_result_r.gen_vld    4 (3:FALSE)      --              FALSE  ../SobelFilter.h,l:27,c:36                          
                                                                                                                  
o_result_r.gen_vld    4 (3:FALSE)      --              FALSE  ../SobelFilter.h,l:27,c:36                          
                                                                                                                  
                                                                                                                  
Scheduler report for : gen_next_trig_reg_0                                                                        
------------------------------------------                                                                                            
                                                                                                                  
Op                    SID(BB;Clocked)  Pipeline Stage  IS     SRCLOC                                              
--                    ---------------  --------------  --     ------                                              
                                                                                                                  
o_result_r.m_req.gen  3 (2:TRUE)       --              FALSE  ../SobelFilter.h,l:27,c:36                          
                                                                                                                  
o_result_r.m_req.gen  3 (2:TRUE)       --              FALSE  ../SobelFilter.h,l:27,c:36                          
                                                                                                                  
o_result_r.m_req.gen  3 (2:TRUE)       --              FALSE  ../SobelFilter.h,l:27,c:36                          
                                                                                                                  
                                                                                                                  
Scheduler report for : gen_active_1                                                                               
-----------------------------------                                                                                            
                                                                                                                  
Op                    SID(BB;Clocked)  Pipeline Stage  IS     SRCLOC                                              
--                    ---------------  --------------  --     ------                                              
                                                                                                                  
o_result_g.m_req.gen  4 (3:FALSE)      --              FALSE  ../SobelFilter.h,l:28,c:36                          
                                                                                                                  
o_result_g.m_req.gen  4 (3:FALSE)      --              FALSE  ../SobelFilter.h,l:28,c:36                          
                                                                                                                  
o_result_g.m_req.gen  4 (3:FALSE)      --              FALSE  ../SobelFilter.h,l:28,c:36                          
                                                                                                                  
o_result_g.m_req.gen  4 (3:FALSE)      --              FALSE  ../SobelFilter.h,l:28,c:36                          
                                                                                                                  
                                                                                                                  
Scheduler report for : gen_vld_1                                                                                  
--------------------------------                                                                                            
                                                                                                                  
Op                    SID(BB;Clocked)  Pipeline Stage  IS     SRCLOC                                              
--                    ---------------  --------------  --     ------                                              
                                                                                                                  
o_result_g.gen_vld    4 (3:FALSE)      --              FALSE  ../SobelFilter.h,l:28,c:36                          
                                                                                                                  
o_result_g.gen_vld    4 (3:FALSE)      --              FALSE  ../SobelFilter.h,l:28,c:36                          
                                                                                                                  
o_result_g.gen_vld    4 (3:FALSE)      --              FALSE  ../SobelFilter.h,l:28,c:36                          
                                                                                                                  
o_result_g.gen_vld    4 (3:FALSE)      --              FALSE  ../SobelFilter.h,l:28,c:36                          
                                                                                                                  
                                                                                                                  
Scheduler report for : gen_next_trig_reg_1                                                                        
------------------------------------------                                                                                            
                                                                                                                  
Op                    SID(BB;Clocked)  Pipeline Stage  IS     SRCLOC                                              
--                    ---------------  --------------  --     ------                                              
                                                                                                                  
o_result_g.m_req.gen  3 (2:TRUE)       --              FALSE  ../SobelFilter.h,l:28,c:36                          
                                                                                                                  
o_result_g.m_req.gen  3 (2:TRUE)       --              FALSE  ../SobelFilter.h,l:28,c:36                          
                                                                                                                  
o_result_g.m_req.gen  3 (2:TRUE)       --              FALSE  ../SobelFilter.h,l:28,c:36                          
                                                                                                                  
                                                                                                                  
Scheduler report for : gen_active_2                                                                               
-----------------------------------                                                                                            
                                                                                                                  
Op                    SID(BB;Clocked)  Pipeline Stage  IS     SRCLOC                                              
--                    ---------------  --------------  --     ------                                              
                                                                                                                  
o_result_b.m_req.gen  4 (3:FALSE)      --              FALSE  ../SobelFilter.h,l:29,c:36                          
                                                                                                                  
o_result_b.m_req.gen  4 (3:FALSE)      --              FALSE  ../SobelFilter.h,l:29,c:36                          
                                                                                                                  
o_result_b.m_req.gen  4 (3:FALSE)      --              FALSE  ../SobelFilter.h,l:29,c:36                          
                                                                                                                  
o_result_b.m_req.gen  4 (3:FALSE)      --              FALSE  ../SobelFilter.h,l:29,c:36                          
                                                                                                                  
                                                                                                                  
Scheduler report for : gen_vld_2                                                                                  
--------------------------------                                                                                            
                                                                                                                  
Op                    SID(BB;Clocked)  Pipeline Stage  IS     SRCLOC                                              
--                    ---------------  --------------  --     ------                                              
                                                                                                                  
o_result_b.gen_vld    4 (3:FALSE)      --              FALSE  ../SobelFilter.h,l:29,c:36                          
                                                                                                                  
o_result_b.gen_vld    4 (3:FALSE)      --              FALSE  ../SobelFilter.h,l:29,c:36                          
                                                                                                                  
o_result_b.gen_vld    4 (3:FALSE)      --              FALSE  ../SobelFilter.h,l:29,c:36                          
                                                                                                                  
o_result_b.gen_vld    4 (3:FALSE)      --              FALSE  ../SobelFilter.h,l:29,c:36                          
                                                                                                                  
                                                                                                                  
Scheduler report for : gen_next_trig_reg_2                                                                        
------------------------------------------                                                                                            
                                                                                                                  
Op                    SID(BB;Clocked)  Pipeline Stage  IS     SRCLOC                                              
--                    ---------------  --------------  --     ------                                              
                                                                                                                  
o_result_b.m_req.gen  3 (2:TRUE)       --              FALSE  ../SobelFilter.h,l:29,c:36                          
                                                                                                                  
o_result_b.m_req.gen  3 (2:TRUE)       --              FALSE  ../SobelFilter.h,l:29,c:36                          
                                                                                                                  
o_result_b.m_req.gen  3 (2:TRUE)       --              FALSE  ../SobelFilter.h,l:29,c:36                          
                                                                                                                  
                                                                                                                  
Scheduler report for : gen_unvalidated_req_0                                                                      
--------------------------------------------                                                                                            
                                                                                                                  
Op                    SID(BB;Clocked)  Pipeline Stage  IS     SRCLOC                                              
--                    ---------------  --------------  --     ------                                              
                                                                                                                  
i_r.gen_unvalidated_  8 (7:FALSE)      --              FALSE  ../SobelFilter.h,l:22,c:35                          
                                                                                                                  
i_r                   10 (9:FALSE)     --              FALSE  ../SobelFilter.h,l:22,c:35                          
                                                                                                                  
i_r.gen_unvalidated_  11 (10:TRUE)     --              FALSE  ../SobelFilter.h,l:22,c:35                          
                                                                                                                  
i_r.gen_unvalidated_  14 (13:FALSE)    --              FALSE  ../SobelFilter.h,l:22,c:35                          
                                                                                                                  
i_r.gen_unvalidated_  14 (13:FALSE)    --              FALSE  ../SobelFilter.h,l:22,c:35                          
                                                                                                                  
i_r.gen_unvalidated_  14 (13:FALSE)    --              FALSE  ../SobelFilter.h,l:22,c:35                          
                                                                                                                  
i_r.gen_unvalidated_  14 (13:FALSE)    --              FALSE  ../SobelFilter.h,l:22,c:35                          
                                                                                                                  
                                                                                                                  
Scheduler report for : gen_do_stall_reg_full_0                                                                    
----------------------------------------------                                                                                            
                                                                                                                  
Op                    SID(BB;Clocked)  Pipeline Stage  IS     SRCLOC                                              
--                    ---------------  --------------  --     ------                                              
                                                                                                                  
i_r.gen_do_stall_reg  6 (5:FALSE)      --              FALSE  ../SobelFilter.h,l:22,c:35                          
                                                                                                                  
i_r.gen_do_stall_reg  12 (11:FALSE)    --              FALSE  ../SobelFilter.h,l:22,c:35                          
                                                                                                                  
i_r.gen_do_stall_reg  12 (11:FALSE)    --              FALSE  ../SobelFilter.h,l:22,c:35                          
                                                                                                                  
i_r.gen_do_stall_reg  12 (11:FALSE)    --              FALSE  ../SobelFilter.h,l:22,c:35                          
                                                                                                                  
i_r.gen_do_stall_reg  12 (11:FALSE)    --              FALSE  ../SobelFilter.h,l:22,c:35                          
                                                                                                                  
                                                                                                                  
Scheduler report for : gen_do_reg_vld_0                                                                           
---------------------------------------                                                                                            
                                                                                                                  
Op                    SID(BB;Clocked)  Pipeline Stage  IS     SRCLOC                                              
--                    ---------------  --------------  --     ------                                              
                                                                                                                  
i_r.gen_do_reg_vld    8 (7:FALSE)      --              FALSE  ../SobelFilter.h,l:22,c:35                          
                                                                                                                  
i_r                   10 (9:FALSE)     --              FALSE  ../SobelFilter.h,l:22,c:35                          
                                                                                                                  
i_r.gen_do_reg_vld    11 (10:TRUE)     --              FALSE  ../SobelFilter.h,l:22,c:35                          
                                                                                                                  
i_r.gen_do_reg_vld    14 (13:FALSE)    --              FALSE  ../SobelFilter.h,l:22,c:35                          
                                                                                                                  
i_r.gen_do_reg_vld    14 (13:FALSE)    --              FALSE  ../SobelFilter.h,l:22,c:35                          
                                                                                                                  
i_r.gen_do_reg_vld::  14 (13:FALSE)    --              FALSE  ../SobelFilter.h,l:22,c:35                          
                                                                                                                  
i_r.gen_do_reg_vld    14 (13:FALSE)    --              FALSE  ../SobelFilter.h,l:22,c:35                          
                                                                                                                  
                                                                                                                  
Scheduler report for : gen_unvalidated_req_1                                                                      
--------------------------------------------                                                                                            
                                                                                                                  
Op                    SID(BB;Clocked)  Pipeline Stage  IS     SRCLOC                                              
--                    ---------------  --------------  --     ------                                              
                                                                                                                  
i_g.gen_unvalidated_  8 (7:FALSE)      --              FALSE  ../SobelFilter.h,l:23,c:35                          
                                                                                                                  
i_g                   10 (9:FALSE)     --              FALSE  ../SobelFilter.h,l:23,c:35                          
                                                                                                                  
i_g.gen_unvalidated_  11 (10:TRUE)     --              FALSE  ../SobelFilter.h,l:23,c:35                          
                                                                                                                  
i_g.gen_unvalidated_  14 (13:FALSE)    --              FALSE  ../SobelFilter.h,l:23,c:35                          
                                                                                                                  
i_g.gen_unvalidated_  14 (13:FALSE)    --              FALSE  ../SobelFilter.h,l:23,c:35                          
                                                                                                                  
i_g.gen_unvalidated_  14 (13:FALSE)    --              FALSE  ../SobelFilter.h,l:23,c:35                          
                                                                                                                  
i_g.gen_unvalidated_  14 (13:FALSE)    --              FALSE  ../SobelFilter.h,l:23,c:35                          
                                                                                                                  
                                                                                                                  
Scheduler report for : gen_do_stall_reg_full_1                                                                    
----------------------------------------------                                                                                            
                                                                                                                  
Op                    SID(BB;Clocked)  Pipeline Stage  IS     SRCLOC                                              
--                    ---------------  --------------  --     ------                                              
                                                                                                                  
i_g.gen_do_stall_reg  6 (5:FALSE)      --              FALSE  ../SobelFilter.h,l:23,c:35                          
                                                                                                                  
i_g.gen_do_stall_reg  12 (11:FALSE)    --              FALSE  ../SobelFilter.h,l:23,c:35                          
                                                                                                                  
i_g.gen_do_stall_reg  12 (11:FALSE)    --              FALSE  ../SobelFilter.h,l:23,c:35                          
                                                                                                                  
i_g.gen_do_stall_reg  12 (11:FALSE)    --              FALSE  ../SobelFilter.h,l:23,c:35                          
                                                                                                                  
i_g.gen_do_stall_reg  12 (11:FALSE)    --              FALSE  ../SobelFilter.h,l:23,c:35                          
                                                                                                                  
                                                                                                                  
Scheduler report for : gen_do_reg_vld_1                                                                           
---------------------------------------                                                                                            
                                                                                                                  
Op                    SID(BB;Clocked)  Pipeline Stage  IS     SRCLOC                                              
--                    ---------------  --------------  --     ------                                              
                                                                                                                  
i_g.gen_do_reg_vld    8 (7:FALSE)      --              FALSE  ../SobelFilter.h,l:23,c:35                          
                                                                                                                  
i_g                   10 (9:FALSE)     --              FALSE  ../SobelFilter.h,l:23,c:35                          
                                                                                                                  
i_g.gen_do_reg_vld    11 (10:TRUE)     --              FALSE  ../SobelFilter.h,l:23,c:35                          
                                                                                                                  
i_g.gen_do_reg_vld    14 (13:FALSE)    --              FALSE  ../SobelFilter.h,l:23,c:35                          
                                                                                                                  
i_g.gen_do_reg_vld    14 (13:FALSE)    --              FALSE  ../SobelFilter.h,l:23,c:35                          
                                                                                                                  
i_g.gen_do_reg_vld::  14 (13:FALSE)    --              FALSE  ../SobelFilter.h,l:23,c:35                          
                                                                                                                  
i_g.gen_do_reg_vld    14 (13:FALSE)    --              FALSE  ../SobelFilter.h,l:23,c:35                          
                                                                                                                  
                                                                                                                  
Scheduler report for : gen_unvalidated_req_2                                                                      
--------------------------------------------                                                                                            
                                                                                                                  
Op                    SID(BB;Clocked)  Pipeline Stage  IS     SRCLOC                                              
--                    ---------------  --------------  --     ------                                              
                                                                                                                  
i_b.gen_unvalidated_  8 (7:FALSE)      --              FALSE  ../SobelFilter.h,l:24,c:35                          
                                                                                                                  
i_b                   10 (9:FALSE)     --              FALSE  ../SobelFilter.h,l:24,c:35                          
                                                                                                                  
i_b.gen_unvalidated_  11 (10:TRUE)     --              FALSE  ../SobelFilter.h,l:24,c:35                          
                                                                                                                  
i_b.gen_unvalidated_  14 (13:FALSE)    --              FALSE  ../SobelFilter.h,l:24,c:35                          
                                                                                                                  
i_b.gen_unvalidated_  14 (13:FALSE)    --              FALSE  ../SobelFilter.h,l:24,c:35                          
                                                                                                                  
i_b.gen_unvalidated_  14 (13:FALSE)    --              FALSE  ../SobelFilter.h,l:24,c:35                          
                                                                                                                  
i_b.gen_unvalidated_  14 (13:FALSE)    --              FALSE  ../SobelFilter.h,l:24,c:35                          
                                                                                                                  
                                                                                                                  
Scheduler report for : gen_do_stall_reg_full_2                                                                    
----------------------------------------------                                                                                            
                                                                                                                  
Op                    SID(BB;Clocked)  Pipeline Stage  IS     SRCLOC                                              
--                    ---------------  --------------  --     ------                                              
                                                                                                                  
i_b.gen_do_stall_reg  6 (5:FALSE)      --              FALSE  ../SobelFilter.h,l:24,c:35                          
                                                                                                                  
i_b.gen_do_stall_reg  12 (11:FALSE)    --              FALSE  ../SobelFilter.h,l:24,c:35                          
                                                                                                                  
i_b.gen_do_stall_reg  12 (11:FALSE)    --              FALSE  ../SobelFilter.h,l:24,c:35                          
                                                                                                                  
i_b.gen_do_stall_reg  12 (11:FALSE)    --              FALSE  ../SobelFilter.h,l:24,c:35                          
                                                                                                                  
i_b.gen_do_stall_reg  12 (11:FALSE)    --              FALSE  ../SobelFilter.h,l:24,c:35                          
                                                                                                                  
                                                                                                                  
Scheduler report for : do_filter                                                                                  
--------------------------------                                                                                            
                                                                                                                  
Op                    SID(BB;Clocked)  Pipeline Stage  IS     SRCLOC                                              
--                    ---------------  --------------  --     ------                                              
                                                                                                                  
i_r.m_busy_req_0.res  3 (2:FALSE)      --              FALSE  @(f:../SobelFilter.h,l:22,c:35->f:/usr/cadtool/cad  
                                                                                                                  
i_r.m_stalling.reset  3 (2:FALSE)      --              FALSE  @(f:../SobelFilter.h,l:22,c:35->f:/usr/cadtool/cad  
                                                                                                                  
i_g.m_busy_req_0.res  3 (2:FALSE)      --              FALSE  @(f:../SobelFilter.h,l:23,c:35->f:/usr/cadtool/cad  
                                                                                                                  
i_g.m_stalling.reset  3 (2:FALSE)      --              FALSE  @(f:../SobelFilter.h,l:23,c:35->f:/usr/cadtool/cad  
                                                                                                                  
i_b.m_busy_req_0.res  3 (2:FALSE)      --              FALSE  @(f:../SobelFilter.h,l:24,c:35->f:/usr/cadtool/cad  
                                                                                                                  
i_b.m_stalling.reset  3 (2:FALSE)      --              FALSE  @(f:../SobelFilter.h,l:24,c:35->f:/usr/cadtool/cad  
                                                                                                                  
o_result_r.m_req.m_t  3 (2:FALSE)      --              FALSE  @(f:../SobelFilter.h,l:27,c:36->f:/usr/cadtool/cad  
                                                                                                                  
o_result_g.m_req.m_t  3 (2:FALSE)      --              FALSE  @(f:../SobelFilter.h,l:28,c:36->f:/usr/cadtool/cad  
                                                                                                                  
o_result_b.m_req.m_t  3 (2:FALSE)      --              FALSE  @(f:../SobelFilter.h,l:29,c:36->f:/usr/cadtool/cad  
                                                                                                                  
filter2               5 (4:FALSE)      --              FALSE  ../SobelFilter.cpp,l:37,c:11 -> l:74,c:2            
                                                                                                                  
v                     5 (4:FALSE)      --              FALSE  ../SobelFilter.cpp,l:49,c:13 -> l:77,c:8            
                                                                                                                  
R                     5 (4:FALSE)      --              FALSE  ../SobelFilter.cpp,l:55,c:14 -> l:76,c:3            
                                                                                                                  
G                     5 (4:FALSE)      --              FALSE  ../SobelFilter.cpp,l:55,c:17 -> l:76,c:7            
                                                                                                                  
B                     5 (4:FALSE)      --              FALSE  ../SobelFilter.cpp,l:55,c:20 -> l:76,c:11           
                                                                                                                  
B                     6 (5:FALSE)      --              FALSE  ../SobelFilter.cpp,l:55,c:20 -> l:77,c:3            
                                                                                                                  
G                     6 (5:FALSE)      --              FALSE  ../SobelFilter.cpp,l:55,c:17 -> l:77,c:3            
                                                                                                                  
R                     6 (5:FALSE)      --              FALSE  ../SobelFilter.cpp,l:55,c:14 -> l:77,c:3            
                                                                                                                  
v                     6 (5:FALSE)      --              FALSE  ../SobelFilter.cpp,l:49,c:13 -> l:77,c:35           
                                                                                                                  
filter2               6 (5:FALSE)      --              FALSE  ../SobelFilter.cpp,l:37,c:11 -> l:77,c:3            
                                                                                                                  
u                     6 (5:FALSE)      --              FALSE  ../SobelFilter.cpp,l:49,c:16 -> l:79,c:9            
                                                                                                                  
                      6 (5:FALSE)      --              FALSE  f:../SobelFilter.cpp,l:77,c:33                      
                                                                                                                  
B                     7 (6:FALSE)      --              FALSE  ../SobelFilter.cpp,l:55,c:20 -> l:105,c:6           
                                                                                                                  
G                     7 (6:FALSE)      --              FALSE  ../SobelFilter.cpp,l:55,c:17 -> l:104,c:6           
                                                                                                                  
R                     7 (6:FALSE)      --              FALSE  ../SobelFilter.cpp,l:55,c:14 -> l:103,c:6           
                                                                                                                  
u                     7 (6:FALSE)      --              FALSE  ../SobelFilter.cpp,l:49,c:16 -> l:79,c:35           
                                                                                                                  
filter2               7 (6:FALSE)      --              FALSE  ../SobelFilter.cpp,l:37,c:11 -> l:103,c:41          
                                                                                                                  
                      7 (6:FALSE)      --              FALSE  f:../SobelFilter.cpp,l:79,c:33                      
                                                                                                                  
i_r.m_busy_req_0.get  8 (7:FALSE)      --              FALSE  @(f:../SobelFilter.h,l:22,c:35->f:/usr/cadtool/cad  
                                                                                                                  
filter2               8 (7:FALSE)      --              FALSE  ../SobelFilter.cpp,l:37,c:11                        
                                                                                                                  
filter2               8 (7:FALSE)      --              FALSE  ../SobelFilter.cpp,l:37,c:11                        
                                                                                                                  
i_r                   10 (9:TRUE)      --              FALSE  ../SobelFilter.h,l:22,c:35                          
                                                                                                                  
do_filter::get        10 (9:TRUE)      --              FALSE  ../SobelFilter.cpp,l:46,c:19 mapped                 
                                                                                                                  
i_r.m_busy_req_0.get  11 (10:FALSE)    --              FALSE  @(f:../SobelFilter.h,l:22,c:35->f:/usr/cadtool/cad  
                                                                                                                  
i_r.data.get::nb_get  13 (12:FALSE)    --              FALSE  @(f:../SobelFilter.h,l:22,c:35->f:/usr/cadtool/cad  
                                                                                                                  
i_g.m_busy_req_0.get  13 (12:FALSE)    --              FALSE  @(f:../SobelFilter.h,l:23,c:35->f:/usr/cadtool/cad  
                                                                                                                  
                      13 (12:FALSE)    --              FALSE  f:../SobelFilter.cpp,l:102,c:21                     
                                                                                                                  
i_g                   15 (14:TRUE)     --              FALSE  ../SobelFilter.h,l:23,c:35                          
                                                                                                                  
do_filter::get        15 (14:TRUE)     --              FALSE  ../SobelFilter.cpp,l:46,c:19 mapped                 
                                                                                                                  
i_g.m_busy_req_0.get  16 (15:FALSE)    --              FALSE  @(f:../SobelFilter.h,l:23,c:35->f:/usr/cadtool/cad  
                                                                                                                  
i_g.data.get::nb_get  18 (17:FALSE)    --              FALSE  @(f:../SobelFilter.h,l:23,c:35->f:/usr/cadtool/cad  
                                                                                                                  
i_b.m_busy_req_0.get  18 (17:FALSE)    --              FALSE  @(f:../SobelFilter.h,l:24,c:35->f:/usr/cadtool/cad  
                                                                                                                  
                      18 (17:FALSE)    --              FALSE  f:../SobelFilter.cpp,l:102,c:31                     
                                                                                                                  
i_b                   20 (19:TRUE)     --              FALSE  ../SobelFilter.h,l:24,c:35                          
                                                                                                                  
do_filter::get        20 (19:TRUE)     --              FALSE  ../SobelFilter.cpp,l:46,c:19 mapped                 
                                                                                                                  
                      20 (19:TRUE)     --              FALSE  f:../SobelFilter.cpp,l:102,c:27                     
                                                                                                                  
i_b.m_busy_req_0.get  21 (20:FALSE)    --              FALSE  @(f:../SobelFilter.h,l:24,c:35->f:/usr/cadtool/cad  
                                                                                                                  
i_b.data.get::nb_get  23 (22:FALSE)    --              FALSE  @(f:../SobelFilter.h,l:24,c:35->f:/usr/cadtool/cad  
                                                                                                                  
                      23 (22:FALSE)    --              FALSE  f:../SobelFilter.cpp,l:102,c:41                     
                                                                                                                  
                      23 (22:FALSE)    --              FALSE  f:../SobelFilter.cpp,l:102,c:37                     
                                                                                                                  
                      24 (23:TRUE)     --              FALSE  f:../SobelFilter.cpp,l:102,c:47                     
                                                                                                                  
filter2               24 (23:TRUE)     --              FALSE  ../SobelFilter.cpp,l:37,c:11                        
                                                                                                                  
                      24 (23:TRUE)     --              FALSE  f:../SobelFilter.cpp,l:103,c:29                     
                                                                                                                  
                      26 (24:TRUE)     --              FALSE  f:../SobelFilter.cpp,l:104,c:29                     
                                                                                                                  
operator+=            26 (24:TRUE)     --              FALSE  ../SobelFilter.cpp,l:104,c:8                        
                                                                                                                  
                      26 (24:TRUE)     --              FALSE  f:../SobelFilter.cpp,l:105,c:29                     
                                                                                                                  
operator+=            26 (24:TRUE)     --              FALSE  ../SobelFilter.cpp,l:105,c:8                        
                                                                                                                  
operator+=            27 (25:FALSE)    --              FALSE  ../SobelFilter.cpp,l:103,c:8                        
                                                                                                                  
                      28 (25:TRUE)     --              FALSE  f:../SobelFilter.cpp,l:79,c:18                      
                                                                                                                  
                      28 (25:TRUE)     --              FALSE  f:../SobelFilter.cpp,l:112,c:28                     
                                                                                                                  
                      30 (27:FALSE)    --              FALSE  f:../SobelFilter.cpp,l:77,c:17                      
                                                                                                                  
o_result_r.data.put:  33 (30:FALSE)    --              FALSE  @(f:../SobelFilter.h,l:27,c:36->f:/usr/cadtool/cad  
                                                                                                                  
o_result_r            33 (30:FALSE)    --              FALSE  ../SobelFilter.h,l:27,c:36                          
                                                                                                                  
o_result_r.m_req.m_t  33 (30:FALSE)    --              FALSE  @(f:../SobelFilter.h,l:27,c:36->f:/usr/cadtool/cad  
                                                                                                                  
o_result_r            35 (32:TRUE)     --              FALSE  ../SobelFilter.h,l:27,c:36                          
                                                                                                                  
do_filter::put        35 (32:TRUE)     --              FALSE  ../SobelFilter.cpp,l:46,c:19 mapped                 
                                                                                                                  
                      36 (33:FALSE)    --              FALSE  f:../SobelFilter.cpp,l:113,c:28                     
                                                                                                                  
o_result_g.data.put:  36 (33:FALSE)    --              FALSE  @(f:../SobelFilter.h,l:28,c:36->f:/usr/cadtool/cad  
                                                                                                                  
o_result_g            36 (33:FALSE)    --              FALSE  ../SobelFilter.h,l:28,c:36                          
                                                                                                                  
o_result_g.m_req.m_t  36 (33:FALSE)    --              FALSE  @(f:../SobelFilter.h,l:28,c:36->f:/usr/cadtool/cad  
                                                                                                                  
o_result_g            38 (35:TRUE)     --              FALSE  ../SobelFilter.h,l:28,c:36                          
                                                                                                                  
do_filter::put        38 (35:TRUE)     --              FALSE  ../SobelFilter.cpp,l:46,c:19 mapped                 
                                                                                                                  
                      39 (36:FALSE)    --              FALSE  f:../SobelFilter.cpp,l:114,c:28                     
                                                                                                                  
o_result_b.data.put:  39 (36:FALSE)    --              FALSE  @(f:../SobelFilter.h,l:29,c:36->f:/usr/cadtool/cad  
                                                                                                                  
o_result_b            39 (36:FALSE)    --              FALSE  ../SobelFilter.h,l:29,c:36                          
                                                                                                                  
o_result_b.m_req.m_t  39 (36:FALSE)    --              FALSE  @(f:../SobelFilter.h,l:29,c:36->f:/usr/cadtool/cad  
                                                                                                                  
o_result_b            41 (38:TRUE)     --              FALSE  ../SobelFilter.h,l:29,c:36                          
                                                                                                                  
do_filter::put        41 (38:TRUE)     --              FALSE  ../SobelFilter.cpp,l:46,c:19 mapped                 
                                                                                                                  
                                                                                                                  
Scheduler report for : gen_stalling_0                                                                             
-------------------------------------                                                                                            
                                                                                                                  
Op                    SID(BB;Clocked)  Pipeline Stage  IS     SRCLOC                                              
--                    ---------------  --------------  --     ------                                              
                                                                                                                  
o_result_r.gen_stall  5 (4:TRUE)       --              FALSE  ../SobelFilter.h,l:27,c:36                          
                                                                                                                  
o_result_r.gen_stall  6 (5:FALSE)      --              FALSE  ../SobelFilter.h,l:27,c:36                          
                                                                                                                  
o_result_r.gen_stall  6 (5:FALSE)      --              FALSE  ../SobelFilter.h,l:27,c:36                          
                                                                                                                  
o_result_r.gen_stall  6 (5:FALSE)      --              FALSE  ../SobelFilter.h,l:27,c:36                          
                                                                                                                  
                                                                                                                  
Scheduler report for : gen_unacked_req_0                                                                          
----------------------------------------                                                                                            
                                                                                                                  
Op                    SID(BB;Clocked)  Pipeline Stage  IS     SRCLOC                                              
--                    ---------------  --------------  --     ------                                              
                                                                                                                  
o_result_r.gen_unack  6 (5:FALSE)      --              FALSE  ../SobelFilter.h,l:27,c:36                          
                                                                                                                  
o_result_r.gen_unack  12 (11:FALSE)    --              FALSE  ../SobelFilter.h,l:27,c:36                          
                                                                                                                  
o_result_r.gen_unack  12 (11:FALSE)    --              FALSE  ../SobelFilter.h,l:27,c:36                          
                                                                                                                  
                                                                                                                  
Scheduler report for : gen_stalling_1                                                                             
-------------------------------------                                                                                            
                                                                                                                  
Op                    SID(BB;Clocked)  Pipeline Stage  IS     SRCLOC                                              
--                    ---------------  --------------  --     ------                                              
                                                                                                                  
o_result_g.gen_stall  5 (4:TRUE)       --              FALSE  ../SobelFilter.h,l:28,c:36                          
                                                                                                                  
o_result_g.gen_stall  6 (5:FALSE)      --              FALSE  ../SobelFilter.h,l:28,c:36                          
                                                                                                                  
o_result_g.gen_stall  6 (5:FALSE)      --              FALSE  ../SobelFilter.h,l:28,c:36                          
                                                                                                                  
o_result_g.gen_stall  6 (5:FALSE)      --              FALSE  ../SobelFilter.h,l:28,c:36                          
                                                                                                                  
                                                                                                                  
Scheduler report for : gen_unacked_req_1                                                                          
----------------------------------------                                                                                            
                                                                                                                  
Op                    SID(BB;Clocked)  Pipeline Stage  IS     SRCLOC                                              
--                    ---------------  --------------  --     ------                                              
                                                                                                                  
o_result_g.gen_unack  6 (5:FALSE)      --              FALSE  ../SobelFilter.h,l:28,c:36                          
                                                                                                                  
o_result_g.gen_unack  12 (11:FALSE)    --              FALSE  ../SobelFilter.h,l:28,c:36                          
                                                                                                                  
o_result_g.gen_unack  12 (11:FALSE)    --              FALSE  ../SobelFilter.h,l:28,c:36                          
                                                                                                                  
                                                                                                                  
Scheduler report for : gen_stalling_2                                                                             
-------------------------------------                                                                                            
                                                                                                                  
Op                    SID(BB;Clocked)  Pipeline Stage  IS     SRCLOC                                              
--                    ---------------  --------------  --     ------                                              
                                                                                                                  
o_result_b.gen_stall  5 (4:TRUE)       --              FALSE  ../SobelFilter.h,l:29,c:36                          
                                                                                                                  
o_result_b.gen_stall  6 (5:FALSE)      --              FALSE  ../SobelFilter.h,l:29,c:36                          
                                                                                                                  
o_result_b.gen_stall  6 (5:FALSE)      --              FALSE  ../SobelFilter.h,l:29,c:36                          
                                                                                                                  
o_result_b.gen_stall  6 (5:FALSE)      --              FALSE  ../SobelFilter.h,l:29,c:36                          
                                                                                                                  
                                                                                                                  
Scheduler report for : gen_unacked_req_2                                                                          
----------------------------------------                                                                                            
                                                                                                                  
Op                    SID(BB;Clocked)  Pipeline Stage  IS     SRCLOC                                              
--                    ---------------  --------------  --     ------                                              
                                                                                                                  
o_result_b.gen_unack  6 (5:FALSE)      --              FALSE  ../SobelFilter.h,l:29,c:36                          
                                                                                                                  
o_result_b.gen_unack  12 (11:FALSE)    --              FALSE  ../SobelFilter.h,l:29,c:36                          
                                                                                                                  
o_result_b.gen_unack  12 (11:FALSE)    --              FALSE  ../SobelFilter.h,l:29,c:36                          
                                                                                                                  
                                                                                                                  
Scheduler report for : gen_do_reg_vld_2                                                                           
---------------------------------------                                                                                            
                                                                                                                  
Op                    SID(BB;Clocked)  Pipeline Stage  IS     SRCLOC                                              
--                    ---------------  --------------  --     ------                                              
                                                                                                                  
i_b.gen_do_reg_vld    8 (7:FALSE)      --              FALSE  ../SobelFilter.h,l:24,c:35                          
                                                                                                                  
i_b                   10 (9:FALSE)     --              FALSE  ../SobelFilter.h,l:24,c:35                          
                                                                                                                  
i_b.gen_do_reg_vld    11 (10:TRUE)     --              FALSE  ../SobelFilter.h,l:24,c:35                          
                                                                                                                  
i_b.gen_do_reg_vld    14 (13:FALSE)    --              FALSE  ../SobelFilter.h,l:24,c:35                          
                                                                                                                  
i_b.gen_do_reg_vld    14 (13:FALSE)    --              FALSE  ../SobelFilter.h,l:24,c:35                          
                                                                                                                  
i_b.gen_do_reg_vld::  14 (13:FALSE)    --              FALSE  ../SobelFilter.h,l:24,c:35                          
                                                                                                                  
i_b.gen_do_reg_vld    14 (13:FALSE)    --              FALSE  ../SobelFilter.h,l:24,c:35                          
                                                                                                                  
                                                                                                                  
Scheduler report for : gen_busy_0                                                                                 
---------------------------------                                                                                            
                                                                                                                  
Op                    SID(BB;Clocked)  Pipeline Stage  IS     SRCLOC                                              
--                    ---------------  --------------  --     ------                                              
                                                                                                                  
i_r.gen_busy::use_vl  7 (6:FALSE)      --              FALSE  ../SobelFilter.h,l:22,c:35                          
                                                                                                                  
i_r.gen_busy          7 (6:FALSE)      --              FALSE  ../SobelFilter.h,l:22,c:35                          
                                                                                                                  
i_r.gen_busy          7 (6:FALSE)      --              FALSE  ../SobelFilter.h,l:22,c:35                          
                                                                                                                  
i_r.gen_busy          7 (6:FALSE)      --              FALSE  ../SobelFilter.h,l:22,c:35                          
                                                                                                                  
i_r.gen_busy          7 (6:FALSE)      --              FALSE  ../SobelFilter.h,l:22,c:35                          
                                                                                                                  
i_r.gen_busy          7 (6:FALSE)      --              FALSE  ../SobelFilter.h,l:22,c:35                          
                                                                                                                  
i_r.gen_busy          7 (6:FALSE)      --              FALSE  ../SobelFilter.h,l:22,c:35                          
                                                                                                                  
i_r.gen_busy          8 (7:FALSE)      --              FALSE  ../SobelFilter.h,l:22,c:35                          
                                                                                                                  
i_r.gen_busy          8 (7:FALSE)      --              FALSE  ../SobelFilter.h,l:22,c:35                          
                                                                                                                  
i_r.gen_busy          8 (7:FALSE)      --              FALSE  ../SobelFilter.h,l:22,c:35                          
                                                                                                                  
i_r.gen_busy          8 (7:FALSE)      --              FALSE  ../SobelFilter.h,l:22,c:35                          
                                                                                                                  
                                                                                                                  
Scheduler report for : gen_busy_1                                                                                 
---------------------------------                                                                                            
                                                                                                                  
Op                    SID(BB;Clocked)  Pipeline Stage  IS     SRCLOC                                              
--                    ---------------  --------------  --     ------                                              
                                                                                                                  
i_g.gen_busy::use_vl  7 (6:FALSE)      --              FALSE  ../SobelFilter.h,l:23,c:35                          
                                                                                                                  
i_g.gen_busy          7 (6:FALSE)      --              FALSE  ../SobelFilter.h,l:23,c:35                          
                                                                                                                  
i_g.gen_busy          7 (6:FALSE)      --              FALSE  ../SobelFilter.h,l:23,c:35                          
                                                                                                                  
i_g.gen_busy          7 (6:FALSE)      --              FALSE  ../SobelFilter.h,l:23,c:35                          
                                                                                                                  
i_g.gen_busy          7 (6:FALSE)      --              FALSE  ../SobelFilter.h,l:23,c:35                          
                                                                                                                  
i_g.gen_busy          7 (6:FALSE)      --              FALSE  ../SobelFilter.h,l:23,c:35                          
                                                                                                                  
i_g.gen_busy          7 (6:FALSE)      --              FALSE  ../SobelFilter.h,l:23,c:35                          
                                                                                                                  
i_g.gen_busy          8 (7:FALSE)      --              FALSE  ../SobelFilter.h,l:23,c:35                          
                                                                                                                  
i_g.gen_busy          8 (7:FALSE)      --              FALSE  ../SobelFilter.h,l:23,c:35                          
                                                                                                                  
i_g.gen_busy          8 (7:FALSE)      --              FALSE  ../SobelFilter.h,l:23,c:35                          
                                                                                                                  
i_g.gen_busy          8 (7:FALSE)      --              FALSE  ../SobelFilter.h,l:23,c:35                          
                                                                                                                  
                                                                                                                  
Scheduler report for : gen_busy_2                                                                                 
---------------------------------                                                                                            
                                                                                                                  
Op                    SID(BB;Clocked)  Pipeline Stage  IS     SRCLOC                                              
--                    ---------------  --------------  --     ------                                              
                                                                                                                  
i_b.gen_busy::use_vl  7 (6:FALSE)      --              FALSE  ../SobelFilter.h,l:24,c:35                          
                                                                                                                  
i_b.gen_busy          7 (6:FALSE)      --              FALSE  ../SobelFilter.h,l:24,c:35                          
                                                                                                                  
i_b.gen_busy          7 (6:FALSE)      --              FALSE  ../SobelFilter.h,l:24,c:35                          
                                                                                                                  
i_b.gen_busy          7 (6:FALSE)      --              FALSE  ../SobelFilter.h,l:24,c:35                          
                                                                                                                  
i_b.gen_busy          7 (6:FALSE)      --              FALSE  ../SobelFilter.h,l:24,c:35                          
                                                                                                                  
i_b.gen_busy          7 (6:FALSE)      --              FALSE  ../SobelFilter.h,l:24,c:35                          
                                                                                                                  
i_b.gen_busy          7 (6:FALSE)      --              FALSE  ../SobelFilter.h,l:24,c:35                          
                                                                                                                  
i_b.gen_busy          8 (7:FALSE)      --              FALSE  ../SobelFilter.h,l:24,c:35                          
                                                                                                                  
i_b.gen_busy          8 (7:FALSE)      --              FALSE  ../SobelFilter.h,l:24,c:35                          
                                                                                                                  
i_b.gen_busy          8 (7:FALSE)      --              FALSE  ../SobelFilter.h,l:24,c:35                          
                                                                                                                  
i_b.gen_busy          8 (7:FALSE)      --              FALSE  ../SobelFilter.h,l:24,c:35                          
                                                                                                                  
                                                                                                                  
