make[2]: Nothing to be done for `bdw_work/wrappers/ColorTransform_wrap.h'.
/usr/cadtool/cadence/STRATUS/cur/bin/bdw_wrapgen -project project.tcl -module ImageGradient "-Ibdw_work/wrappers   -DCLOCK_PERIOD=10.0 -g  "
/usr/cadtool/cadence/STRATUS/cur/bin/bdw_tracegen -module ImageGradient  
Generating dependencies for ../SystemPipeline.cpp
Generating dependencies for ../ImageGradient.cpp 
/usr/cadtool/cadence/STRATUS/cur/bin/bdw_shell /usr/cadtool/cadence/STRATUS/cur/share/stratus/tcl/bdw_siminfo.tcl project.tcl B
make[3]: Nothing to be done for `bdw_work/wrappers/ColorTransform_wrap.h'.
make[3]: Nothing to be done for `bdw_work/wrappers/ImageGradient_wrap.h'.
/usr/cadtool/cadence/STRATUS/cur/tools.lnx86/stratus/gcc/4.8/bin/g++  -I./ -Ibdw_work/wrappers   -I.. -c -DCLOCK_PERIOD=10.0 -g    -fPIC  -I/usr/cadtool/cadence/STRATUS/cur/share/stratus/include -I/usr/cadtool/cadence/STRATUS/cur/tools.lnx86/stratus/systemc/2.3.1/include  -DBDW_HUB=1    -DBDW_USE_SCV=0   -o bdw_work/objs/ImageGradient.o  bdw_work/wrappers/ImageGradient_wrap.cpp
/usr/cadtool/cadence/STRATUS/cur/tools.lnx86/stratus/gcc/4.8/bin/g++ -o bdw_work/objs/SystemPipeline.o -I./ -Ibdw_work/wrappers   -I.. -c -DCLOCK_PERIOD=10.0 -g    -fPIC  -I/usr/cadtool/cadence/STRATUS/cur/share/stratus/include -I/usr/cadtool/cadence/STRATUS/cur/tools.lnx86/stratus/systemc/2.3.1/include  -DBDW_HUB=1    -DBDW_USE_SCV=0 ../SystemPipeline.cpp
In file included from ../Testbench.h:15:0,
                 from ../SystemPipeline.h:6,
                 from ../SystemPipeline.cpp:1:
../filter_def.h:10:0: warning: "CLOCK_PERIOD" redefined [enabled by default]
 #define CLOCK_PERIOD 10
 ^
<command-line>:0:0: note: this is the location of the previous definition
In file included from ./../ImageGradient.h:14:0,
                 from ./../ImageGradient.cpp:1,
                 from bdw_work/wrappers/ImageGradient_wrap.cpp:73:
./../filter_def.h:10:0: warning: "CLOCK_PERIOD" redefined [enabled by default]
 #define CLOCK_PERIOD 10
 ^
<command-line>:0:0: note: this is the location of the previous definition
/usr/cadtool/cadence/STRATUS/cur/tools.lnx86/stratus/gcc/4.8/bin/g++ -Wl,--export-dynamic   \
        -Wl,-rpath,/usr/cadtool/cadence/STRATUS/cur/tools.lnx86/stratus/lib/64bit \
        -Wl,-rpath,/usr/cadtool/cadence/STRATUS/cur/tools.lnx86/lib/64bit \
        -Wl,-rpath,/usr/cadtool/cadence/STRATUS/cur/tools.lnx86/stratus/systemc/2.3.1/lib-linux64 \
	-o bdw_work/sims/B/sim_B \
	bdw_work/objs/ColorTransform.o bdw_work/objs/ImageGradient.o bdw_work/objs/main.o bdw_work/objs/Testbench.o bdw_work/objs/SystemPipeline.o \
	 \
	 \
        bdw_work/libesc/libesc.a \
	 \
	-L /usr/cadtool/cadence/STRATUS/cur/tools.lnx86/lib/64bit -L /usr/cadtool/cadence/STRATUS/cur/tools.lnx86/stratus/lib/64bit  -L /usr/cadtool/cadence/STRATUS/cur/tools.lnx86/stratus/systemc/2.3.1/lib-linux64 -lscv -lsystemc  -lhubexec -lhub  -lbdw_st  
make --no-print-directory -f Makefile scsim_B
Executing simulation: bdw_work/sims/B/sim_B  


        SystemC 2.3.1-Accellera --- Feb 14 2019 12:08:38
        Copyright (c) 1996-2014 by all Contributors,
        ALL RIGHTS RESERVED
NOTE: Cadence Design Systems Hub Simulation Platform : version 19.12-s100

Info: /OSCI/SystemC: Simulation stopped by user.
stop
Simulated time == 47185990 ns
BDW_SIM_CONFIG_DIR=bdw_work/sims/B make saySimPassed 2>&1 | tee -a bdw_work/sims/B/bdw_sim.log
